======================================
Collecting accelerate==1.8.1
  Downloading accelerate-1.8.1-py3-none-any.whl.metadata (19 kB)
Collecting numpy<3.0.0,>=1.17 (from accelerate==1.8.1)
  Downloading numpy-2.2.6-cp310-cp310-manylinux_2_17_x86_64.manylinux2014_x86_64.whl.metadata (62 kB)
Collecting packaging>=20.0 (from accelerate==1.8.1)
  Downloading packaging-25.0-py3-none-any.whl.metadata (3.3 kB)
Collecting psutil (from accelerate==1.8.1)
  Downloading psutil-7.1.1-cp36-abi3-manylinux_2_12_x86_64.manylinux2010_x86_64.manylinux_2_17_x86_64.manylinux2014_x86_64.whl.metadata (23 kB)
Collecting pyyaml (from accelerate==1.8.1)
  Downloading pyyaml-6.0.3-cp310-cp310-manylinux2014_x86_64.manylinux_2_17_x86_64.manylinux_2_28_x86_64.whl.metadata (2.4 kB)
Collecting torch>=2.0.0 (from accelerate==1.8.1)
  Downloading torch-2.9.0-cp310-cp310-manylinux_2_28_x86_64.whl.metadata (30 kB)
Collecting huggingface_hub>=0.21.0 (from accelerate==1.8.1)
  Downloading huggingface_hub-0.35.3-py3-none-any.whl.metadata (14 kB)
Collecting safetensors>=0.4.3 (from accelerate==1.8.1)
  Downloading safetensors-0.6.2-cp38-abi3-manylinux_2_17_x86_64.manylinux2014_x86_64.whl.metadata (4.1 kB)
Collecting filelock (from huggingface_hub>=0.21.0->accelerate==1.8.1)
  Downloading filelock-3.20.0-py3-none-any.whl.metadata (2.1 kB)
Collecting fsspec>=2023.5.0 (from huggingface_hub>=0.21.0->accelerate==1.8.1)
  Downloading fsspec-2025.9.0-py3-none-any.whl.metadata (10 kB)
Collecting requests (from huggingface_hub>=0.21.0->accelerate==1.8.1)
  Downloading requests-2.32.5-py3-none-any.whl.metadata (4.9 kB)
Collecting tqdm>=4.42.1 (from huggingface_hub>=0.21.0->accelerate==1.8.1)
  Downloading tqdm-4.67.1-py3-none-any.whl.metadata (57 kB)
Collecting typing-extensions>=3.7.4.3 (from huggingface_hub>=0.21.0->accelerate==1.8.1)
  Downloading typing_extensions-4.15.0-py3-none-any.whl.metadata (3.3 kB)
Collecting hf-xet<2.0.0,>=1.1.3 (from huggingface_hub>=0.21.0->accelerate==1.8.1)
  Downloading hf_xet-1.1.10-cp37-abi3-manylinux_2_17_x86_64.manylinux2014_x86_64.whl.metadata (4.7 kB)
Collecting sympy>=1.13.3 (from torch>=2.0.0->accelerate==1.8.1)
  Downloading sympy-1.14.0-py3-none-any.whl.metadata (12 kB)
Collecting networkx>=2.5.1 (from torch>=2.0.0->accelerate==1.8.1)
  Downloading networkx-3.4.2-py3-none-any.whl.metadata (6.3 kB)
Collecting jinja2 (from torch>=2.0.0->accelerate==1.8.1)
  Downloading jinja2-3.1.6-py3-none-any.whl.metadata (2.9 kB)
Collecting nvidia-cuda-nvrtc-cu12==12.8.93 (from torch>=2.0.0->accelerate==1.8.1)
  Downloading nvidia_cuda_nvrtc_cu12-12.8.93-py3-none-manylinux2010_x86_64.manylinux_2_12_x86_64.whl.metadata (1.7 kB)
Collecting nvidia-cuda-runtime-cu12==12.8.90 (from torch>=2.0.0->accelerate==1.8.1)
  Downloading nvidia_cuda_runtime_cu12-12.8.90-py3-none-manylinux2014_x86_64.manylinux_2_17_x86_64.whl.metadata (1.7 kB)
Collecting nvidia-cuda-cupti-cu12==12.8.90 (from torch>=2.0.0->accelerate==1.8.1)
  Downloading nvidia_cuda_cupti_cu12-12.8.90-py3-none-manylinux2014_x86_64.manylinux_2_17_x86_64.whl.metadata (1.7 kB)
Collecting nvidia-cudnn-cu12==9.10.2.21 (from torch>=2.0.0->accelerate==1.8.1)
  Downloading nvidia_cudnn_cu12-9.10.2.21-py3-none-manylinux_2_27_x86_64.whl.metadata (1.8 kB)
Collecting nvidia-cublas-cu12==12.8.4.1 (from torch>=2.0.0->accelerate==1.8.1)
  Downloading nvidia_cublas_cu12-12.8.4.1-py3-none-manylinux_2_27_x86_64.whl.metadata (1.7 kB)
Collecting nvidia-cufft-cu12==11.3.3.83 (from torch>=2.0.0->accelerate==1.8.1)
  Downloading nvidia_cufft_cu12-11.3.3.83-py3-none-manylinux2014_x86_64.manylinux_2_17_x86_64.whl.metadata (1.7 kB)
Collecting nvidia-curand-cu12==10.3.9.90 (from torch>=2.0.0->accelerate==1.8.1)
  Downloading nvidia_curand_cu12-10.3.9.90-py3-none-manylinux_2_27_x86_64.whl.metadata (1.7 kB)
Collecting nvidia-cusolver-cu12==11.7.3.90 (from torch>=2.0.0->accelerate==1.8.1)
  Downloading nvidia_cusolver_cu12-11.7.3.90-py3-none-manylinux_2_27_x86_64.whl.metadata (1.8 kB)
Collecting nvidia-cusparse-cu12==12.5.8.93 (from torch>=2.0.0->accelerate==1.8.1)
  Downloading nvidia_cusparse_cu12-12.5.8.93-py3-none-manylinux2014_x86_64.manylinux_2_17_x86_64.whl.metadata (1.8 kB)
Collecting nvidia-cusparselt-cu12==0.7.1 (from torch>=2.0.0->accelerate==1.8.1)
  Downloading nvidia_cusparselt_cu12-0.7.1-py3-none-manylinux2014_x86_64.whl.metadata (7.0 kB)
Collecting nvidia-nccl-cu12==2.27.5 (from torch>=2.0.0->accelerate==1.8.1)
  Downloading nvidia_nccl_cu12-2.27.5-py3-none-manylinux2014_x86_64.manylinux_2_17_x86_64.whl.metadata (2.0 kB)
Collecting nvidia-nvshmem-cu12==3.3.20 (from torch>=2.0.0->accelerate==1.8.1)
  Downloading nvidia_nvshmem_cu12-3.3.20-py3-none-manylinux2014_x86_64.manylinux_2_17_x86_64.whl.metadata (2.1 kB)
Collecting nvidia-nvtx-cu12==12.8.90 (from torch>=2.0.0->accelerate==1.8.1)
  Downloading nvidia_nvtx_cu12-12.8.90-py3-none-manylinux2014_x86_64.manylinux_2_17_x86_64.whl.metadata (1.8 kB)
Collecting nvidia-nvjitlink-cu12==12.8.93 (from torch>=2.0.0->accelerate==1.8.1)
  Downloading nvidia_nvjitlink_cu12-12.8.93-py3-none-manylinux2010_x86_64.manylinux_2_12_x86_64.whl.metadata (1.7 kB)
Collecting nvidia-cufile-cu12==1.13.1.3 (from torch>=2.0.0->accelerate==1.8.1)
  Downloading nvidia_cufile_cu12-1.13.1.3-py3-none-manylinux2014_x86_64.manylinux_2_17_x86_64.whl.metadata (1.7 kB)
Collecting triton==3.5.0 (from torch>=2.0.0->accelerate==1.8.1)
  Downloading triton-3.5.0-cp310-cp310-manylinux_2_27_x86_64.manylinux_2_28_x86_64.whl.metadata (1.7 kB)
Collecting mpmath<1.4,>=1.1.0 (from sympy>=1.13.3->torch>=2.0.0->accelerate==1.8.1)
  Downloading mpmath-1.3.0-py3-none-any.whl.metadata (8.6 kB)
Collecting MarkupSafe>=2.0 (from jinja2->torch>=2.0.0->accelerate==1.8.1)
  Downloading markupsafe-3.0.3-cp310-cp310-manylinux2014_x86_64.manylinux_2_17_x86_64.manylinux_2_28_x86_64.whl.metadata (2.7 kB)
Collecting charset_normalizer<4,>=2 (from requests->huggingface_hub>=0.21.0->accelerate==1.8.1)
  Downloading charset_normalizer-3.4.4-cp310-cp310-manylinux2014_x86_64.manylinux_2_17_x86_64.manylinux_2_28_x86_64.whl.metadata (37 kB)
Collecting idna<4,>=2.5 (from requests->huggingface_hub>=0.21.0->accelerate==1.8.1)
  Downloading idna-3.11-py3-none-any.whl.metadata (8.4 kB)
Collecting urllib3<3,>=1.21.1 (from requests->huggingface_hub>=0.21.0->accelerate==1.8.1)
  Downloading urllib3-2.5.0-py3-none-any.whl.metadata (6.5 kB)
Collecting certifi>=2017.4.17 (from requests->huggingface_hub>=0.21.0->accelerate==1.8.1)
  Downloading certifi-2025.10.5-py3-none-any.whl.metadata (2.5 kB)
Downloading accelerate-1.8.1-py3-none-any.whl (365 kB)
Downloading numpy-2.2.6-cp310-cp310-manylinux_2_17_x86_64.manylinux2014_x86_64.whl (16.8 MB)
   ━━━━━━━━━━━━━━━━━━━━━━━━━━━━━━━━━━━━━━━━ 16.8/16.8 MB 1.9 MB/s  0:00:08
Downloading huggingface_hub-0.35.3-py3-none-any.whl (564 kB)
   ━━━━━━━━━━━━━━━━━━━━━━━━━━━━━━━━━━━━━━━━ 564.3/564.3 kB 2.0 MB/s  0:00:00
Downloading hf_xet-1.1.10-cp37-abi3-manylinux_2_17_x86_64.manylinux2014_x86_64.whl (3.2 MB)
   ━━━━━━━━━━━━━━━━━━━━━━━━━━━━━━━━━━━━━━━━ 3.2/3.2 MB 2.0 MB/s  0:00:01
Downloading fsspec-2025.9.0-py3-none-any.whl (199 kB)
Downloading packaging-25.0-py3-none-any.whl (66 kB)
Downloading pyyaml-6.0.3-cp310-cp310-manylinux2014_x86_64.manylinux_2_17_x86_64.manylinux_2_28_x86_64.whl (770 kB)
   ━━━━━━━━━━━━━━━━━━━━━━━━━━━━━━━━━━━━━━━━ 770.3/770.3 kB 2.0 MB/s  0:00:00
Downloading safetensors-0.6.2-cp38-abi3-manylinux_2_17_x86_64.manylinux2014_x86_64.whl (485 kB)
Downloading torch-2.9.0-cp310-cp310-manylinux_2_28_x86_64.whl (899.8 MB)
   ━━━━━━━━━━━━━━━━━━━━━━━━━━━━━━━━━━━━━━━━ 899.8/899.8 MB 1.7 MB/s  0:08:06
Downloading nvidia_cublas_cu12-12.8.4.1-py3-none-manylinux_2_27_x86_64.whl (594.3 MB)
   ━━━━━━━━━━━━━━━━━━━━━━━━━━━━━━━━━━━━━━━━ 594.3/594.3 MB 1.9 MB/s  0:05:10
Downloading nvidia_cuda_cupti_cu12-12.8.90-py3-none-manylinux2014_x86_64.manylinux_2_17_x86_64.whl (10.2 MB)
   ━━━━━━━━━━━━━━━━━━━━━━━━━━━━━━━━━━━━━━━━ 10.2/10.2 MB 2.0 MB/s  0:00:05
Downloading nvidia_cuda_nvrtc_cu12-12.8.93-py3-none-manylinux2010_x86_64.manylinux_2_12_x86_64.whl (88.0 MB)
   ━━━━━━━━━━━━━━━━━━━━━━━━━━━━━━━━━━━━━━━━ 88.0/88.0 MB 2.0 MB/s  0:00:44
Downloading nvidia_cuda_runtime_cu12-12.8.90-py3-none-manylinux2014_x86_64.manylinux_2_17_x86_64.whl (954 kB)
   ━━━━━━━━━━━━━━━━━━━━━━━━━━━━━━━━━━━━━━━━ 954.8/954.8 kB 2.0 MB/s  0:00:00
Downloading nvidia_cudnn_cu12-9.10.2.21-py3-none-manylinux_2_27_x86_64.whl (706.8 MB)
   ━━━━━━━━━━━━━━━━━━━━━━━━━━━━━━━━━━━━━━━━ 706.8/706.8 MB 1.9 MB/s  0:05:55
Downloading nvidia_cufft_cu12-11.3.3.83-py3-none-manylinux2014_x86_64.manylinux_2_17_x86_64.whl (193.1 MB)
   ━━━━━━━━━━━━━━━━━━━━━━━━━━━━━━━━━━━━━━━━ 193.1/193.1 MB 2.0 MB/s  0:01:37
Downloading nvidia_cufile_cu12-1.13.1.3-py3-none-manylinux2014_x86_64.manylinux_2_17_x86_64.whl (1.2 MB)
   ━━━━━━━━━━━━━━━━━━━━━━━━━━━━━━━━━━━━━━━━ 1.2/1.2 MB 2.0 MB/s  0:00:00
Downloading nvidia_curand_cu12-10.3.9.90-py3-none-manylinux_2_27_x86_64.whl (63.6 MB)
   ━━━━━━━━━━━━━━━━━━━━━━━━━━━━━━━━━━━━━━━━ 63.6/63.6 MB 2.0 MB/s  0:00:31
Downloading nvidia_cusolver_cu12-11.7.3.90-py3-none-manylinux_2_27_x86_64.whl (267.5 MB)
   ━━━━━━━━━━━━━━━━━━━━━━━━━━━━━━━━━━━━━━━━ 267.5/267.5 MB 2.0 MB/s  0:02:14
Downloading nvidia_cusparse_cu12-12.5.8.93-py3-none-manylinux2014_x86_64.manylinux_2_17_x86_64.whl (288.2 MB)
   ━━━━━━━━━━━━━━━━━━━━━━━━━━━━━━━━━━━━━━━━ 288.2/288.2 MB 2.0 MB/s  0:02:24
Downloading nvidia_cusparselt_cu12-0.7.1-py3-none-manylinux2014_x86_64.whl (287.2 MB)
   ━━━━━━━━━━━━━━━━━━━━━━━━━━━━━━━━━━━━━━━━ 287.2/287.2 MB 2.0 MB/s  0:02:24
Downloading nvidia_nccl_cu12-2.27.5-py3-none-manylinux2014_x86_64.manylinux_2_17_x86_64.whl (322.3 MB)
   ━━━━━━━━━━━━━━━━━━━━━━━━━━━━━━━━━━━━━━━━ 322.3/322.3 MB 2.0 MB/s  0:02:41
Downloading nvidia_nvjitlink_cu12-12.8.93-py3-none-manylinux2010_x86_64.manylinux_2_12_x86_64.whl (39.3 MB)
   ━━━━━━━━━━━━━━━━━━━━━━━━━━━━━━━━━━━━━━━━ 39.3/39.3 MB 2.0 MB/s  0:00:19
Downloading nvidia_nvshmem_cu12-3.3.20-py3-none-manylinux2014_x86_64.manylinux_2_17_x86_64.whl (124.7 MB)
   ━━━━━━━━━━━━━━━━━━━━━━━━━━━━━━━━━━━━━━━━ 124.7/124.7 MB 2.0 MB/s  0:01:02
Downloading nvidia_nvtx_cu12-12.8.90-py3-none-manylinux2014_x86_64.manylinux_2_17_x86_64.whl (89 kB)
Downloading triton-3.5.0-cp310-cp310-manylinux_2_27_x86_64.manylinux_2_28_x86_64.whl (170.3 MB)
   ━━━━━━━━━━━━━━━━━━━━━━━━━━━━━━━━━━━━━━━━ 170.3/170.3 MB 2.0 MB/s  0:01:25
Downloading networkx-3.4.2-py3-none-any.whl (1.7 MB)
   ━━━━━━━━━━━━━━━━━━━━━━━━━━━━━━━━━━━━━━━━ 1.7/1.7 MB 2.0 MB/s  0:00:00
Downloading sympy-1.14.0-py3-none-any.whl (6.3 MB)
   ━━━━━━━━━━━━━━━━━━━━━━━━━━━━━━━━━━━━━━━━ 6.3/6.3 MB 2.0 MB/s  0:00:03
Downloading mpmath-1.3.0-py3-none-any.whl (536 kB)
   ━━━━━━━━━━━━━━━━━━━━━━━━━━━━━━━━━━━━━━━━ 536.2/536.2 kB 2.0 MB/s  0:00:00
Downloading tqdm-4.67.1-py3-none-any.whl (78 kB)
Downloading typing_extensions-4.15.0-py3-none-any.whl (44 kB)
Downloading filelock-3.20.0-py3-none-any.whl (16 kB)
Downloading jinja2-3.1.6-py3-none-any.whl (134 kB)
Downloading markupsafe-3.0.3-cp310-cp310-manylinux2014_x86_64.manylinux_2_17_x86_64.manylinux_2_28_x86_64.whl (20 kB)
Downloading psutil-7.1.1-cp36-abi3-manylinux_2_12_x86_64.manylinux2010_x86_64.manylinux_2_17_x86_64.manylinux2014_x86_64.whl (290 kB)
Downloading requests-2.32.5-py3-none-any.whl (64 kB)
Downloading charset_normalizer-3.4.4-cp310-cp310-manylinux2014_x86_64.manylinux_2_17_x86_64.manylinux_2_28_x86_64.whl (153 kB)
Downloading idna-3.11-py3-none-any.whl (71 kB)
Downloading urllib3-2.5.0-py3-none-any.whl (129 kB)
Downloading certifi-2025.10.5-py3-none-any.whl (163 kB)
Installing collected packages: nvidia-cusparselt-cu12, mpmath, urllib3, typing-extensions, triton, tqdm, sympy, safetensors, pyyaml, psutil, packaging, nvidia-nvtx-cu12, nvidia-nvshmem-cu12, nvidia-nvjitlink-cu12, nvidia-nccl-cu12, nvidia-curand-cu12, nvidia-cufile-cu12, nvidia-cuda-runtime-cu12, nvidia-cuda-nvrtc-cu12, nvidia-cuda-cupti-cu12, nvidia-cublas-cu12, numpy, networkx, MarkupSafe, idna, hf-xet, fsspec, filelock, charset_normalizer, certifi, requests, nvidia-cusparse-cu12, nvidia-cufft-cu12, nvidia-cudnn-cu12, jinja2, nvidia-cusolver-cu12, huggingface_hub, torch, accelerate

Successfully installed MarkupSafe-3.0.3 accelerate-1.8.1 certifi-2025.10.5 charset_normalizer-3.4.4 filelock-3.20.0 fsspec-2025.9.0 hf-xet-1.1.10 huggingface_hub-0.35.3 idna-3.11 jinja2-3.1.6 mpmath-1.3.0 networkx-3.4.2 numpy-2.2.6 nvidia-cublas-cu12-12.8.4.1 nvidia-cuda-cupti-cu12-12.8.90 nvidia-cuda-nvrtc-cu12-12.8.93 nvidia-cuda-runtime-cu12-12.8.90 nvidia-cudnn-cu12-9.10.2.21 nvidia-cufft-cu12-11.3.3.83 nvidia-cufile-cu12-1.13.1.3 nvidia-curand-cu12-10.3.9.90 nvidia-cusolver-cu12-11.7.3.90 nvidia-cusparse-cu12-12.5.8.93 nvidia-cusparselt-cu12-0.7.1 nvidia-nccl-cu12-2.27.5 nvidia-nvjitlink-cu12-12.8.93 nvidia-nvshmem-cu12-3.3.20 nvidia-nvtx-cu12-12.8.90 packaging-25.0 psutil-7.1.1 pyyaml-6.0.3 requests-2.32.5 safetensors-0.6.2 sympy-1.14.0 torch-2.9.0 tqdm-4.67.1 triton-3.5.0 typing-extensions-4.15.0 urllib3-2.5.0
[OK] accelerate==1.8.1
Collecting addict==2.4.0
  Using cached addict-2.4.0-py3-none-any.whl.metadata (1.0 kB)
Using cached addict-2.4.0-py3-none-any.whl (3.8 kB)
Installing collected packages: addict
Successfully installed addict-2.4.0
[OK] addict==2.4.0
Collecting aiohappyeyeballs==2.6.1
  Downloading aiohappyeyeballs-2.6.1-py3-none-any.whl.metadata (5.9 kB)
Downloading aiohappyeyeballs-2.6.1-py3-none-any.whl (15 kB)
Installing collected packages: aiohappyeyeballs
Successfully installed aiohappyeyeballs-2.6.1
[OK] aiohappyeyeballs==2.6.1
Collecting aiohttp==3.12.13
  Downloading aiohttp-3.12.13-cp310-cp310-manylinux_2_17_x86_64.manylinux2014_x86_64.whl.metadata (7.6 kB)
Requirement already satisfied: aiohappyeyeballs>=2.5.0 in /data1/pinci/anaconda3/envs/mllms_fine/lib/python3.10/site-packages (from aiohttp==3.12.13) (2.6.1)
Collecting aiosignal>=1.1.2 (from aiohttp==3.12.13)
  Downloading aiosignal-1.4.0-py3-none-any.whl.metadata (3.7 kB)
Collecting async-timeout<6.0,>=4.0 (from aiohttp==3.12.13)
  Downloading async_timeout-5.0.1-py3-none-any.whl.metadata (5.1 kB)
Collecting attrs>=17.3.0 (from aiohttp==3.12.13)
  Downloading attrs-25.4.0-py3-none-any.whl.metadata (10 kB)
Collecting frozenlist>=1.1.1 (from aiohttp==3.12.13)
  Downloading frozenlist-1.8.0-cp310-cp310-manylinux1_x86_64.manylinux_2_28_x86_64.manylinux_2_5_x86_64.whl.metadata (20 kB)
Collecting multidict<7.0,>=4.5 (from aiohttp==3.12.13)
  Downloading multidict-6.7.0-cp310-cp310-manylinux2014_x86_64.manylinux_2_17_x86_64.manylinux_2_28_x86_64.whl.metadata (5.3 kB)
Collecting propcache>=0.2.0 (from aiohttp==3.12.13)
  Downloading propcache-0.4.1-cp310-cp310-manylinux2014_x86_64.manylinux_2_17_x86_64.manylinux_2_28_x86_64.whl.metadata (13 kB)
Collecting yarl<2.0,>=1.17.0 (from aiohttp==3.12.13)
  Downloading yarl-1.22.0-cp310-cp310-manylinux2014_x86_64.manylinux_2_17_x86_64.manylinux_2_28_x86_64.whl.metadata (75 kB)
Requirement already satisfied: typing-extensions>=4.1.0 in /data1/pinci/anaconda3/envs/mllms_fine/lib/python3.10/site-packages (from multidict<7.0,>=4.5->aiohttp==3.12.13) (4.15.0)
Requirement already satisfied: idna>=2.0 in /data1/pinci/anaconda3/envs/mllms_fine/lib/python3.10/site-packages (from yarl<2.0,>=1.17.0->aiohttp==3.12.13) (3.11)
Downloading aiohttp-3.12.13-cp310-cp310-manylinux_2_17_x86_64.manylinux2014_x86_64.whl (1.6 MB)
   ━━━━━━━━━━━━━━━━━━━━━━━━━━━━━━━━━━━━━━━━ 1.6/1.6 MB 1.8 MB/s  0:00:01
Downloading async_timeout-5.0.1-py3-none-any.whl (6.2 kB)
Downloading multidict-6.7.0-cp310-cp310-manylinux2014_x86_64.manylinux_2_17_x86_64.manylinux_2_28_x86_64.whl (241 kB)
Downloading yarl-1.22.0-cp310-cp310-manylinux2014_x86_64.manylinux_2_17_x86_64.manylinux_2_28_x86_64.whl (346 kB)
Downloading aiosignal-1.4.0-py3-none-any.whl (7.5 kB)
Downloading attrs-25.4.0-py3-none-any.whl (67 kB)
Downloading frozenlist-1.8.0-cp310-cp310-manylinux1_x86_64.manylinux_2_28_x86_64.manylinux_2_5_x86_64.whl (219 kB)
Downloading propcache-0.4.1-cp310-cp310-manylinux2014_x86_64.manylinux_2_17_x86_64.manylinux_2_28_x86_64.whl (196 kB)
Installing collected packages: propcache, multidict, frozenlist, attrs, async-timeout, yarl, aiosignal, aiohttp

Successfully installed aiohttp-3.12.13 aiosignal-1.4.0 async-timeout-5.0.1 attrs-25.4.0 frozenlist-1.8.0 multidict-6.7.0 propcache-0.4.1 yarl-1.22.0
[OK] aiohttp==3.12.13
Collecting aiosignal==1.3.2
  Downloading aiosignal-1.3.2-py2.py3-none-any.whl.metadata (3.8 kB)
Requirement already satisfied: frozenlist>=1.1.0 in /data1/pinci/anaconda3/envs/mllms_fine/lib/python3.10/site-packages (from aiosignal==1.3.2) (1.8.0)
Downloading aiosignal-1.3.2-py2.py3-none-any.whl (7.6 kB)
Installing collected packages: aiosignal
  Attempting uninstall: aiosignal
    Found existing installation: aiosignal 1.4.0
    Uninstalling aiosignal-1.4.0:
      Successfully uninstalled aiosignal-1.4.0
Successfully installed aiosignal-1.3.2
[OK] aiosignal==1.3.2
Collecting annotated-types==0.7.0
  Downloading annotated_types-0.7.0-py3-none-any.whl.metadata (15 kB)
Downloading annotated_types-0.7.0-py3-none-any.whl (13 kB)
Installing collected packages: annotated-types
Successfully installed annotated-types-0.7.0
[OK] annotated-types==0.7.0
Collecting anyio==4.9.0
  Downloading anyio-4.9.0-py3-none-any.whl.metadata (4.7 kB)
Collecting exceptiongroup>=1.0.2 (from anyio==4.9.0)
  Downloading exceptiongroup-1.3.0-py3-none-any.whl.metadata (6.7 kB)
Requirement already satisfied: idna>=2.8 in /data1/pinci/anaconda3/envs/mllms_fine/lib/python3.10/site-packages (from anyio==4.9.0) (3.11)
Collecting sniffio>=1.1 (from anyio==4.9.0)
  Downloading sniffio-1.3.1-py3-none-any.whl.metadata (3.9 kB)
Requirement already satisfied: typing_extensions>=4.5 in /data1/pinci/anaconda3/envs/mllms_fine/lib/python3.10/site-packages (from anyio==4.9.0) (4.15.0)
Downloading anyio-4.9.0-py3-none-any.whl (100 kB)
Downloading exceptiongroup-1.3.0-py3-none-any.whl (16 kB)
Downloading sniffio-1.3.1-py3-none-any.whl (10 kB)
Installing collected packages: sniffio, exceptiongroup, anyio

Successfully installed anyio-4.9.0 exceptiongroup-1.3.0 sniffio-1.3.1
[OK] anyio==4.9.0
Requirement already satisfied: async-timeout==5.0.1 in /data1/pinci/anaconda3/envs/mllms_fine/lib/python3.10/site-packages (5.0.1)
[OK] async-timeout==5.0.1
Collecting attrs==25.3.0
  Downloading attrs-25.3.0-py3-none-any.whl.metadata (10 kB)
Downloading attrs-25.3.0-py3-none-any.whl (63 kB)
Installing collected packages: attrs
  Attempting uninstall: attrs
    Found existing installation: attrs 25.4.0
    Uninstalling attrs-25.4.0:
      Successfully uninstalled attrs-25.4.0
Successfully installed attrs-25.3.0
[OK] attrs==25.3.0
Collecting av==14.4.0
  Downloading av-14.4.0-cp310-cp310-manylinux_2_17_x86_64.manylinux2014_x86_64.whl.metadata (4.6 kB)
Downloading av-14.4.0-cp310-cp310-manylinux_2_17_x86_64.manylinux2014_x86_64.whl (34.8 MB)
   ━━━━━━━━━━━━━━━━━━━━━━━━━━━━━━━━━━━━━━━━ 34.8/34.8 MB 2.0 MB/s  0:00:17
Installing collected packages: av
Successfully installed av-14.4.0
[OK] av==14.4.0
Collecting bitsandbytes==0.41.0
  Downloading bitsandbytes-0.41.0-py3-none-any.whl.metadata (9.8 kB)
Downloading bitsandbytes-0.41.0-py3-none-any.whl (92.6 MB)
   ━━━━━━━━━━━━━━━━━━━━━━━━━━━━━━━━━━━━━━━━ 92.6/92.6 MB 38.9 kB/s  0:38:43
Installing collected packages: bitsandbytes
Successfully installed bitsandbytes-0.41.0
[OK] bitsandbytes==0.41.0
Collecting blis==0.7.11
  Downloading blis-0.7.11-cp310-cp310-manylinux_2_17_x86_64.manylinux2014_x86_64.whl.metadata (7.4 kB)
Requirement already satisfied: numpy>=1.19.0 in /data1/pinci/anaconda3/envs/mllms_fine/lib/python3.10/site-packages (from blis==0.7.11) (2.2.6)
Downloading blis-0.7.11-cp310-cp310-manylinux_2_17_x86_64.manylinux2014_x86_64.whl (10.2 MB)
   ━━━━━━━━━━━━━━━━━━━━━━━━━━━━━━━━━━━━━━━━ 10.2/10.2 MB 2.0 MB/s  0:00:05
Installing collected packages: blis
Successfully installed blis-0.7.11
[OK] blis==0.7.11
Collecting catalogue==2.0.10
  Downloading catalogue-2.0.10-py3-none-any.whl.metadata (14 kB)
Downloading catalogue-2.0.10-py3-none-any.whl (17 kB)
Installing collected packages: catalogue
Successfully installed catalogue-2.0.10
[OK] catalogue==2.0.10
Collecting certifi==2025.6.15
  Downloading certifi-2025.6.15-py3-none-any.whl.metadata (2.4 kB)
Downloading certifi-2025.6.15-py3-none-any.whl (157 kB)
Installing collected packages: certifi
  Attempting uninstall: certifi
    Found existing installation: certifi 2025.10.5
    Uninstalling certifi-2025.10.5:
      Successfully uninstalled certifi-2025.10.5
Successfully installed certifi-2025.6.15
[OK] certifi==2025.6.15
Collecting charset-normalizer==3.4.2
  Downloading charset_normalizer-3.4.2-cp310-cp310-manylinux_2_17_x86_64.manylinux2014_x86_64.whl.metadata (35 kB)
Downloading charset_normalizer-3.4.2-cp310-cp310-manylinux_2_17_x86_64.manylinux2014_x86_64.whl (149 kB)
Installing collected packages: charset-normalizer
  Attempting uninstall: charset-normalizer
    Found existing installation: charset-normalizer 3.4.4
    Uninstalling charset-normalizer-3.4.4:
      Successfully uninstalled charset-normalizer-3.4.4
Successfully installed charset-normalizer-3.4.2
[OK] charset-normalizer==3.4.2
Collecting click==8.2.1
  Downloading click-8.2.1-py3-none-any.whl.metadata (2.5 kB)
Downloading click-8.2.1-py3-none-any.whl (102 kB)
Installing collected packages: click
Successfully installed click-8.2.1
[OK] click==8.2.1
Collecting cloudpathlib==0.21.1
  Downloading cloudpathlib-0.21.1-py3-none-any.whl.metadata (14 kB)
Requirement already satisfied: typing-extensions>4 in /data1/pinci/anaconda3/envs/mllms_fine/lib/python3.10/site-packages (from cloudpathlib==0.21.1) (4.15.0)
Downloading cloudpathlib-0.21.1-py3-none-any.whl (52 kB)
Installing collected packages: cloudpathlib
Successfully installed cloudpathlib-0.21.1
[OK] cloudpathlib==0.21.1
Collecting confection==0.1.5
  Downloading confection-0.1.5-py3-none-any.whl.metadata (19 kB)
Collecting pydantic!=1.8,!=1.8.1,<3.0.0,>=1.7.4 (from confection==0.1.5)
  Downloading pydantic-2.12.3-py3-none-any.whl.metadata (87 kB)
Collecting srsly<3.0.0,>=2.4.0 (from confection==0.1.5)
  Downloading srsly-2.5.1-cp310-cp310-manylinux_2_17_x86_64.manylinux2014_x86_64.whl.metadata (19 kB)
Requirement already satisfied: annotated-types>=0.6.0 in /data1/pinci/anaconda3/envs/mllms_fine/lib/python3.10/site-packages (from pydantic!=1.8,!=1.8.1,<3.0.0,>=1.7.4->confection==0.1.5) (0.7.0)
Collecting pydantic-core==2.41.4 (from pydantic!=1.8,!=1.8.1,<3.0.0,>=1.7.4->confection==0.1.5)
  Downloading pydantic_core-2.41.4-cp310-cp310-manylinux_2_17_x86_64.manylinux2014_x86_64.whl.metadata (7.3 kB)
Requirement already satisfied: typing-extensions>=4.14.1 in /data1/pinci/anaconda3/envs/mllms_fine/lib/python3.10/site-packages (from pydantic!=1.8,!=1.8.1,<3.0.0,>=1.7.4->confection==0.1.5) (4.15.0)
Collecting typing-inspection>=0.4.2 (from pydantic!=1.8,!=1.8.1,<3.0.0,>=1.7.4->confection==0.1.5)
  Downloading typing_inspection-0.4.2-py3-none-any.whl.metadata (2.6 kB)
Requirement already satisfied: catalogue<2.1.0,>=2.0.3 in /data1/pinci/anaconda3/envs/mllms_fine/lib/python3.10/site-packages (from srsly<3.0.0,>=2.4.0->confection==0.1.5) (2.0.10)
Downloading confection-0.1.5-py3-none-any.whl (35 kB)
Downloading pydantic-2.12.3-py3-none-any.whl (462 kB)
Downloading pydantic_core-2.41.4-cp310-cp310-manylinux_2_17_x86_64.manylinux2014_x86_64.whl (2.1 MB)
   ━━━━━━━━━━━━━━━━━━━━━━━━━━━━━━━━━━━━━━━━ 2.1/2.1 MB 2.0 MB/s  0:00:01
Downloading srsly-2.5.1-cp310-cp310-manylinux_2_17_x86_64.manylinux2014_x86_64.whl (1.1 MB)
   ━━━━━━━━━━━━━━━━━━━━━━━━━━━━━━━━━━━━━━━━ 1.1/1.1 MB 2.0 MB/s  0:00:00
Downloading typing_inspection-0.4.2-py3-none-any.whl (14 kB)
Installing collected packages: typing-inspection, srsly, pydantic-core, pydantic, confection

Successfully installed confection-0.1.5 pydantic-2.12.3 pydantic-core-2.41.4 srsly-2.5.1 typing-inspection-0.4.2
[OK] confection==0.1.5
Collecting contourpy==1.3.2
  Downloading contourpy-1.3.2-cp310-cp310-manylinux_2_17_x86_64.manylinux2014_x86_64.whl.metadata (5.5 kB)
Requirement already satisfied: numpy>=1.23 in /data1/pinci/anaconda3/envs/mllms_fine/lib/python3.10/site-packages (from contourpy==1.3.2) (2.2.6)
Downloading contourpy-1.3.2-cp310-cp310-manylinux_2_17_x86_64.manylinux2014_x86_64.whl (325 kB)
Installing collected packages: contourpy
Successfully installed contourpy-1.3.2
[OK] contourpy==1.3.2
Collecting cycler==0.12.1
  Using cached cycler-0.12.1-py3-none-any.whl.metadata (3.8 kB)
Using cached cycler-0.12.1-py3-none-any.whl (8.3 kB)
Installing collected packages: cycler
Successfully installed cycler-0.12.1
[OK] cycler==0.12.1
Collecting cymem==2.0.11
  Downloading cymem-2.0.11-cp310-cp310-manylinux_2_17_x86_64.manylinux2014_x86_64.whl.metadata (8.5 kB)
Downloading cymem-2.0.11-cp310-cp310-manylinux_2_17_x86_64.manylinux2014_x86_64.whl (204 kB)
Installing collected packages: cymem
Successfully installed cymem-2.0.11
[OK] cymem==2.0.11
Collecting datasets==2.16.1
  Downloading datasets-2.16.1-py3-none-any.whl.metadata (20 kB)
Requirement already satisfied: filelock in /data1/pinci/anaconda3/envs/mllms_fine/lib/python3.10/site-packages (from datasets==2.16.1) (3.20.0)
Requirement already satisfied: numpy>=1.17 in /data1/pinci/anaconda3/envs/mllms_fine/lib/python3.10/site-packages (from datasets==2.16.1) (2.2.6)
Collecting pyarrow>=8.0.0 (from datasets==2.16.1)
  Downloading pyarrow-21.0.0-cp310-cp310-manylinux_2_28_x86_64.whl.metadata (3.3 kB)
Collecting pyarrow-hotfix (from datasets==2.16.1)
  Downloading pyarrow_hotfix-0.7-py3-none-any.whl.metadata (3.6 kB)
Collecting dill<0.3.8,>=0.3.0 (from datasets==2.16.1)
  Downloading dill-0.3.7-py3-none-any.whl.metadata (9.9 kB)
Collecting pandas (from datasets==2.16.1)
  Downloading pandas-2.3.3-cp310-cp310-manylinux_2_24_x86_64.manylinux_2_28_x86_64.whl.metadata (91 kB)
Requirement already satisfied: requests>=2.19.0 in /data1/pinci/anaconda3/envs/mllms_fine/lib/python3.10/site-packages (from datasets==2.16.1) (2.32.5)
Requirement already satisfied: tqdm>=4.62.1 in /data1/pinci/anaconda3/envs/mllms_fine/lib/python3.10/site-packages (from datasets==2.16.1) (4.67.1)
Collecting xxhash (from datasets==2.16.1)
  Downloading xxhash-3.6.0-cp310-cp310-manylinux2014_x86_64.manylinux_2_17_x86_64.manylinux_2_28_x86_64.whl.metadata (13 kB)
Collecting multiprocess (from datasets==2.16.1)
  Downloading multiprocess-0.70.18-py310-none-any.whl.metadata (7.5 kB)
Collecting fsspec<=2023.10.0,>=2023.1.0 (from fsspec[http]<=2023.10.0,>=2023.1.0->datasets==2.16.1)
  Downloading fsspec-2023.10.0-py3-none-any.whl.metadata (6.8 kB)
Requirement already satisfied: aiohttp in /data1/pinci/anaconda3/envs/mllms_fine/lib/python3.10/site-packages (from datasets==2.16.1) (3.12.13)
Requirement already satisfied: huggingface-hub>=0.19.4 in /data1/pinci/anaconda3/envs/mllms_fine/lib/python3.10/site-packages (from datasets==2.16.1) (0.35.3)
Requirement already satisfied: packaging in /data1/pinci/anaconda3/envs/mllms_fine/lib/python3.10/site-packages (from datasets==2.16.1) (25.0)
Requirement already satisfied: pyyaml>=5.1 in /data1/pinci/anaconda3/envs/mllms_fine/lib/python3.10/site-packages (from datasets==2.16.1) (6.0.3)
Requirement already satisfied: aiohappyeyeballs>=2.5.0 in /data1/pinci/anaconda3/envs/mllms_fine/lib/python3.10/site-packages (from aiohttp->datasets==2.16.1) (2.6.1)
Requirement already satisfied: aiosignal>=1.1.2 in /data1/pinci/anaconda3/envs/mllms_fine/lib/python3.10/site-packages (from aiohttp->datasets==2.16.1) (1.3.2)
Requirement already satisfied: async-timeout<6.0,>=4.0 in /data1/pinci/anaconda3/envs/mllms_fine/lib/python3.10/site-packages (from aiohttp->datasets==2.16.1) (5.0.1)
Requirement already satisfied: attrs>=17.3.0 in /data1/pinci/anaconda3/envs/mllms_fine/lib/python3.10/site-packages (from aiohttp->datasets==2.16.1) (25.3.0)
Requirement already satisfied: frozenlist>=1.1.1 in /data1/pinci/anaconda3/envs/mllms_fine/lib/python3.10/site-packages (from aiohttp->datasets==2.16.1) (1.8.0)
Requirement already satisfied: multidict<7.0,>=4.5 in /data1/pinci/anaconda3/envs/mllms_fine/lib/python3.10/site-packages (from aiohttp->datasets==2.16.1) (6.7.0)
Requirement already satisfied: propcache>=0.2.0 in /data1/pinci/anaconda3/envs/mllms_fine/lib/python3.10/site-packages (from aiohttp->datasets==2.16.1) (0.4.1)
Requirement already satisfied: yarl<2.0,>=1.17.0 in /data1/pinci/anaconda3/envs/mllms_fine/lib/python3.10/site-packages (from aiohttp->datasets==2.16.1) (1.22.0)
Requirement already satisfied: typing-extensions>=4.1.0 in /data1/pinci/anaconda3/envs/mllms_fine/lib/python3.10/site-packages (from multidict<7.0,>=4.5->aiohttp->datasets==2.16.1) (4.15.0)
Requirement already satisfied: idna>=2.0 in /data1/pinci/anaconda3/envs/mllms_fine/lib/python3.10/site-packages (from yarl<2.0,>=1.17.0->aiohttp->datasets==2.16.1) (3.11)
Requirement already satisfied: hf-xet<2.0.0,>=1.1.3 in /data1/pinci/anaconda3/envs/mllms_fine/lib/python3.10/site-packages (from huggingface-hub>=0.19.4->datasets==2.16.1) (1.1.10)
Requirement already satisfied: charset_normalizer<4,>=2 in /data1/pinci/anaconda3/envs/mllms_fine/lib/python3.10/site-packages (from requests>=2.19.0->datasets==2.16.1) (3.4.2)
Requirement already satisfied: urllib3<3,>=1.21.1 in /data1/pinci/anaconda3/envs/mllms_fine/lib/python3.10/site-packages (from requests>=2.19.0->datasets==2.16.1) (2.5.0)
Requirement already satisfied: certifi>=2017.4.17 in /data1/pinci/anaconda3/envs/mllms_fine/lib/python3.10/site-packages (from requests>=2.19.0->datasets==2.16.1) (2025.6.15)
INFO: pip is looking at multiple versions of multiprocess to determine which version is compatible with other requirements. This could take a while.
Collecting multiprocess (from datasets==2.16.1)
  Downloading multiprocess-0.70.17-py310-none-any.whl.metadata (7.2 kB)
  Downloading multiprocess-0.70.16-py310-none-any.whl.metadata (7.2 kB)
  Downloading multiprocess-0.70.15-py310-none-any.whl.metadata (7.2 kB)
Collecting python-dateutil>=2.8.2 (from pandas->datasets==2.16.1)
  Using cached python_dateutil-2.9.0.post0-py2.py3-none-any.whl.metadata (8.4 kB)
Collecting pytz>=2020.1 (from pandas->datasets==2.16.1)
  Downloading pytz-2025.2-py2.py3-none-any.whl.metadata (22 kB)
Collecting tzdata>=2022.7 (from pandas->datasets==2.16.1)
  Downloading tzdata-2025.2-py2.py3-none-any.whl.metadata (1.4 kB)
Collecting six>=1.5 (from python-dateutil>=2.8.2->pandas->datasets==2.16.1)
  Downloading six-1.17.0-py2.py3-none-any.whl.metadata (1.7 kB)
Downloading datasets-2.16.1-py3-none-any.whl (507 kB)
Downloading dill-0.3.7-py3-none-any.whl (115 kB)
Downloading fsspec-2023.10.0-py3-none-any.whl (166 kB)
Downloading pyarrow-21.0.0-cp310-cp310-manylinux_2_28_x86_64.whl (42.7 MB)
   ━━━━━━━━━━━━━━━━━━━━━━━━━━━━━━━━━━━━━━━━ 42.7/42.7 MB 2.0 MB/s  0:00:21
Downloading multiprocess-0.70.15-py310-none-any.whl (134 kB)
Downloading pandas-2.3.3-cp310-cp310-manylinux_2_24_x86_64.manylinux_2_28_x86_64.whl (12.8 MB)
   ━━━━━━━━━━━━━━━━━━━━━━━━━━━━━━━━━━━━━━━━ 12.8/12.8 MB 2.0 MB/s  0:00:06
Using cached python_dateutil-2.9.0.post0-py2.py3-none-any.whl (229 kB)
Downloading pytz-2025.2-py2.py3-none-any.whl (509 kB)
Downloading six-1.17.0-py2.py3-none-any.whl (11 kB)
Downloading tzdata-2025.2-py2.py3-none-any.whl (347 kB)
Downloading pyarrow_hotfix-0.7-py3-none-any.whl (7.9 kB)
Downloading xxhash-3.6.0-cp310-cp310-manylinux2014_x86_64.manylinux_2_17_x86_64.manylinux_2_28_x86_64.whl (193 kB)
Installing collected packages: pytz, xxhash, tzdata, six, pyarrow-hotfix, pyarrow, fsspec, dill, python-dateutil, multiprocess, pandas, datasets
  Attempting uninstall: fsspec
    Found existing installation: fsspec 2025.9.0
    Uninstalling fsspec-2025.9.0:
      Successfully uninstalled fsspec-2025.9.0

Successfully installed datasets-2.16.1 dill-0.3.7 fsspec-2023.10.0 multiprocess-0.70.15 pandas-2.3.3 pyarrow-21.0.0 pyarrow-hotfix-0.7 python-dateutil-2.9.0.post0 pytz-2025.2 six-1.17.0 tzdata-2025.2 xxhash-3.6.0
[OK] datasets==2.16.1
Collecting decord==0.6.0
  Downloading decord-0.6.0-py3-none-manylinux2010_x86_64.whl.metadata (422 bytes)
Requirement already satisfied: numpy>=1.14.0 in /data1/pinci/anaconda3/envs/mllms_fine/lib/python3.10/site-packages (from decord==0.6.0) (2.2.6)
Downloading decord-0.6.0-py3-none-manylinux2010_x86_64.whl (13.6 MB)
   ━━━━━━━━━━━━━━━━━━━━━━━━━━━━━━━━━━━━━━━━ 13.6/13.6 MB 2.0 MB/s  0:00:07
Installing collected packages: decord
Successfully installed decord-0.6.0
[OK] decord==0.6.0
Collecting deepspeed==0.14.4
  Downloading deepspeed-0.14.4.tar.gz (1.3 MB)
     ━━━━━━━━━━━━━━━━━━━━━━━━━━━━━━━━━━━━━━━━ 1.3/1.3 MB 1.9 MB/s  0:00:01
  Preparing metadata (setup.py): started
  Preparing metadata (setup.py): finished with status 'done'
Collecting hjson (from deepspeed==0.14.4)
  Downloading hjson-3.1.0-py3-none-any.whl.metadata (2.6 kB)
Collecting ninja (from deepspeed==0.14.4)
  Downloading ninja-1.13.0-py3-none-manylinux2014_x86_64.manylinux_2_17_x86_64.whl.metadata (5.1 kB)
Requirement already satisfied: numpy in /data1/pinci/anaconda3/envs/mllms_fine/lib/python3.10/site-packages (from deepspeed==0.14.4) (2.2.6)
Collecting nvidia-ml-py (from deepspeed==0.14.4)
  Downloading nvidia_ml_py-13.580.82-py3-none-any.whl.metadata (9.6 kB)
Requirement already satisfied: packaging>=20.0 in /data1/pinci/anaconda3/envs/mllms_fine/lib/python3.10/site-packages (from deepspeed==0.14.4) (25.0)
Requirement already satisfied: psutil in /data1/pinci/anaconda3/envs/mllms_fine/lib/python3.10/site-packages (from deepspeed==0.14.4) (7.1.1)
Collecting py-cpuinfo (from deepspeed==0.14.4)
  Downloading py_cpuinfo-9.0.0-py3-none-any.whl.metadata (794 bytes)
Requirement already satisfied: pydantic in /data1/pinci/anaconda3/envs/mllms_fine/lib/python3.10/site-packages (from deepspeed==0.14.4) (2.12.3)
Requirement already satisfied: torch in /data1/pinci/anaconda3/envs/mllms_fine/lib/python3.10/site-packages (from deepspeed==0.14.4) (2.9.0)
Requirement already satisfied: tqdm in /data1/pinci/anaconda3/envs/mllms_fine/lib/python3.10/site-packages (from deepspeed==0.14.4) (4.67.1)
Requirement already satisfied: annotated-types>=0.6.0 in /data1/pinci/anaconda3/envs/mllms_fine/lib/python3.10/site-packages (from pydantic->deepspeed==0.14.4) (0.7.0)
Requirement already satisfied: pydantic-core==2.41.4 in /data1/pinci/anaconda3/envs/mllms_fine/lib/python3.10/site-packages (from pydantic->deepspeed==0.14.4) (2.41.4)
Requirement already satisfied: typing-extensions>=4.14.1 in /data1/pinci/anaconda3/envs/mllms_fine/lib/python3.10/site-packages (from pydantic->deepspeed==0.14.4) (4.15.0)
Requirement already satisfied: typing-inspection>=0.4.2 in /data1/pinci/anaconda3/envs/mllms_fine/lib/python3.10/site-packages (from pydantic->deepspeed==0.14.4) (0.4.2)
Requirement already satisfied: filelock in /data1/pinci/anaconda3/envs/mllms_fine/lib/python3.10/site-packages (from torch->deepspeed==0.14.4) (3.20.0)
Requirement already satisfied: sympy>=1.13.3 in /data1/pinci/anaconda3/envs/mllms_fine/lib/python3.10/site-packages (from torch->deepspeed==0.14.4) (1.14.0)
Requirement already satisfied: networkx>=2.5.1 in /data1/pinci/anaconda3/envs/mllms_fine/lib/python3.10/site-packages (from torch->deepspeed==0.14.4) (3.4.2)
Requirement already satisfied: jinja2 in /data1/pinci/anaconda3/envs/mllms_fine/lib/python3.10/site-packages (from torch->deepspeed==0.14.4) (3.1.6)
Requirement already satisfied: fsspec>=0.8.5 in /data1/pinci/anaconda3/envs/mllms_fine/lib/python3.10/site-packages (from torch->deepspeed==0.14.4) (2023.10.0)
Requirement already satisfied: nvidia-cuda-nvrtc-cu12==12.8.93 in /data1/pinci/anaconda3/envs/mllms_fine/lib/python3.10/site-packages (from torch->deepspeed==0.14.4) (12.8.93)
Requirement already satisfied: nvidia-cuda-runtime-cu12==12.8.90 in /data1/pinci/anaconda3/envs/mllms_fine/lib/python3.10/site-packages (from torch->deepspeed==0.14.4) (12.8.90)
Requirement already satisfied: nvidia-cuda-cupti-cu12==12.8.90 in /data1/pinci/anaconda3/envs/mllms_fine/lib/python3.10/site-packages (from torch->deepspeed==0.14.4) (12.8.90)
Requirement already satisfied: nvidia-cudnn-cu12==9.10.2.21 in /data1/pinci/anaconda3/envs/mllms_fine/lib/python3.10/site-packages (from torch->deepspeed==0.14.4) (9.10.2.21)
Requirement already satisfied: nvidia-cublas-cu12==12.8.4.1 in /data1/pinci/anaconda3/envs/mllms_fine/lib/python3.10/site-packages (from torch->deepspeed==0.14.4) (12.8.4.1)
Requirement already satisfied: nvidia-cufft-cu12==11.3.3.83 in /data1/pinci/anaconda3/envs/mllms_fine/lib/python3.10/site-packages (from torch->deepspeed==0.14.4) (11.3.3.83)
Requirement already satisfied: nvidia-curand-cu12==10.3.9.90 in /data1/pinci/anaconda3/envs/mllms_fine/lib/python3.10/site-packages (from torch->deepspeed==0.14.4) (10.3.9.90)
Requirement already satisfied: nvidia-cusolver-cu12==11.7.3.90 in /data1/pinci/anaconda3/envs/mllms_fine/lib/python3.10/site-packages (from torch->deepspeed==0.14.4) (11.7.3.90)
Requirement already satisfied: nvidia-cusparse-cu12==12.5.8.93 in /data1/pinci/anaconda3/envs/mllms_fine/lib/python3.10/site-packages (from torch->deepspeed==0.14.4) (12.5.8.93)
Requirement already satisfied: nvidia-cusparselt-cu12==0.7.1 in /data1/pinci/anaconda3/envs/mllms_fine/lib/python3.10/site-packages (from torch->deepspeed==0.14.4) (0.7.1)
Requirement already satisfied: nvidia-nccl-cu12==2.27.5 in /data1/pinci/anaconda3/envs/mllms_fine/lib/python3.10/site-packages (from torch->deepspeed==0.14.4) (2.27.5)
Requirement already satisfied: nvidia-nvshmem-cu12==3.3.20 in /data1/pinci/anaconda3/envs/mllms_fine/lib/python3.10/site-packages (from torch->deepspeed==0.14.4) (3.3.20)
Requirement already satisfied: nvidia-nvtx-cu12==12.8.90 in /data1/pinci/anaconda3/envs/mllms_fine/lib/python3.10/site-packages (from torch->deepspeed==0.14.4) (12.8.90)
Requirement already satisfied: nvidia-nvjitlink-cu12==12.8.93 in /data1/pinci/anaconda3/envs/mllms_fine/lib/python3.10/site-packages (from torch->deepspeed==0.14.4) (12.8.93)
Requirement already satisfied: nvidia-cufile-cu12==1.13.1.3 in /data1/pinci/anaconda3/envs/mllms_fine/lib/python3.10/site-packages (from torch->deepspeed==0.14.4) (1.13.1.3)
Requirement already satisfied: triton==3.5.0 in /data1/pinci/anaconda3/envs/mllms_fine/lib/python3.10/site-packages (from torch->deepspeed==0.14.4) (3.5.0)
Requirement already satisfied: mpmath<1.4,>=1.1.0 in /data1/pinci/anaconda3/envs/mllms_fine/lib/python3.10/site-packages (from sympy>=1.13.3->torch->deepspeed==0.14.4) (1.3.0)
Requirement already satisfied: MarkupSafe>=2.0 in /data1/pinci/anaconda3/envs/mllms_fine/lib/python3.10/site-packages (from jinja2->torch->deepspeed==0.14.4) (3.0.3)
Downloading hjson-3.1.0-py3-none-any.whl (54 kB)
Downloading ninja-1.13.0-py3-none-manylinux2014_x86_64.manylinux_2_17_x86_64.whl (180 kB)
Downloading nvidia_ml_py-13.580.82-py3-none-any.whl (49 kB)
Downloading py_cpuinfo-9.0.0-py3-none-any.whl (22 kB)
Building wheels for collected packages: deepspeed
  DEPRECATION: Building 'deepspeed' using the legacy setup.py bdist_wheel mechanism, which will be removed in a future version. pip 25.3 will enforce this behaviour change. A possible replacement is to use the standardized build interface by setting the `--use-pep517` option, (possibly combined with `--no-build-isolation`), or adding a `pyproject.toml` file to the source tree of 'deepspeed'. Discussion can be found at https://github.com/pypa/pip/issues/6334
  Building wheel for deepspeed (setup.py): started
  Building wheel for deepspeed (setup.py): finished with status 'done'
  Created wheel for deepspeed: filename=deepspeed-0.14.4-py3-none-any.whl size=1445613 sha256=b4cae5e86c413aea217150ab0dbdbd133cfcd488207498937f20e528ad4208e3
  Stored in directory: /home/pinci/.cache/pip/wheels/8e/bc/a3/608e90bbb301848b78fd75d24d6d43ba3074de968fc0e397ac
Successfully built deepspeed
Installing collected packages: py-cpuinfo, nvidia-ml-py, hjson, ninja, deepspeed

Successfully installed deepspeed-0.14.4 hjson-3.1.0 ninja-1.13.0 nvidia-ml-py-13.580.82 py-cpuinfo-9.0.0
[OK] deepspeed==0.14.4
Collecting defusedxml==0.7.1
  Downloading defusedxml-0.7.1-py2.py3-none-any.whl.metadata (32 kB)
Downloading defusedxml-0.7.1-py2.py3-none-any.whl (25 kB)
Installing collected packages: defusedxml
Successfully installed defusedxml-0.7.1
[OK] defusedxml==0.7.1
Requirement already satisfied: dill==0.3.7 in /data1/pinci/anaconda3/envs/mllms_fine/lib/python3.10/site-packages (0.3.7)
[OK] dill==0.3.7
Collecting docstring_parser==0.16
  Downloading docstring_parser-0.16-py3-none-any.whl.metadata (3.0 kB)
Downloading docstring_parser-0.16-py3-none-any.whl (36 kB)
Installing collected packages: docstring_parser
Successfully installed docstring_parser-0.16
[OK] docstring_parser==0.16
Collecting einops==0.6.1
  Downloading einops-0.6.1-py3-none-any.whl.metadata (12 kB)
Downloading einops-0.6.1-py3-none-any.whl (42 kB)
Installing collected packages: einops
Successfully installed einops-0.6.1
[OK] einops==0.6.1
Collecting einops-exts==0.0.4
  Downloading einops_exts-0.0.4-py3-none-any.whl.metadata (621 bytes)
Requirement already satisfied: einops>=0.4 in /data1/pinci/anaconda3/envs/mllms_fine/lib/python3.10/site-packages (from einops-exts==0.0.4) (0.6.1)
Downloading einops_exts-0.0.4-py3-none-any.whl (3.9 kB)
Installing collected packages: einops-exts
Successfully installed einops-exts-0.0.4
[OK] einops-exts==0.0.4
Collecting en_core_web_sm@ https://github.com/explosion/spacy-models/releases/download/en_core_web_sm-3.8.0/en_core_web_sm-3.8.0-py3-none-any.whl#sha256=1932429db727d4bff3deed6b34cfc05df17794f4a52eeb26cf8928f7c1a0fb85
  WARNING: Retrying (Retry(total=2, connect=None, read=None, redirect=None, status=None)) after connection broken by 'ConnectTimeoutError(<pip._vendor.urllib3.connection.HTTPSConnection object at 0x7fce8266e4d0>, 'Connection to github.com timed out. (connect timeout=100.0)')': /explosion/spacy-models/releases/download/en_core_web_sm-3.8.0/en_core_web_sm-3.8.0-py3-none-any.whl
  WARNING: Retrying (Retry(total=1, connect=None, read=None, redirect=None, status=None)) after connection broken by 'ConnectTimeoutError(<pip._vendor.urllib3.connection.HTTPSConnection object at 0x7fce8266e7a0>, 'Connection to github.com timed out. (connect timeout=100.0)')': /explosion/spacy-models/releases/download/en_core_web_sm-3.8.0/en_core_web_sm-3.8.0-py3-none-any.whl
  WARNING: Retrying (Retry(total=0, connect=None, read=None, redirect=None, status=None)) after connection broken by 'ConnectTimeoutError(<pip._vendor.urllib3.connection.HTTPSConnection object at 0x7fce8266e920>, 'Connection to github.com timed out. (connect timeout=100.0)')': /explosion/spacy-models/releases/download/en_core_web_sm-3.8.0/en_core_web_sm-3.8.0-py3-none-any.whl
  Downloading https://github.com/explosion/spacy-models/releases/download/en_core_web_sm-3.8.0/en_core_web_sm-3.8.0-py3-none-any.whl (12.8 MB)
     ━━━━━━━━━━━━━━━━━━━━━━━━━━━━━━━━━━━━━━━━ 12.8/12.8 MB 2.0 MB/s  0:00:06
Installing collected packages: en_core_web_sm
Successfully installed en_core_web_sm-3.8.0
[OK] en_core_web_sm @ https://github.com/explosion/spacy-models/releases/download/en_core_web_sm-3.8.0/en_core_web_sm-3.8.0-py3-none-any.whl#sha256=1932429db727d4bff3deed6b34cfc05df17794f4a52eeb26cf8928f7c1a0fb85
Requirement already satisfied: exceptiongroup==1.3.0 in /data1/pinci/anaconda3/envs/mllms_fine/lib/python3.10/site-packages (1.3.0)
Requirement already satisfied: typing-extensions>=4.6.0 in /data1/pinci/anaconda3/envs/mllms_fine/lib/python3.10/site-packages (from exceptiongroup==1.3.0) (4.15.0)
[OK] exceptiongroup==1.3.0
Collecting fastapi==0.115.14
  Downloading fastapi-0.115.14-py3-none-any.whl.metadata (27 kB)
Collecting starlette<0.47.0,>=0.40.0 (from fastapi==0.115.14)
  Downloading starlette-0.46.2-py3-none-any.whl.metadata (6.2 kB)
Requirement already satisfied: pydantic!=1.8,!=1.8.1,!=2.0.0,!=2.0.1,!=2.1.0,<3.0.0,>=1.7.4 in /data1/pinci/anaconda3/envs/mllms_fine/lib/python3.10/site-packages (from fastapi==0.115.14) (2.12.3)
Requirement already satisfied: typing-extensions>=4.8.0 in /data1/pinci/anaconda3/envs/mllms_fine/lib/python3.10/site-packages (from fastapi==0.115.14) (4.15.0)
Requirement already satisfied: annotated-types>=0.6.0 in /data1/pinci/anaconda3/envs/mllms_fine/lib/python3.10/site-packages (from pydantic!=1.8,!=1.8.1,!=2.0.0,!=2.0.1,!=2.1.0,<3.0.0,>=1.7.4->fastapi==0.115.14) (0.7.0)
Requirement already satisfied: pydantic-core==2.41.4 in /data1/pinci/anaconda3/envs/mllms_fine/lib/python3.10/site-packages (from pydantic!=1.8,!=1.8.1,!=2.0.0,!=2.0.1,!=2.1.0,<3.0.0,>=1.7.4->fastapi==0.115.14) (2.41.4)
Requirement already satisfied: typing-inspection>=0.4.2 in /data1/pinci/anaconda3/envs/mllms_fine/lib/python3.10/site-packages (from pydantic!=1.8,!=1.8.1,!=2.0.0,!=2.0.1,!=2.1.0,<3.0.0,>=1.7.4->fastapi==0.115.14) (0.4.2)
Requirement already satisfied: anyio<5,>=3.6.2 in /data1/pinci/anaconda3/envs/mllms_fine/lib/python3.10/site-packages (from starlette<0.47.0,>=0.40.0->fastapi==0.115.14) (4.9.0)
Requirement already satisfied: exceptiongroup>=1.0.2 in /data1/pinci/anaconda3/envs/mllms_fine/lib/python3.10/site-packages (from anyio<5,>=3.6.2->starlette<0.47.0,>=0.40.0->fastapi==0.115.14) (1.3.0)
Requirement already satisfied: idna>=2.8 in /data1/pinci/anaconda3/envs/mllms_fine/lib/python3.10/site-packages (from anyio<5,>=3.6.2->starlette<0.47.0,>=0.40.0->fastapi==0.115.14) (3.11)
Requirement already satisfied: sniffio>=1.1 in /data1/pinci/anaconda3/envs/mllms_fine/lib/python3.10/site-packages (from anyio<5,>=3.6.2->starlette<0.47.0,>=0.40.0->fastapi==0.115.14) (1.3.1)
Downloading fastapi-0.115.14-py3-none-any.whl (95 kB)
Downloading starlette-0.46.2-py3-none-any.whl (72 kB)
Installing collected packages: starlette, fastapi

Successfully installed fastapi-0.115.14 starlette-0.46.2
[OK] fastapi==0.115.14
Collecting filelock==3.18.0
  Downloading filelock-3.18.0-py3-none-any.whl.metadata (2.9 kB)
Downloading filelock-3.18.0-py3-none-any.whl (16 kB)
Installing collected packages: filelock
  Attempting uninstall: filelock
    Found existing installation: filelock 3.20.0
    Uninstalling filelock-3.20.0:
      Successfully uninstalled filelock-3.20.0
Successfully installed filelock-3.18.0
[OK] filelock==3.18.0
Processing /root/flash_attn-2.7.0.post2+cu11torch2.1cxx11abiFALSE-cp310-cp310-linux_x86_64.whl
ERROR: Could not install packages due to an OSError: [Errno 13] Permission denied: '/root/flash_attn-2.7.0.post2+cu11torch2.1cxx11abiFALSE-cp310-cp310-linux_x86_64.whl'
Consider using the `--user` option or check the permissions.

[FAILED] flash-attn @ file:///root/flash_attn-2.7.0.post2%2Bcu11torch2.1cxx11abiFALSE-cp310-cp310-linux_x86_64.whl#sha256=e0ff1d33d44a2d9b93b672a92a1663329439d14e259fa60068589d1d7202b078
Collecting fonttools==4.58.4
  Downloading fonttools-4.58.4-cp310-cp310-manylinux2014_x86_64.manylinux_2_17_x86_64.whl.metadata (106 kB)
Downloading fonttools-4.58.4-cp310-cp310-manylinux2014_x86_64.manylinux_2_17_x86_64.whl (4.8 MB)
   ━━━━━━━━━━━━━━━━━━━━━━━━━━━━━━━━━━━━━━━━ 4.8/4.8 MB 1.9 MB/s  0:00:02
Installing collected packages: fonttools
Successfully installed fonttools-4.58.4
[OK] fonttools==4.58.4
Collecting frozenlist==1.7.0
  Downloading frozenlist-1.7.0-cp310-cp310-manylinux_2_5_x86_64.manylinux1_x86_64.manylinux_2_17_x86_64.manylinux2014_x86_64.whl.metadata (18 kB)
Downloading frozenlist-1.7.0-cp310-cp310-manylinux_2_5_x86_64.manylinux1_x86_64.manylinux_2_17_x86_64.manylinux2014_x86_64.whl (222 kB)
Installing collected packages: frozenlist
  Attempting uninstall: frozenlist
    Found existing installation: frozenlist 1.8.0
    Uninstalling frozenlist-1.8.0:
      Successfully uninstalled frozenlist-1.8.0
Successfully installed frozenlist-1.7.0
[OK] frozenlist==1.7.0
Requirement already satisfied: fsspec==2023.10.0 in /data1/pinci/anaconda3/envs/mllms_fine/lib/python3.10/site-packages (2023.10.0)
[OK] fsspec==2023.10.0
Collecting ftfy==6.3.1
  Downloading ftfy-6.3.1-py3-none-any.whl.metadata (7.3 kB)
Collecting wcwidth (from ftfy==6.3.1)
  Downloading wcwidth-0.2.14-py2.py3-none-any.whl.metadata (15 kB)
Downloading ftfy-6.3.1-py3-none-any.whl (44 kB)
Downloading wcwidth-0.2.14-py2.py3-none-any.whl (37 kB)
Installing collected packages: wcwidth, ftfy

Successfully installed ftfy-6.3.1 wcwidth-0.2.14
[OK] ftfy==6.3.1
Collecting gitdb==4.0.12
  Downloading gitdb-4.0.12-py3-none-any.whl.metadata (1.2 kB)
Collecting smmap<6,>=3.0.1 (from gitdb==4.0.12)
  Downloading smmap-5.0.2-py3-none-any.whl.metadata (4.3 kB)
Downloading gitdb-4.0.12-py3-none-any.whl (62 kB)
Downloading smmap-5.0.2-py3-none-any.whl (24 kB)
Installing collected packages: smmap, gitdb

Successfully installed gitdb-4.0.12 smmap-5.0.2
[OK] gitdb==4.0.12
Collecting GitPython==3.1.44
  Downloading GitPython-3.1.44-py3-none-any.whl.metadata (13 kB)
Requirement already satisfied: gitdb<5,>=4.0.1 in /data1/pinci/anaconda3/envs/mllms_fine/lib/python3.10/site-packages (from GitPython==3.1.44) (4.0.12)
Requirement already satisfied: smmap<6,>=3.0.1 in /data1/pinci/anaconda3/envs/mllms_fine/lib/python3.10/site-packages (from gitdb<5,>=4.0.1->GitPython==3.1.44) (5.0.2)
Downloading GitPython-3.1.44-py3-none-any.whl (207 kB)
Installing collected packages: GitPython
Successfully installed GitPython-3.1.44
[OK] GitPython==3.1.44
Collecting gradio_client==0.2.9
  Downloading gradio_client-0.2.9-py3-none-any.whl.metadata (7.0 kB)
Requirement already satisfied: fsspec in /data1/pinci/anaconda3/envs/mllms_fine/lib/python3.10/site-packages (from gradio_client==0.2.9) (2023.10.0)
Collecting httpx (from gradio_client==0.2.9)
  Downloading httpx-0.28.1-py3-none-any.whl.metadata (7.1 kB)
Requirement already satisfied: huggingface-hub>=0.13.0 in /data1/pinci/anaconda3/envs/mllms_fine/lib/python3.10/site-packages (from gradio_client==0.2.9) (0.35.3)
Requirement already satisfied: packaging in /data1/pinci/anaconda3/envs/mllms_fine/lib/python3.10/site-packages (from gradio_client==0.2.9) (25.0)
Requirement already satisfied: requests in /data1/pinci/anaconda3/envs/mllms_fine/lib/python3.10/site-packages (from gradio_client==0.2.9) (2.32.5)
Requirement already satisfied: typing-extensions in /data1/pinci/anaconda3/envs/mllms_fine/lib/python3.10/site-packages (from gradio_client==0.2.9) (4.15.0)
Collecting websockets (from gradio_client==0.2.9)
  Downloading websockets-15.0.1-cp310-cp310-manylinux_2_5_x86_64.manylinux1_x86_64.manylinux_2_17_x86_64.manylinux2014_x86_64.whl.metadata (6.8 kB)
Requirement already satisfied: filelock in /data1/pinci/anaconda3/envs/mllms_fine/lib/python3.10/site-packages (from huggingface-hub>=0.13.0->gradio_client==0.2.9) (3.18.0)
Requirement already satisfied: pyyaml>=5.1 in /data1/pinci/anaconda3/envs/mllms_fine/lib/python3.10/site-packages (from huggingface-hub>=0.13.0->gradio_client==0.2.9) (6.0.3)
Requirement already satisfied: tqdm>=4.42.1 in /data1/pinci/anaconda3/envs/mllms_fine/lib/python3.10/site-packages (from huggingface-hub>=0.13.0->gradio_client==0.2.9) (4.67.1)
Requirement already satisfied: hf-xet<2.0.0,>=1.1.3 in /data1/pinci/anaconda3/envs/mllms_fine/lib/python3.10/site-packages (from huggingface-hub>=0.13.0->gradio_client==0.2.9) (1.1.10)
Requirement already satisfied: anyio in /data1/pinci/anaconda3/envs/mllms_fine/lib/python3.10/site-packages (from httpx->gradio_client==0.2.9) (4.9.0)
Requirement already satisfied: certifi in /data1/pinci/anaconda3/envs/mllms_fine/lib/python3.10/site-packages (from httpx->gradio_client==0.2.9) (2025.6.15)
Collecting httpcore==1.* (from httpx->gradio_client==0.2.9)
  Downloading httpcore-1.0.9-py3-none-any.whl.metadata (21 kB)
Requirement already satisfied: idna in /data1/pinci/anaconda3/envs/mllms_fine/lib/python3.10/site-packages (from httpx->gradio_client==0.2.9) (3.11)
Collecting h11>=0.16 (from httpcore==1.*->httpx->gradio_client==0.2.9)
  Downloading h11-0.16.0-py3-none-any.whl.metadata (8.3 kB)
Requirement already satisfied: exceptiongroup>=1.0.2 in /data1/pinci/anaconda3/envs/mllms_fine/lib/python3.10/site-packages (from anyio->httpx->gradio_client==0.2.9) (1.3.0)
Requirement already satisfied: sniffio>=1.1 in /data1/pinci/anaconda3/envs/mllms_fine/lib/python3.10/site-packages (from anyio->httpx->gradio_client==0.2.9) (1.3.1)
Requirement already satisfied: charset_normalizer<4,>=2 in /data1/pinci/anaconda3/envs/mllms_fine/lib/python3.10/site-packages (from requests->gradio_client==0.2.9) (3.4.2)
Requirement already satisfied: urllib3<3,>=1.21.1 in /data1/pinci/anaconda3/envs/mllms_fine/lib/python3.10/site-packages (from requests->gradio_client==0.2.9) (2.5.0)
Downloading gradio_client-0.2.9-py3-none-any.whl (288 kB)
Downloading httpx-0.28.1-py3-none-any.whl (73 kB)
Downloading httpcore-1.0.9-py3-none-any.whl (78 kB)
Downloading h11-0.16.0-py3-none-any.whl (37 kB)
Downloading websockets-15.0.1-cp310-cp310-manylinux_2_5_x86_64.manylinux1_x86_64.manylinux_2_17_x86_64.manylinux2014_x86_64.whl (181 kB)
Installing collected packages: websockets, h11, httpcore, httpx, gradio_client

Successfully installed gradio_client-0.2.9 h11-0.16.0 httpcore-1.0.9 httpx-0.28.1 websockets-15.0.1
[OK] gradio_client==0.2.9
Collecting h11==0.14.0
  Downloading h11-0.14.0-py3-none-any.whl.metadata (8.2 kB)
Downloading h11-0.14.0-py3-none-any.whl (58 kB)
Installing collected packages: h11
  Attempting uninstall: h11
    Found existing installation: h11 0.16.0
    Uninstalling h11-0.16.0:
      Successfully uninstalled h11-0.16.0
ERROR: pip's dependency resolver does not currently take into account all the packages that are installed. This behaviour is the source of the following dependency conflicts.
httpcore 1.0.9 requires h11>=0.16, but you have h11 0.14.0 which is incompatible.
Successfully installed h11-0.14.0
[OK] h11==0.14.0
Collecting hf-xet==1.1.5
  Downloading hf_xet-1.1.5-cp37-abi3-manylinux_2_17_x86_64.manylinux2014_x86_64.whl.metadata (879 bytes)
Downloading hf_xet-1.1.5-cp37-abi3-manylinux_2_17_x86_64.manylinux2014_x86_64.whl (3.1 MB)
   ━━━━━━━━━━━━━━━━━━━━━━━━━━━━━━━━━━━━━━━━ 3.1/3.1 MB 1.9 MB/s  0:00:02
Installing collected packages: hf-xet
  Attempting uninstall: hf-xet
    Found existing installation: hf-xet 1.1.10
    Uninstalling hf-xet-1.1.10:
      Successfully uninstalled hf-xet-1.1.10
Successfully installed hf-xet-1.1.5
[OK] hf-xet==1.1.5
Collecting hf_transfer==0.1.9
  Downloading hf_transfer-0.1.9-cp38-abi3-manylinux_2_17_x86_64.manylinux2014_x86_64.whl.metadata (1.7 kB)
Downloading hf_transfer-0.1.9-cp38-abi3-manylinux_2_17_x86_64.manylinux2014_x86_64.whl (3.6 MB)
   ━━━━━━━━━━━━━━━━━━━━━━━━━━━━━━━━━━━━━━━━ 3.6/3.6 MB 1.9 MB/s  0:00:02
Installing collected packages: hf_transfer
Successfully installed hf_transfer-0.1.9
[OK] hf_transfer==0.1.9
Requirement already satisfied: hjson==3.1.0 in /data1/pinci/anaconda3/envs/mllms_fine/lib/python3.10/site-packages (3.1.0)
[OK] hjson==3.1.0
Collecting httpcore==0.17.3
  Downloading httpcore-0.17.3-py3-none-any.whl.metadata (18 kB)
Requirement already satisfied: h11<0.15,>=0.13 in /data1/pinci/anaconda3/envs/mllms_fine/lib/python3.10/site-packages (from httpcore==0.17.3) (0.14.0)
Requirement already satisfied: sniffio==1.* in /data1/pinci/anaconda3/envs/mllms_fine/lib/python3.10/site-packages (from httpcore==0.17.3) (1.3.1)
Requirement already satisfied: anyio<5.0,>=3.0 in /data1/pinci/anaconda3/envs/mllms_fine/lib/python3.10/site-packages (from httpcore==0.17.3) (4.9.0)
Requirement already satisfied: certifi in /data1/pinci/anaconda3/envs/mllms_fine/lib/python3.10/site-packages (from httpcore==0.17.3) (2025.6.15)
Requirement already satisfied: exceptiongroup>=1.0.2 in /data1/pinci/anaconda3/envs/mllms_fine/lib/python3.10/site-packages (from anyio<5.0,>=3.0->httpcore==0.17.3) (1.3.0)
Requirement already satisfied: idna>=2.8 in /data1/pinci/anaconda3/envs/mllms_fine/lib/python3.10/site-packages (from anyio<5.0,>=3.0->httpcore==0.17.3) (3.11)
Requirement already satisfied: typing_extensions>=4.5 in /data1/pinci/anaconda3/envs/mllms_fine/lib/python3.10/site-packages (from anyio<5.0,>=3.0->httpcore==0.17.3) (4.15.0)
Downloading httpcore-0.17.3-py3-none-any.whl (74 kB)
Installing collected packages: httpcore
  Attempting uninstall: httpcore
    Found existing installation: httpcore 1.0.9
    Uninstalling httpcore-1.0.9:
      Successfully uninstalled httpcore-1.0.9
ERROR: pip's dependency resolver does not currently take into account all the packages that are installed. This behaviour is the source of the following dependency conflicts.
httpx 0.28.1 requires httpcore==1.*, but you have httpcore 0.17.3 which is incompatible.
Successfully installed httpcore-0.17.3
[OK] httpcore==0.17.3
Collecting httpx==0.24.0
  Downloading httpx-0.24.0-py3-none-any.whl.metadata (8.1 kB)
Requirement already satisfied: certifi in /data1/pinci/anaconda3/envs/mllms_fine/lib/python3.10/site-packages (from httpx==0.24.0) (2025.6.15)
Requirement already satisfied: httpcore<0.18.0,>=0.15.0 in /data1/pinci/anaconda3/envs/mllms_fine/lib/python3.10/site-packages (from httpx==0.24.0) (0.17.3)
Requirement already satisfied: idna in /data1/pinci/anaconda3/envs/mllms_fine/lib/python3.10/site-packages (from httpx==0.24.0) (3.11)
Requirement already satisfied: sniffio in /data1/pinci/anaconda3/envs/mllms_fine/lib/python3.10/site-packages (from httpx==0.24.0) (1.3.1)
Requirement already satisfied: h11<0.15,>=0.13 in /data1/pinci/anaconda3/envs/mllms_fine/lib/python3.10/site-packages (from httpcore<0.18.0,>=0.15.0->httpx==0.24.0) (0.14.0)
Requirement already satisfied: anyio<5.0,>=3.0 in /data1/pinci/anaconda3/envs/mllms_fine/lib/python3.10/site-packages (from httpcore<0.18.0,>=0.15.0->httpx==0.24.0) (4.9.0)
Requirement already satisfied: exceptiongroup>=1.0.2 in /data1/pinci/anaconda3/envs/mllms_fine/lib/python3.10/site-packages (from anyio<5.0,>=3.0->httpcore<0.18.0,>=0.15.0->httpx==0.24.0) (1.3.0)
Requirement already satisfied: typing_extensions>=4.5 in /data1/pinci/anaconda3/envs/mllms_fine/lib/python3.10/site-packages (from anyio<5.0,>=3.0->httpcore<0.18.0,>=0.15.0->httpx==0.24.0) (4.15.0)
Downloading httpx-0.24.0-py3-none-any.whl (75 kB)
Installing collected packages: httpx
  Attempting uninstall: httpx
    Found existing installation: httpx 0.28.1
    Uninstalling httpx-0.28.1:
      Successfully uninstalled httpx-0.28.1
Successfully installed httpx-0.24.0
[OK] httpx==0.24.0
Collecting huggingface-hub==0.33.1
  Downloading huggingface_hub-0.33.1-py3-none-any.whl.metadata (14 kB)
Requirement already satisfied: filelock in /data1/pinci/anaconda3/envs/mllms_fine/lib/python3.10/site-packages (from huggingface-hub==0.33.1) (3.18.0)
Requirement already satisfied: fsspec>=2023.5.0 in /data1/pinci/anaconda3/envs/mllms_fine/lib/python3.10/site-packages (from huggingface-hub==0.33.1) (2023.10.0)
Requirement already satisfied: packaging>=20.9 in /data1/pinci/anaconda3/envs/mllms_fine/lib/python3.10/site-packages (from huggingface-hub==0.33.1) (25.0)
Requirement already satisfied: pyyaml>=5.1 in /data1/pinci/anaconda3/envs/mllms_fine/lib/python3.10/site-packages (from huggingface-hub==0.33.1) (6.0.3)
Requirement already satisfied: requests in /data1/pinci/anaconda3/envs/mllms_fine/lib/python3.10/site-packages (from huggingface-hub==0.33.1) (2.32.5)
Requirement already satisfied: tqdm>=4.42.1 in /data1/pinci/anaconda3/envs/mllms_fine/lib/python3.10/site-packages (from huggingface-hub==0.33.1) (4.67.1)
Requirement already satisfied: typing-extensions>=3.7.4.3 in /data1/pinci/anaconda3/envs/mllms_fine/lib/python3.10/site-packages (from huggingface-hub==0.33.1) (4.15.0)
Requirement already satisfied: hf-xet<2.0.0,>=1.1.2 in /data1/pinci/anaconda3/envs/mllms_fine/lib/python3.10/site-packages (from huggingface-hub==0.33.1) (1.1.5)
Requirement already satisfied: charset_normalizer<4,>=2 in /data1/pinci/anaconda3/envs/mllms_fine/lib/python3.10/site-packages (from requests->huggingface-hub==0.33.1) (3.4.2)
Requirement already satisfied: idna<4,>=2.5 in /data1/pinci/anaconda3/envs/mllms_fine/lib/python3.10/site-packages (from requests->huggingface-hub==0.33.1) (3.11)
Requirement already satisfied: urllib3<3,>=1.21.1 in /data1/pinci/anaconda3/envs/mllms_fine/lib/python3.10/site-packages (from requests->huggingface-hub==0.33.1) (2.5.0)
Requirement already satisfied: certifi>=2017.4.17 in /data1/pinci/anaconda3/envs/mllms_fine/lib/python3.10/site-packages (from requests->huggingface-hub==0.33.1) (2025.6.15)
Downloading huggingface_hub-0.33.1-py3-none-any.whl (515 kB)
Installing collected packages: huggingface-hub
  Attempting uninstall: huggingface-hub
    Found existing installation: huggingface-hub 0.35.3
    Uninstalling huggingface-hub-0.35.3:
      Successfully uninstalled huggingface-hub-0.35.3
Successfully installed huggingface-hub-0.33.1
[OK] huggingface-hub==0.33.1
Collecting idna==3.10
  Downloading idna-3.10-py3-none-any.whl.metadata (10 kB)
Downloading idna-3.10-py3-none-any.whl (70 kB)
Installing collected packages: idna
  Attempting uninstall: idna
    Found existing installation: idna 3.11
    Uninstalling idna-3.11:
      Successfully uninstalled idna-3.11
Successfully installed idna-3.10
[OK] idna==3.10
Collecting imageio==2.37.0
  Downloading imageio-2.37.0-py3-none-any.whl.metadata (5.2 kB)
Requirement already satisfied: numpy in /data1/pinci/anaconda3/envs/mllms_fine/lib/python3.10/site-packages (from imageio==2.37.0) (2.2.6)
Collecting pillow>=8.3.2 (from imageio==2.37.0)
  Downloading pillow-12.0.0-cp310-cp310-manylinux_2_27_x86_64.manylinux_2_28_x86_64.whl.metadata (8.8 kB)
Downloading imageio-2.37.0-py3-none-any.whl (315 kB)
Downloading pillow-12.0.0-cp310-cp310-manylinux_2_27_x86_64.manylinux_2_28_x86_64.whl (7.0 MB)
   ━━━━━━━━━━━━━━━━━━━━━━━━━━━━━━━━━━━━━━━━ 7.0/7.0 MB 2.0 MB/s  0:00:03
Installing collected packages: pillow, imageio

Successfully installed imageio-2.37.0 pillow-12.0.0
[OK] imageio==2.37.0
Requirement already satisfied: Jinja2==3.1.6 in /data1/pinci/anaconda3/envs/mllms_fine/lib/python3.10/site-packages (3.1.6)
Requirement already satisfied: MarkupSafe>=2.0 in /data1/pinci/anaconda3/envs/mllms_fine/lib/python3.10/site-packages (from Jinja2==3.1.6) (3.0.3)
[OK] Jinja2==3.1.6
Collecting joblib==1.5.1
  Downloading joblib-1.5.1-py3-none-any.whl.metadata (5.6 kB)
Downloading joblib-1.5.1-py3-none-any.whl (307 kB)
Installing collected packages: joblib
Successfully installed joblib-1.5.1
[OK] joblib==1.5.1
Collecting kiwisolver==1.4.8
  Downloading kiwisolver-1.4.8-cp310-cp310-manylinux_2_12_x86_64.manylinux2010_x86_64.whl.metadata (6.2 kB)
Downloading kiwisolver-1.4.8-cp310-cp310-manylinux_2_12_x86_64.manylinux2010_x86_64.whl (1.6 MB)
   ━━━━━━━━━━━━━━━━━━━━━━━━━━━━━━━━━━━━━━━━ 1.6/1.6 MB 1.8 MB/s  0:00:01
Installing collected packages: kiwisolver
Successfully installed kiwisolver-1.4.8
[OK] kiwisolver==1.4.8
Collecting kornia==0.8.1
  Downloading kornia-0.8.1-py2.py3-none-any.whl.metadata (17 kB)
Collecting kornia_rs>=0.1.9 (from kornia==0.8.1)
  Downloading kornia_rs-0.1.9-cp310-cp310-manylinux_2_17_x86_64.manylinux2014_x86_64.whl.metadata (11 kB)
Requirement already satisfied: packaging in /data1/pinci/anaconda3/envs/mllms_fine/lib/python3.10/site-packages (from kornia==0.8.1) (25.0)
Requirement already satisfied: torch>=1.9.1 in /data1/pinci/anaconda3/envs/mllms_fine/lib/python3.10/site-packages (from kornia==0.8.1) (2.9.0)
Requirement already satisfied: filelock in /data1/pinci/anaconda3/envs/mllms_fine/lib/python3.10/site-packages (from torch>=1.9.1->kornia==0.8.1) (3.18.0)
Requirement already satisfied: typing-extensions>=4.10.0 in /data1/pinci/anaconda3/envs/mllms_fine/lib/python3.10/site-packages (from torch>=1.9.1->kornia==0.8.1) (4.15.0)
Requirement already satisfied: sympy>=1.13.3 in /data1/pinci/anaconda3/envs/mllms_fine/lib/python3.10/site-packages (from torch>=1.9.1->kornia==0.8.1) (1.14.0)
Requirement already satisfied: networkx>=2.5.1 in /data1/pinci/anaconda3/envs/mllms_fine/lib/python3.10/site-packages (from torch>=1.9.1->kornia==0.8.1) (3.4.2)
Requirement already satisfied: jinja2 in /data1/pinci/anaconda3/envs/mllms_fine/lib/python3.10/site-packages (from torch>=1.9.1->kornia==0.8.1) (3.1.6)
Requirement already satisfied: fsspec>=0.8.5 in /data1/pinci/anaconda3/envs/mllms_fine/lib/python3.10/site-packages (from torch>=1.9.1->kornia==0.8.1) (2023.10.0)
Requirement already satisfied: nvidia-cuda-nvrtc-cu12==12.8.93 in /data1/pinci/anaconda3/envs/mllms_fine/lib/python3.10/site-packages (from torch>=1.9.1->kornia==0.8.1) (12.8.93)
Requirement already satisfied: nvidia-cuda-runtime-cu12==12.8.90 in /data1/pinci/anaconda3/envs/mllms_fine/lib/python3.10/site-packages (from torch>=1.9.1->kornia==0.8.1) (12.8.90)
Requirement already satisfied: nvidia-cuda-cupti-cu12==12.8.90 in /data1/pinci/anaconda3/envs/mllms_fine/lib/python3.10/site-packages (from torch>=1.9.1->kornia==0.8.1) (12.8.90)
Requirement already satisfied: nvidia-cudnn-cu12==9.10.2.21 in /data1/pinci/anaconda3/envs/mllms_fine/lib/python3.10/site-packages (from torch>=1.9.1->kornia==0.8.1) (9.10.2.21)
Requirement already satisfied: nvidia-cublas-cu12==12.8.4.1 in /data1/pinci/anaconda3/envs/mllms_fine/lib/python3.10/site-packages (from torch>=1.9.1->kornia==0.8.1) (12.8.4.1)
Requirement already satisfied: nvidia-cufft-cu12==11.3.3.83 in /data1/pinci/anaconda3/envs/mllms_fine/lib/python3.10/site-packages (from torch>=1.9.1->kornia==0.8.1) (11.3.3.83)
Requirement already satisfied: nvidia-curand-cu12==10.3.9.90 in /data1/pinci/anaconda3/envs/mllms_fine/lib/python3.10/site-packages (from torch>=1.9.1->kornia==0.8.1) (10.3.9.90)
Requirement already satisfied: nvidia-cusolver-cu12==11.7.3.90 in /data1/pinci/anaconda3/envs/mllms_fine/lib/python3.10/site-packages (from torch>=1.9.1->kornia==0.8.1) (11.7.3.90)
Requirement already satisfied: nvidia-cusparse-cu12==12.5.8.93 in /data1/pinci/anaconda3/envs/mllms_fine/lib/python3.10/site-packages (from torch>=1.9.1->kornia==0.8.1) (12.5.8.93)
Requirement already satisfied: nvidia-cusparselt-cu12==0.7.1 in /data1/pinci/anaconda3/envs/mllms_fine/lib/python3.10/site-packages (from torch>=1.9.1->kornia==0.8.1) (0.7.1)
Requirement already satisfied: nvidia-nccl-cu12==2.27.5 in /data1/pinci/anaconda3/envs/mllms_fine/lib/python3.10/site-packages (from torch>=1.9.1->kornia==0.8.1) (2.27.5)
Requirement already satisfied: nvidia-nvshmem-cu12==3.3.20 in /data1/pinci/anaconda3/envs/mllms_fine/lib/python3.10/site-packages (from torch>=1.9.1->kornia==0.8.1) (3.3.20)
Requirement already satisfied: nvidia-nvtx-cu12==12.8.90 in /data1/pinci/anaconda3/envs/mllms_fine/lib/python3.10/site-packages (from torch>=1.9.1->kornia==0.8.1) (12.8.90)
Requirement already satisfied: nvidia-nvjitlink-cu12==12.8.93 in /data1/pinci/anaconda3/envs/mllms_fine/lib/python3.10/site-packages (from torch>=1.9.1->kornia==0.8.1) (12.8.93)
Requirement already satisfied: nvidia-cufile-cu12==1.13.1.3 in /data1/pinci/anaconda3/envs/mllms_fine/lib/python3.10/site-packages (from torch>=1.9.1->kornia==0.8.1) (1.13.1.3)
Requirement already satisfied: triton==3.5.0 in /data1/pinci/anaconda3/envs/mllms_fine/lib/python3.10/site-packages (from torch>=1.9.1->kornia==0.8.1) (3.5.0)
Requirement already satisfied: mpmath<1.4,>=1.1.0 in /data1/pinci/anaconda3/envs/mllms_fine/lib/python3.10/site-packages (from sympy>=1.13.3->torch>=1.9.1->kornia==0.8.1) (1.3.0)
Requirement already satisfied: MarkupSafe>=2.0 in /data1/pinci/anaconda3/envs/mllms_fine/lib/python3.10/site-packages (from jinja2->torch>=1.9.1->kornia==0.8.1) (3.0.3)
Downloading kornia-0.8.1-py2.py3-none-any.whl (1.1 MB)
   ━━━━━━━━━━━━━━━━━━━━━━━━━━━━━━━━━━━━━━━━ 1.1/1.1 MB 351.2 kB/s  0:00:03
Downloading kornia_rs-0.1.9-cp310-cp310-manylinux_2_17_x86_64.manylinux2014_x86_64.whl (2.8 MB)
   ━━━━━━━━━━━━━━━━━━━━━━━━━━━━━━━━━━━━━━━━ 2.8/2.8 MB 462.5 kB/s  0:00:06
Installing collected packages: kornia_rs, kornia

Successfully installed kornia-0.8.1 kornia_rs-0.1.9
[OK] kornia==0.8.1
Requirement already satisfied: kornia_rs==0.1.9 in /data1/pinci/anaconda3/envs/mllms_fine/lib/python3.10/site-packages (0.1.9)
[OK] kornia_rs==0.1.9
Collecting langcodes==3.5.0
  Downloading langcodes-3.5.0-py3-none-any.whl.metadata (29 kB)
Collecting language-data>=1.2 (from langcodes==3.5.0)
  Downloading language_data-1.3.0-py3-none-any.whl.metadata (4.3 kB)
Collecting marisa-trie>=1.1.0 (from language-data>=1.2->langcodes==3.5.0)
  Downloading marisa_trie-1.3.1-cp310-cp310-manylinux_2_24_x86_64.manylinux_2_28_x86_64.whl.metadata (10 kB)
Downloading langcodes-3.5.0-py3-none-any.whl (182 kB)
Downloading language_data-1.3.0-py3-none-any.whl (5.4 MB)
   ━━━━━━━━━━━━━━━━━━━━━━━━━━━━━━━━━━━━━━━━ 5.4/5.4 MB 2.0 MB/s  0:00:02
Downloading marisa_trie-1.3.1-cp310-cp310-manylinux_2_24_x86_64.manylinux_2_28_x86_64.whl (1.2 MB)
   ━━━━━━━━━━━━━━━━━━━━━━━━━━━━━━━━━━━━━━━━ 1.2/1.2 MB 2.0 MB/s  0:00:00
Installing collected packages: marisa-trie, language-data, langcodes

Successfully installed langcodes-3.5.0 language-data-1.3.0 marisa-trie-1.3.1
[OK] langcodes==3.5.0
Requirement already satisfied: language_data==1.3.0 in /data1/pinci/anaconda3/envs/mllms_fine/lib/python3.10/site-packages (1.3.0)
Requirement already satisfied: marisa-trie>=1.1.0 in /data1/pinci/anaconda3/envs/mllms_fine/lib/python3.10/site-packages (from language_data==1.3.0) (1.3.1)
[OK] language_data==1.3.0
Collecting latex2mathml==3.78.0
  Downloading latex2mathml-3.78.0-py3-none-any.whl.metadata (14 kB)
Downloading latex2mathml-3.78.0-py3-none-any.whl (73 kB)
Installing collected packages: latex2mathml
Successfully installed latex2mathml-3.78.0
[OK] latex2mathml==3.78.0
Collecting lazy_loader==0.4
  Downloading lazy_loader-0.4-py3-none-any.whl.metadata (7.6 kB)
Requirement already satisfied: packaging in /data1/pinci/anaconda3/envs/mllms_fine/lib/python3.10/site-packages (from lazy_loader==0.4) (25.0)
Downloading lazy_loader-0.4-py3-none-any.whl (12 kB)
Installing collected packages: lazy_loader
Successfully installed lazy_loader-0.4
[OK] lazy_loader==0.4
ERROR:  /root/autodl-tmp/code/ZoomEye is not a valid editable requirement. It should either be a path to a local project or a VCS URL (beginning with bzr+http, bzr+https, bzr+ssh, bzr+sftp, bzr+ftp, bzr+lp, bzr+file, git+http, git+https, git+ssh, git+git, git+file, hg+file, hg+http, hg+https, hg+ssh, hg+static-http, svn+ssh, svn+http, svn+https, svn+svn, svn+file).
[FAILED] -e /root/autodl-tmp/code/ZoomEye
Collecting marisa-trie==1.2.1
  Downloading marisa_trie-1.2.1-cp310-cp310-manylinux_2_17_x86_64.manylinux2014_x86_64.whl.metadata (9.0 kB)
Requirement already satisfied: setuptools in /data1/pinci/anaconda3/envs/mllms_fine/lib/python3.10/site-packages (from marisa-trie==1.2.1) (80.9.0)
Downloading marisa_trie-1.2.1-cp310-cp310-manylinux_2_17_x86_64.manylinux2014_x86_64.whl (1.3 MB)
   ━━━━━━━━━━━━━━━━━━━━━━━━━━━━━━━━━━━━━━━━ 1.3/1.3 MB 1.8 MB/s  0:00:01
Installing collected packages: marisa-trie
  Attempting uninstall: marisa-trie
    Found existing installation: marisa-trie 1.3.1
    Uninstalling marisa-trie-1.3.1:
      Successfully uninstalled marisa-trie-1.3.1
Successfully installed marisa-trie-1.2.1
[OK] marisa-trie==1.2.1
Collecting markdown-it-py==3.0.0
  Downloading markdown_it_py-3.0.0-py3-none-any.whl.metadata (6.9 kB)
Collecting mdurl~=0.1 (from markdown-it-py==3.0.0)
  Downloading mdurl-0.1.2-py3-none-any.whl.metadata (1.6 kB)
Downloading markdown_it_py-3.0.0-py3-none-any.whl (87 kB)
Downloading mdurl-0.1.2-py3-none-any.whl (10.0 kB)
Installing collected packages: mdurl, markdown-it-py

Successfully installed markdown-it-py-3.0.0 mdurl-0.1.2
[OK] markdown-it-py==3.0.0
Collecting markdown2==2.5.3
  Downloading markdown2-2.5.3-py3-none-any.whl.metadata (2.1 kB)
Downloading markdown2-2.5.3-py3-none-any.whl (48 kB)
Installing collected packages: markdown2
Successfully installed markdown2-2.5.3
[OK] markdown2==2.5.3
Collecting MarkupSafe==3.0.2
  Downloading MarkupSafe-3.0.2-cp310-cp310-manylinux_2_17_x86_64.manylinux2014_x86_64.whl.metadata (4.0 kB)
Downloading MarkupSafe-3.0.2-cp310-cp310-manylinux_2_17_x86_64.manylinux2014_x86_64.whl (20 kB)
Installing collected packages: MarkupSafe
  Attempting uninstall: MarkupSafe
    Found existing installation: MarkupSafe 3.0.3
    Uninstalling MarkupSafe-3.0.3:
      Successfully uninstalled MarkupSafe-3.0.3
Successfully installed MarkupSafe-3.0.2
[OK] MarkupSafe==3.0.2
Collecting matplotlib==3.10.3
  Downloading matplotlib-3.10.3-cp310-cp310-manylinux_2_17_x86_64.manylinux2014_x86_64.whl.metadata (11 kB)
Requirement already satisfied: contourpy>=1.0.1 in /data1/pinci/anaconda3/envs/mllms_fine/lib/python3.10/site-packages (from matplotlib==3.10.3) (1.3.2)
Requirement already satisfied: cycler>=0.10 in /data1/pinci/anaconda3/envs/mllms_fine/lib/python3.10/site-packages (from matplotlib==3.10.3) (0.12.1)
Requirement already satisfied: fonttools>=4.22.0 in /data1/pinci/anaconda3/envs/mllms_fine/lib/python3.10/site-packages (from matplotlib==3.10.3) (4.58.4)
Requirement already satisfied: kiwisolver>=1.3.1 in /data1/pinci/anaconda3/envs/mllms_fine/lib/python3.10/site-packages (from matplotlib==3.10.3) (1.4.8)
Requirement already satisfied: numpy>=1.23 in /data1/pinci/anaconda3/envs/mllms_fine/lib/python3.10/site-packages (from matplotlib==3.10.3) (2.2.6)
Requirement already satisfied: packaging>=20.0 in /data1/pinci/anaconda3/envs/mllms_fine/lib/python3.10/site-packages (from matplotlib==3.10.3) (25.0)
Requirement already satisfied: pillow>=8 in /data1/pinci/anaconda3/envs/mllms_fine/lib/python3.10/site-packages (from matplotlib==3.10.3) (12.0.0)
Collecting pyparsing>=2.3.1 (from matplotlib==3.10.3)
  Downloading pyparsing-3.2.5-py3-none-any.whl.metadata (5.0 kB)
Requirement already satisfied: python-dateutil>=2.7 in /data1/pinci/anaconda3/envs/mllms_fine/lib/python3.10/site-packages (from matplotlib==3.10.3) (2.9.0.post0)
Requirement already satisfied: six>=1.5 in /data1/pinci/anaconda3/envs/mllms_fine/lib/python3.10/site-packages (from python-dateutil>=2.7->matplotlib==3.10.3) (1.17.0)
Downloading matplotlib-3.10.3-cp310-cp310-manylinux_2_17_x86_64.manylinux2014_x86_64.whl (8.6 MB)
   ━━━━━━━━━━━━━━━━━━━━━━━━━━━━━━━━━━━━━━━━ 8.6/8.6 MB 1.8 MB/s  0:00:05
Downloading pyparsing-3.2.5-py3-none-any.whl (113 kB)
Installing collected packages: pyparsing, matplotlib

Successfully installed matplotlib-3.10.3 pyparsing-3.2.5
[OK] matplotlib==3.10.3
Requirement already satisfied: mdurl==0.1.2 in /data1/pinci/anaconda3/envs/mllms_fine/lib/python3.10/site-packages (0.1.2)
[OK] mdurl==0.1.2
Requirement already satisfied: mpmath==1.3.0 in /data1/pinci/anaconda3/envs/mllms_fine/lib/python3.10/site-packages (1.3.0)
[OK] mpmath==1.3.0
Collecting multidict==6.6.3
  Downloading multidict-6.6.3-cp310-cp310-manylinux2014_x86_64.manylinux_2_17_x86_64.manylinux_2_28_x86_64.whl.metadata (5.3 kB)
Requirement already satisfied: typing-extensions>=4.1.0 in /data1/pinci/anaconda3/envs/mllms_fine/lib/python3.10/site-packages (from multidict==6.6.3) (4.15.0)
Downloading multidict-6.6.3-cp310-cp310-manylinux2014_x86_64.manylinux_2_17_x86_64.manylinux_2_28_x86_64.whl (241 kB)
Installing collected packages: multidict
  Attempting uninstall: multidict
    Found existing installation: multidict 6.7.0
    Uninstalling multidict-6.7.0:
      Successfully uninstalled multidict-6.7.0
Successfully installed multidict-6.6.3
[OK] multidict==6.6.3
Requirement already satisfied: multiprocess==0.70.15 in /data1/pinci/anaconda3/envs/mllms_fine/lib/python3.10/site-packages (0.70.15)
Requirement already satisfied: dill>=0.3.7 in /data1/pinci/anaconda3/envs/mllms_fine/lib/python3.10/site-packages (from multiprocess==0.70.15) (0.3.7)
[OK] multiprocess==0.70.15
Collecting murmurhash==1.0.13
  Downloading murmurhash-1.0.13-cp310-cp310-manylinux_2_5_x86_64.manylinux1_x86_64.manylinux_2_17_x86_64.manylinux2014_x86_64.whl.metadata (2.2 kB)
Downloading murmurhash-1.0.13-cp310-cp310-manylinux_2_5_x86_64.manylinux1_x86_64.manylinux_2_17_x86_64.manylinux2014_x86_64.whl (117 kB)
Installing collected packages: murmurhash
Successfully installed murmurhash-1.0.13
[OK] murmurhash==1.0.13
Requirement already satisfied: networkx==3.4.2 in /data1/pinci/anaconda3/envs/mllms_fine/lib/python3.10/site-packages (3.4.2)
[OK] networkx==3.4.2
Collecting ninja==1.11.1.4
  Downloading ninja-1.11.1.4-py3-none-manylinux_2_12_x86_64.manylinux2010_x86_64.whl.metadata (5.0 kB)
Downloading ninja-1.11.1.4-py3-none-manylinux_2_12_x86_64.manylinux2010_x86_64.whl (422 kB)
Installing collected packages: ninja
  Attempting uninstall: ninja
    Found existing installation: ninja 1.13.0
    Uninstalling ninja-1.13.0:
      Successfully uninstalled ninja-1.13.0
Successfully installed ninja-1.11.1.4
[OK] ninja==1.11.1.4
Collecting numpy==1.26.1
  Downloading numpy-1.26.1-cp310-cp310-manylinux_2_17_x86_64.manylinux2014_x86_64.whl.metadata (61 kB)
Downloading numpy-1.26.1-cp310-cp310-manylinux_2_17_x86_64.manylinux2014_x86_64.whl (18.2 MB)
   ━━━━━━━━━━━━━━━━━━━━━━━━━━━━━━━━━━━━━━━━ 18.2/18.2 MB 2.0 MB/s  0:00:09
Installing collected packages: numpy
  Attempting uninstall: numpy
    Found existing installation: numpy 2.2.6
    Uninstalling numpy-2.2.6:
      Successfully uninstalled numpy-2.2.6
Successfully installed numpy-1.26.1
[OK] numpy==1.26.1
Collecting nvidia-cublas-cu12==12.1.3.1
  Downloading nvidia_cublas_cu12-12.1.3.1-py3-none-manylinux1_x86_64.whl.metadata (1.5 kB)
Downloading nvidia_cublas_cu12-12.1.3.1-py3-none-manylinux1_x86_64.whl (410.6 MB)
   ━━━━━━━━━━━━━━━━━━━━━━━━━━━━━━━━━━━━━━━━ 410.6/410.6 MB 2.0 MB/s  0:03:26
Installing collected packages: nvidia-cublas-cu12
  Attempting uninstall: nvidia-cublas-cu12
    Found existing installation: nvidia-cublas-cu12 12.8.4.1
    Uninstalling nvidia-cublas-cu12-12.8.4.1:
      Successfully uninstalled nvidia-cublas-cu12-12.8.4.1
ERROR: pip's dependency resolver does not currently take into account all the packages that are installed. This behaviour is the source of the following dependency conflicts.
torch 2.9.0 requires nvidia-cublas-cu12==12.8.4.1; platform_system == "Linux" and platform_machine == "x86_64", but you have nvidia-cublas-cu12 12.1.3.1 which is incompatible.
Successfully installed nvidia-cublas-cu12-12.1.3.1
[OK] nvidia-cublas-cu12==12.1.3.1
Collecting nvidia-cuda-cupti-cu12==12.1.105
  Downloading nvidia_cuda_cupti_cu12-12.1.105-py3-none-manylinux1_x86_64.whl.metadata (1.6 kB)
Downloading nvidia_cuda_cupti_cu12-12.1.105-py3-none-manylinux1_x86_64.whl (14.1 MB)
   ━━━━━━━━━━━━━━━━━━━━━━━━━━━━━━━━━━━━━━━━ 14.1/14.1 MB 2.0 MB/s  0:00:07
Installing collected packages: nvidia-cuda-cupti-cu12
  Attempting uninstall: nvidia-cuda-cupti-cu12
    Found existing installation: nvidia-cuda-cupti-cu12 12.8.90
    Uninstalling nvidia-cuda-cupti-cu12-12.8.90:
      Successfully uninstalled nvidia-cuda-cupti-cu12-12.8.90
ERROR: pip's dependency resolver does not currently take into account all the packages that are installed. This behaviour is the source of the following dependency conflicts.
torch 2.9.0 requires nvidia-cublas-cu12==12.8.4.1; platform_system == "Linux" and platform_machine == "x86_64", but you have nvidia-cublas-cu12 12.1.3.1 which is incompatible.
torch 2.9.0 requires nvidia-cuda-cupti-cu12==12.8.90; platform_system == "Linux" and platform_machine == "x86_64", but you have nvidia-cuda-cupti-cu12 12.1.105 which is incompatible.
Successfully installed nvidia-cuda-cupti-cu12-12.1.105
[OK] nvidia-cuda-cupti-cu12==12.1.105
Collecting nvidia-cuda-nvrtc-cu12==12.1.105
  Downloading nvidia_cuda_nvrtc_cu12-12.1.105-py3-none-manylinux1_x86_64.whl.metadata (1.5 kB)
Downloading nvidia_cuda_nvrtc_cu12-12.1.105-py3-none-manylinux1_x86_64.whl (23.7 MB)
   ━━━━━━━━━━━━━━━━━━━━━━━━━━━━━━━━━━━━━━━━ 23.7/23.7 MB 2.0 MB/s  0:00:12
Installing collected packages: nvidia-cuda-nvrtc-cu12
  Attempting uninstall: nvidia-cuda-nvrtc-cu12
    Found existing installation: nvidia-cuda-nvrtc-cu12 12.8.93
    Uninstalling nvidia-cuda-nvrtc-cu12-12.8.93:
      Successfully uninstalled nvidia-cuda-nvrtc-cu12-12.8.93
ERROR: pip's dependency resolver does not currently take into account all the packages that are installed. This behaviour is the source of the following dependency conflicts.
torch 2.9.0 requires nvidia-cublas-cu12==12.8.4.1; platform_system == "Linux" and platform_machine == "x86_64", but you have nvidia-cublas-cu12 12.1.3.1 which is incompatible.
torch 2.9.0 requires nvidia-cuda-cupti-cu12==12.8.90; platform_system == "Linux" and platform_machine == "x86_64", but you have nvidia-cuda-cupti-cu12 12.1.105 which is incompatible.
torch 2.9.0 requires nvidia-cuda-nvrtc-cu12==12.8.93; platform_system == "Linux" and platform_machine == "x86_64", but you have nvidia-cuda-nvrtc-cu12 12.1.105 which is incompatible.
Successfully installed nvidia-cuda-nvrtc-cu12-12.1.105
[OK] nvidia-cuda-nvrtc-cu12==12.1.105
Collecting nvidia-cuda-runtime-cu12==12.1.105
  Downloading nvidia_cuda_runtime_cu12-12.1.105-py3-none-manylinux1_x86_64.whl.metadata (1.5 kB)
Downloading nvidia_cuda_runtime_cu12-12.1.105-py3-none-manylinux1_x86_64.whl (823 kB)
   ━━━━━━━━━━━━━━━━━━━━━━━━━━━━━━━━━━━━━━━━ 823.6/823.6 kB 1.6 MB/s  0:00:00
Installing collected packages: nvidia-cuda-runtime-cu12
  Attempting uninstall: nvidia-cuda-runtime-cu12
    Found existing installation: nvidia-cuda-runtime-cu12 12.8.90
    Uninstalling nvidia-cuda-runtime-cu12-12.8.90:
      Successfully uninstalled nvidia-cuda-runtime-cu12-12.8.90
ERROR: pip's dependency resolver does not currently take into account all the packages that are installed. This behaviour is the source of the following dependency conflicts.
torch 2.9.0 requires nvidia-cublas-cu12==12.8.4.1; platform_system == "Linux" and platform_machine == "x86_64", but you have nvidia-cublas-cu12 12.1.3.1 which is incompatible.
torch 2.9.0 requires nvidia-cuda-cupti-cu12==12.8.90; platform_system == "Linux" and platform_machine == "x86_64", but you have nvidia-cuda-cupti-cu12 12.1.105 which is incompatible.
torch 2.9.0 requires nvidia-cuda-nvrtc-cu12==12.8.93; platform_system == "Linux" and platform_machine == "x86_64", but you have nvidia-cuda-nvrtc-cu12 12.1.105 which is incompatible.
torch 2.9.0 requires nvidia-cuda-runtime-cu12==12.8.90; platform_system == "Linux" and platform_machine == "x86_64", but you have nvidia-cuda-runtime-cu12 12.1.105 which is incompatible.
Successfully installed nvidia-cuda-runtime-cu12-12.1.105
[OK] nvidia-cuda-runtime-cu12==12.1.105
Collecting nvidia-cudnn-cu12==8.9.2.26
  Downloading nvidia_cudnn_cu12-8.9.2.26-py3-none-manylinux1_x86_64.whl.metadata (1.6 kB)
Requirement already satisfied: nvidia-cublas-cu12 in /data1/pinci/anaconda3/envs/mllms_fine/lib/python3.10/site-packages (from nvidia-cudnn-cu12==8.9.2.26) (12.1.3.1)
Downloading nvidia_cudnn_cu12-8.9.2.26-py3-none-manylinux1_x86_64.whl (731.7 MB)
   ━━━━━━━━━━━━━━━━━━━━━━━━━━━━━━━━━━━━━━━━ 731.7/731.7 MB 1.9 MB/s  0:06:07
Installing collected packages: nvidia-cudnn-cu12
  Attempting uninstall: nvidia-cudnn-cu12
    Found existing installation: nvidia-cudnn-cu12 9.10.2.21
    Uninstalling nvidia-cudnn-cu12-9.10.2.21:
      Successfully uninstalled nvidia-cudnn-cu12-9.10.2.21
ERROR: pip's dependency resolver does not currently take into account all the packages that are installed. This behaviour is the source of the following dependency conflicts.
torch 2.9.0 requires nvidia-cublas-cu12==12.8.4.1; platform_system == "Linux" and platform_machine == "x86_64", but you have nvidia-cublas-cu12 12.1.3.1 which is incompatible.
torch 2.9.0 requires nvidia-cuda-cupti-cu12==12.8.90; platform_system == "Linux" and platform_machine == "x86_64", but you have nvidia-cuda-cupti-cu12 12.1.105 which is incompatible.
torch 2.9.0 requires nvidia-cuda-nvrtc-cu12==12.8.93; platform_system == "Linux" and platform_machine == "x86_64", but you have nvidia-cuda-nvrtc-cu12 12.1.105 which is incompatible.
torch 2.9.0 requires nvidia-cuda-runtime-cu12==12.8.90; platform_system == "Linux" and platform_machine == "x86_64", but you have nvidia-cuda-runtime-cu12 12.1.105 which is incompatible.
torch 2.9.0 requires nvidia-cudnn-cu12==9.10.2.21; platform_system == "Linux" and platform_machine == "x86_64", but you have nvidia-cudnn-cu12 8.9.2.26 which is incompatible.
Successfully installed nvidia-cudnn-cu12-8.9.2.26
[OK] nvidia-cudnn-cu12==8.9.2.26
Collecting nvidia-cufft-cu12==11.0.2.54
  Downloading nvidia_cufft_cu12-11.0.2.54-py3-none-manylinux1_x86_64.whl.metadata (1.5 kB)
Downloading nvidia_cufft_cu12-11.0.2.54-py3-none-manylinux1_x86_64.whl (121.6 MB)
   ━━━━━━━━━━━━━━━━━━━━━━━━━━━━━━━━━━━━━━━━ 121.6/121.6 MB 2.0 MB/s  0:01:01
Installing collected packages: nvidia-cufft-cu12
  Attempting uninstall: nvidia-cufft-cu12
    Found existing installation: nvidia-cufft-cu12 11.3.3.83
    Uninstalling nvidia-cufft-cu12-11.3.3.83:
      Successfully uninstalled nvidia-cufft-cu12-11.3.3.83
ERROR: pip's dependency resolver does not currently take into account all the packages that are installed. This behaviour is the source of the following dependency conflicts.
torch 2.9.0 requires nvidia-cublas-cu12==12.8.4.1; platform_system == "Linux" and platform_machine == "x86_64", but you have nvidia-cublas-cu12 12.1.3.1 which is incompatible.
torch 2.9.0 requires nvidia-cuda-cupti-cu12==12.8.90; platform_system == "Linux" and platform_machine == "x86_64", but you have nvidia-cuda-cupti-cu12 12.1.105 which is incompatible.
torch 2.9.0 requires nvidia-cuda-nvrtc-cu12==12.8.93; platform_system == "Linux" and platform_machine == "x86_64", but you have nvidia-cuda-nvrtc-cu12 12.1.105 which is incompatible.
torch 2.9.0 requires nvidia-cuda-runtime-cu12==12.8.90; platform_system == "Linux" and platform_machine == "x86_64", but you have nvidia-cuda-runtime-cu12 12.1.105 which is incompatible.
torch 2.9.0 requires nvidia-cudnn-cu12==9.10.2.21; platform_system == "Linux" and platform_machine == "x86_64", but you have nvidia-cudnn-cu12 8.9.2.26 which is incompatible.
torch 2.9.0 requires nvidia-cufft-cu12==11.3.3.83; platform_system == "Linux" and platform_machine == "x86_64", but you have nvidia-cufft-cu12 11.0.2.54 which is incompatible.
Successfully installed nvidia-cufft-cu12-11.0.2.54
[OK] nvidia-cufft-cu12==11.0.2.54
Collecting nvidia-curand-cu12==10.3.2.106
  Downloading nvidia_curand_cu12-10.3.2.106-py3-none-manylinux1_x86_64.whl.metadata (1.5 kB)
Downloading nvidia_curand_cu12-10.3.2.106-py3-none-manylinux1_x86_64.whl (56.5 MB)
   ━━━━━━━━━━━━━━━━━━━━━━━━━━━━━━━━━━━━━━━━ 56.5/56.5 MB 2.0 MB/s  0:00:28
Installing collected packages: nvidia-curand-cu12
  Attempting uninstall: nvidia-curand-cu12
    Found existing installation: nvidia-curand-cu12 10.3.9.90
    Uninstalling nvidia-curand-cu12-10.3.9.90:
      Successfully uninstalled nvidia-curand-cu12-10.3.9.90
ERROR: pip's dependency resolver does not currently take into account all the packages that are installed. This behaviour is the source of the following dependency conflicts.
torch 2.9.0 requires nvidia-cublas-cu12==12.8.4.1; platform_system == "Linux" and platform_machine == "x86_64", but you have nvidia-cublas-cu12 12.1.3.1 which is incompatible.
torch 2.9.0 requires nvidia-cuda-cupti-cu12==12.8.90; platform_system == "Linux" and platform_machine == "x86_64", but you have nvidia-cuda-cupti-cu12 12.1.105 which is incompatible.
torch 2.9.0 requires nvidia-cuda-nvrtc-cu12==12.8.93; platform_system == "Linux" and platform_machine == "x86_64", but you have nvidia-cuda-nvrtc-cu12 12.1.105 which is incompatible.
torch 2.9.0 requires nvidia-cuda-runtime-cu12==12.8.90; platform_system == "Linux" and platform_machine == "x86_64", but you have nvidia-cuda-runtime-cu12 12.1.105 which is incompatible.
torch 2.9.0 requires nvidia-cudnn-cu12==9.10.2.21; platform_system == "Linux" and platform_machine == "x86_64", but you have nvidia-cudnn-cu12 8.9.2.26 which is incompatible.
torch 2.9.0 requires nvidia-cufft-cu12==11.3.3.83; platform_system == "Linux" and platform_machine == "x86_64", but you have nvidia-cufft-cu12 11.0.2.54 which is incompatible.
torch 2.9.0 requires nvidia-curand-cu12==10.3.9.90; platform_system == "Linux" and platform_machine == "x86_64", but you have nvidia-curand-cu12 10.3.2.106 which is incompatible.
Successfully installed nvidia-curand-cu12-10.3.2.106
[OK] nvidia-curand-cu12==10.3.2.106
Collecting nvidia-cusolver-cu12==11.4.5.107
  Downloading nvidia_cusolver_cu12-11.4.5.107-py3-none-manylinux1_x86_64.whl.metadata (1.6 kB)
Requirement already satisfied: nvidia-cublas-cu12 in /data1/pinci/anaconda3/envs/mllms_fine/lib/python3.10/site-packages (from nvidia-cusolver-cu12==11.4.5.107) (12.1.3.1)
Requirement already satisfied: nvidia-nvjitlink-cu12 in /data1/pinci/anaconda3/envs/mllms_fine/lib/python3.10/site-packages (from nvidia-cusolver-cu12==11.4.5.107) (12.8.93)
Requirement already satisfied: nvidia-cusparse-cu12 in /data1/pinci/anaconda3/envs/mllms_fine/lib/python3.10/site-packages (from nvidia-cusolver-cu12==11.4.5.107) (12.5.8.93)
Downloading nvidia_cusolver_cu12-11.4.5.107-py3-none-manylinux1_x86_64.whl (124.2 MB)
   ━━━━━━━━━━━━━━━━━━━━━━━━━━━━━━━━━━━━━━━━ 124.2/124.2 MB 2.0 MB/s  0:01:02
Installing collected packages: nvidia-cusolver-cu12
  Attempting uninstall: nvidia-cusolver-cu12
    Found existing installation: nvidia-cusolver-cu12 11.7.3.90
    Uninstalling nvidia-cusolver-cu12-11.7.3.90:
      Successfully uninstalled nvidia-cusolver-cu12-11.7.3.90
ERROR: pip's dependency resolver does not currently take into account all the packages that are installed. This behaviour is the source of the following dependency conflicts.
torch 2.9.0 requires nvidia-cublas-cu12==12.8.4.1; platform_system == "Linux" and platform_machine == "x86_64", but you have nvidia-cublas-cu12 12.1.3.1 which is incompatible.
torch 2.9.0 requires nvidia-cuda-cupti-cu12==12.8.90; platform_system == "Linux" and platform_machine == "x86_64", but you have nvidia-cuda-cupti-cu12 12.1.105 which is incompatible.
torch 2.9.0 requires nvidia-cuda-nvrtc-cu12==12.8.93; platform_system == "Linux" and platform_machine == "x86_64", but you have nvidia-cuda-nvrtc-cu12 12.1.105 which is incompatible.
torch 2.9.0 requires nvidia-cuda-runtime-cu12==12.8.90; platform_system == "Linux" and platform_machine == "x86_64", but you have nvidia-cuda-runtime-cu12 12.1.105 which is incompatible.
torch 2.9.0 requires nvidia-cudnn-cu12==9.10.2.21; platform_system == "Linux" and platform_machine == "x86_64", but you have nvidia-cudnn-cu12 8.9.2.26 which is incompatible.
torch 2.9.0 requires nvidia-cufft-cu12==11.3.3.83; platform_system == "Linux" and platform_machine == "x86_64", but you have nvidia-cufft-cu12 11.0.2.54 which is incompatible.
torch 2.9.0 requires nvidia-curand-cu12==10.3.9.90; platform_system == "Linux" and platform_machine == "x86_64", but you have nvidia-curand-cu12 10.3.2.106 which is incompatible.
torch 2.9.0 requires nvidia-cusolver-cu12==11.7.3.90; platform_system == "Linux" and platform_machine == "x86_64", but you have nvidia-cusolver-cu12 11.4.5.107 which is incompatible.
Successfully installed nvidia-cusolver-cu12-11.4.5.107
[OK] nvidia-cusolver-cu12==11.4.5.107
Collecting nvidia-cusparse-cu12==12.1.0.106
  Downloading nvidia_cusparse_cu12-12.1.0.106-py3-none-manylinux1_x86_64.whl.metadata (1.6 kB)
Requirement already satisfied: nvidia-nvjitlink-cu12 in /data1/pinci/anaconda3/envs/mllms_fine/lib/python3.10/site-packages (from nvidia-cusparse-cu12==12.1.0.106) (12.8.93)
Downloading nvidia_cusparse_cu12-12.1.0.106-py3-none-manylinux1_x86_64.whl (196.0 MB)
   ━━━━━━━━━━━━━━━━━━━━━━━━━━━━━━━━━━━━━━━━ 196.0/196.0 MB 2.0 MB/s  0:01:38
Installing collected packages: nvidia-cusparse-cu12
  Attempting uninstall: nvidia-cusparse-cu12
    Found existing installation: nvidia-cusparse-cu12 12.5.8.93
    Uninstalling nvidia-cusparse-cu12-12.5.8.93:
      Successfully uninstalled nvidia-cusparse-cu12-12.5.8.93
ERROR: pip's dependency resolver does not currently take into account all the packages that are installed. This behaviour is the source of the following dependency conflicts.
torch 2.9.0 requires nvidia-cublas-cu12==12.8.4.1; platform_system == "Linux" and platform_machine == "x86_64", but you have nvidia-cublas-cu12 12.1.3.1 which is incompatible.
torch 2.9.0 requires nvidia-cuda-cupti-cu12==12.8.90; platform_system == "Linux" and platform_machine == "x86_64", but you have nvidia-cuda-cupti-cu12 12.1.105 which is incompatible.
torch 2.9.0 requires nvidia-cuda-nvrtc-cu12==12.8.93; platform_system == "Linux" and platform_machine == "x86_64", but you have nvidia-cuda-nvrtc-cu12 12.1.105 which is incompatible.
torch 2.9.0 requires nvidia-cuda-runtime-cu12==12.8.90; platform_system == "Linux" and platform_machine == "x86_64", but you have nvidia-cuda-runtime-cu12 12.1.105 which is incompatible.
torch 2.9.0 requires nvidia-cudnn-cu12==9.10.2.21; platform_system == "Linux" and platform_machine == "x86_64", but you have nvidia-cudnn-cu12 8.9.2.26 which is incompatible.
torch 2.9.0 requires nvidia-cufft-cu12==11.3.3.83; platform_system == "Linux" and platform_machine == "x86_64", but you have nvidia-cufft-cu12 11.0.2.54 which is incompatible.
torch 2.9.0 requires nvidia-curand-cu12==10.3.9.90; platform_system == "Linux" and platform_machine == "x86_64", but you have nvidia-curand-cu12 10.3.2.106 which is incompatible.
torch 2.9.0 requires nvidia-cusolver-cu12==11.7.3.90; platform_system == "Linux" and platform_machine == "x86_64", but you have nvidia-cusolver-cu12 11.4.5.107 which is incompatible.
torch 2.9.0 requires nvidia-cusparse-cu12==12.5.8.93; platform_system == "Linux" and platform_machine == "x86_64", but you have nvidia-cusparse-cu12 12.1.0.106 which is incompatible.
Successfully installed nvidia-cusparse-cu12-12.1.0.106
[OK] nvidia-cusparse-cu12==12.1.0.106
Collecting nvidia-ml-py==12.575.51
  Downloading nvidia_ml_py-12.575.51-py3-none-any.whl.metadata (9.3 kB)
Downloading nvidia_ml_py-12.575.51-py3-none-any.whl (47 kB)
Installing collected packages: nvidia-ml-py
  Attempting uninstall: nvidia-ml-py
    Found existing installation: nvidia-ml-py 13.580.82
    Uninstalling nvidia-ml-py-13.580.82:
      Successfully uninstalled nvidia-ml-py-13.580.82
Successfully installed nvidia-ml-py-12.575.51
[OK] nvidia-ml-py==12.575.51
Collecting nvidia-nccl-cu12==2.18.1
  Downloading nvidia_nccl_cu12-2.18.1-py3-none-manylinux1_x86_64.whl.metadata (1.8 kB)
Downloading nvidia_nccl_cu12-2.18.1-py3-none-manylinux1_x86_64.whl (209.8 MB)
   ━━━━━━━━━━━━━━━━━━━━━━━━━━━━━━━━━━━━━━━━ 209.8/209.8 MB 2.0 MB/s  0:01:45
Installing collected packages: nvidia-nccl-cu12
  Attempting uninstall: nvidia-nccl-cu12
    Found existing installation: nvidia-nccl-cu12 2.27.5
    Uninstalling nvidia-nccl-cu12-2.27.5:
      Successfully uninstalled nvidia-nccl-cu12-2.27.5
ERROR: pip's dependency resolver does not currently take into account all the packages that are installed. This behaviour is the source of the following dependency conflicts.
torch 2.9.0 requires nvidia-cublas-cu12==12.8.4.1; platform_system == "Linux" and platform_machine == "x86_64", but you have nvidia-cublas-cu12 12.1.3.1 which is incompatible.
torch 2.9.0 requires nvidia-cuda-cupti-cu12==12.8.90; platform_system == "Linux" and platform_machine == "x86_64", but you have nvidia-cuda-cupti-cu12 12.1.105 which is incompatible.
torch 2.9.0 requires nvidia-cuda-nvrtc-cu12==12.8.93; platform_system == "Linux" and platform_machine == "x86_64", but you have nvidia-cuda-nvrtc-cu12 12.1.105 which is incompatible.
torch 2.9.0 requires nvidia-cuda-runtime-cu12==12.8.90; platform_system == "Linux" and platform_machine == "x86_64", but you have nvidia-cuda-runtime-cu12 12.1.105 which is incompatible.
torch 2.9.0 requires nvidia-cudnn-cu12==9.10.2.21; platform_system == "Linux" and platform_machine == "x86_64", but you have nvidia-cudnn-cu12 8.9.2.26 which is incompatible.
torch 2.9.0 requires nvidia-cufft-cu12==11.3.3.83; platform_system == "Linux" and platform_machine == "x86_64", but you have nvidia-cufft-cu12 11.0.2.54 which is incompatible.
torch 2.9.0 requires nvidia-curand-cu12==10.3.9.90; platform_system == "Linux" and platform_machine == "x86_64", but you have nvidia-curand-cu12 10.3.2.106 which is incompatible.
torch 2.9.0 requires nvidia-cusolver-cu12==11.7.3.90; platform_system == "Linux" and platform_machine == "x86_64", but you have nvidia-cusolver-cu12 11.4.5.107 which is incompatible.
torch 2.9.0 requires nvidia-cusparse-cu12==12.5.8.93; platform_system == "Linux" and platform_machine == "x86_64", but you have nvidia-cusparse-cu12 12.1.0.106 which is incompatible.
torch 2.9.0 requires nvidia-nccl-cu12==2.27.5; platform_system == "Linux" and platform_machine == "x86_64", but you have nvidia-nccl-cu12 2.18.1 which is incompatible.
Successfully installed nvidia-nccl-cu12-2.18.1
[OK] nvidia-nccl-cu12==2.18.1
Collecting nvidia-nvjitlink-cu12==12.9.86
  Downloading nvidia_nvjitlink_cu12-12.9.86-py3-none-manylinux2010_x86_64.manylinux_2_12_x86_64.whl.metadata (1.7 kB)
Downloading nvidia_nvjitlink_cu12-12.9.86-py3-none-manylinux2010_x86_64.manylinux_2_12_x86_64.whl (39.7 MB)
   ━━━━━━━━━━━━━━━━━━━━━━━━━━━━━━━━━━━━━━━━ 39.7/39.7 MB 2.0 MB/s  0:00:20
Installing collected packages: nvidia-nvjitlink-cu12
  Attempting uninstall: nvidia-nvjitlink-cu12
    Found existing installation: nvidia-nvjitlink-cu12 12.8.93
    Uninstalling nvidia-nvjitlink-cu12-12.8.93:
      Successfully uninstalled nvidia-nvjitlink-cu12-12.8.93
ERROR: pip's dependency resolver does not currently take into account all the packages that are installed. This behaviour is the source of the following dependency conflicts.
torch 2.9.0 requires nvidia-cublas-cu12==12.8.4.1; platform_system == "Linux" and platform_machine == "x86_64", but you have nvidia-cublas-cu12 12.1.3.1 which is incompatible.
torch 2.9.0 requires nvidia-cuda-cupti-cu12==12.8.90; platform_system == "Linux" and platform_machine == "x86_64", but you have nvidia-cuda-cupti-cu12 12.1.105 which is incompatible.
torch 2.9.0 requires nvidia-cuda-nvrtc-cu12==12.8.93; platform_system == "Linux" and platform_machine == "x86_64", but you have nvidia-cuda-nvrtc-cu12 12.1.105 which is incompatible.
torch 2.9.0 requires nvidia-cuda-runtime-cu12==12.8.90; platform_system == "Linux" and platform_machine == "x86_64", but you have nvidia-cuda-runtime-cu12 12.1.105 which is incompatible.
torch 2.9.0 requires nvidia-cudnn-cu12==9.10.2.21; platform_system == "Linux" and platform_machine == "x86_64", but you have nvidia-cudnn-cu12 8.9.2.26 which is incompatible.
torch 2.9.0 requires nvidia-cufft-cu12==11.3.3.83; platform_system == "Linux" and platform_machine == "x86_64", but you have nvidia-cufft-cu12 11.0.2.54 which is incompatible.
torch 2.9.0 requires nvidia-curand-cu12==10.3.9.90; platform_system == "Linux" and platform_machine == "x86_64", but you have nvidia-curand-cu12 10.3.2.106 which is incompatible.
torch 2.9.0 requires nvidia-cusolver-cu12==11.7.3.90; platform_system == "Linux" and platform_machine == "x86_64", but you have nvidia-cusolver-cu12 11.4.5.107 which is incompatible.
torch 2.9.0 requires nvidia-cusparse-cu12==12.5.8.93; platform_system == "Linux" and platform_machine == "x86_64", but you have nvidia-cusparse-cu12 12.1.0.106 which is incompatible.
torch 2.9.0 requires nvidia-nccl-cu12==2.27.5; platform_system == "Linux" and platform_machine == "x86_64", but you have nvidia-nccl-cu12 2.18.1 which is incompatible.
torch 2.9.0 requires nvidia-nvjitlink-cu12==12.8.93; platform_system == "Linux" and platform_machine == "x86_64", but you have nvidia-nvjitlink-cu12 12.9.86 which is incompatible.
Successfully installed nvidia-nvjitlink-cu12-12.9.86
[OK] nvidia-nvjitlink-cu12==12.9.86
Collecting nvidia-nvtx-cu12==12.1.105
  Downloading nvidia_nvtx_cu12-12.1.105-py3-none-manylinux1_x86_64.whl.metadata (1.7 kB)
Downloading nvidia_nvtx_cu12-12.1.105-py3-none-manylinux1_x86_64.whl (99 kB)
Installing collected packages: nvidia-nvtx-cu12
  Attempting uninstall: nvidia-nvtx-cu12
    Found existing installation: nvidia-nvtx-cu12 12.8.90
    Uninstalling nvidia-nvtx-cu12-12.8.90:
      Successfully uninstalled nvidia-nvtx-cu12-12.8.90
ERROR: pip's dependency resolver does not currently take into account all the packages that are installed. This behaviour is the source of the following dependency conflicts.
torch 2.9.0 requires nvidia-cublas-cu12==12.8.4.1; platform_system == "Linux" and platform_machine == "x86_64", but you have nvidia-cublas-cu12 12.1.3.1 which is incompatible.
torch 2.9.0 requires nvidia-cuda-cupti-cu12==12.8.90; platform_system == "Linux" and platform_machine == "x86_64", but you have nvidia-cuda-cupti-cu12 12.1.105 which is incompatible.
torch 2.9.0 requires nvidia-cuda-nvrtc-cu12==12.8.93; platform_system == "Linux" and platform_machine == "x86_64", but you have nvidia-cuda-nvrtc-cu12 12.1.105 which is incompatible.
torch 2.9.0 requires nvidia-cuda-runtime-cu12==12.8.90; platform_system == "Linux" and platform_machine == "x86_64", but you have nvidia-cuda-runtime-cu12 12.1.105 which is incompatible.
torch 2.9.0 requires nvidia-cudnn-cu12==9.10.2.21; platform_system == "Linux" and platform_machine == "x86_64", but you have nvidia-cudnn-cu12 8.9.2.26 which is incompatible.
torch 2.9.0 requires nvidia-cufft-cu12==11.3.3.83; platform_system == "Linux" and platform_machine == "x86_64", but you have nvidia-cufft-cu12 11.0.2.54 which is incompatible.
torch 2.9.0 requires nvidia-curand-cu12==10.3.9.90; platform_system == "Linux" and platform_machine == "x86_64", but you have nvidia-curand-cu12 10.3.2.106 which is incompatible.
torch 2.9.0 requires nvidia-cusolver-cu12==11.7.3.90; platform_system == "Linux" and platform_machine == "x86_64", but you have nvidia-cusolver-cu12 11.4.5.107 which is incompatible.
torch 2.9.0 requires nvidia-cusparse-cu12==12.5.8.93; platform_system == "Linux" and platform_machine == "x86_64", but you have nvidia-cusparse-cu12 12.1.0.106 which is incompatible.
torch 2.9.0 requires nvidia-nccl-cu12==2.27.5; platform_system == "Linux" and platform_machine == "x86_64", but you have nvidia-nccl-cu12 2.18.1 which is incompatible.
torch 2.9.0 requires nvidia-nvjitlink-cu12==12.8.93; platform_system == "Linux" and platform_machine == "x86_64", but you have nvidia-nvjitlink-cu12 12.9.86 which is incompatible.
torch 2.9.0 requires nvidia-nvtx-cu12==12.8.90; platform_system == "Linux" and platform_machine == "x86_64", but you have nvidia-nvtx-cu12 12.1.105 which is incompatible.
Successfully installed nvidia-nvtx-cu12-12.1.105
[OK] nvidia-nvtx-cu12==12.1.105
Collecting open_clip_torch==2.32.0
  Downloading open_clip_torch-2.32.0-py3-none-any.whl.metadata (31 kB)
Requirement already satisfied: torch>=1.9.0 in /data1/pinci/anaconda3/envs/mllms_fine/lib/python3.10/site-packages (from open_clip_torch==2.32.0) (2.9.0)
Collecting torchvision (from open_clip_torch==2.32.0)
  Downloading torchvision-0.24.0-cp310-cp310-manylinux_2_28_x86_64.whl.metadata (5.9 kB)
Collecting regex (from open_clip_torch==2.32.0)
  Downloading regex-2025.10.23-cp310-cp310-manylinux2014_x86_64.manylinux_2_17_x86_64.manylinux_2_28_x86_64.whl.metadata (40 kB)
Requirement already satisfied: ftfy in /data1/pinci/anaconda3/envs/mllms_fine/lib/python3.10/site-packages (from open_clip_torch==2.32.0) (6.3.1)
Requirement already satisfied: tqdm in /data1/pinci/anaconda3/envs/mllms_fine/lib/python3.10/site-packages (from open_clip_torch==2.32.0) (4.67.1)
Requirement already satisfied: huggingface-hub in /data1/pinci/anaconda3/envs/mllms_fine/lib/python3.10/site-packages (from open_clip_torch==2.32.0) (0.33.1)
Requirement already satisfied: safetensors in /data1/pinci/anaconda3/envs/mllms_fine/lib/python3.10/site-packages (from open_clip_torch==2.32.0) (0.6.2)
Collecting timm (from open_clip_torch==2.32.0)
  Downloading timm-1.0.20-py3-none-any.whl.metadata (61 kB)
Requirement already satisfied: filelock in /data1/pinci/anaconda3/envs/mllms_fine/lib/python3.10/site-packages (from torch>=1.9.0->open_clip_torch==2.32.0) (3.18.0)
Requirement already satisfied: typing-extensions>=4.10.0 in /data1/pinci/anaconda3/envs/mllms_fine/lib/python3.10/site-packages (from torch>=1.9.0->open_clip_torch==2.32.0) (4.15.0)
Requirement already satisfied: sympy>=1.13.3 in /data1/pinci/anaconda3/envs/mllms_fine/lib/python3.10/site-packages (from torch>=1.9.0->open_clip_torch==2.32.0) (1.14.0)
Requirement already satisfied: networkx>=2.5.1 in /data1/pinci/anaconda3/envs/mllms_fine/lib/python3.10/site-packages (from torch>=1.9.0->open_clip_torch==2.32.0) (3.4.2)
Requirement already satisfied: jinja2 in /data1/pinci/anaconda3/envs/mllms_fine/lib/python3.10/site-packages (from torch>=1.9.0->open_clip_torch==2.32.0) (3.1.6)
Requirement already satisfied: fsspec>=0.8.5 in /data1/pinci/anaconda3/envs/mllms_fine/lib/python3.10/site-packages (from torch>=1.9.0->open_clip_torch==2.32.0) (2023.10.0)
Collecting nvidia-cuda-nvrtc-cu12==12.8.93 (from torch>=1.9.0->open_clip_torch==2.32.0)
  Using cached nvidia_cuda_nvrtc_cu12-12.8.93-py3-none-manylinux2010_x86_64.manylinux_2_12_x86_64.whl.metadata (1.7 kB)
Collecting nvidia-cuda-runtime-cu12==12.8.90 (from torch>=1.9.0->open_clip_torch==2.32.0)
  Using cached nvidia_cuda_runtime_cu12-12.8.90-py3-none-manylinux2014_x86_64.manylinux_2_17_x86_64.whl.metadata (1.7 kB)
Collecting nvidia-cuda-cupti-cu12==12.8.90 (from torch>=1.9.0->open_clip_torch==2.32.0)
  Using cached nvidia_cuda_cupti_cu12-12.8.90-py3-none-manylinux2014_x86_64.manylinux_2_17_x86_64.whl.metadata (1.7 kB)
Collecting nvidia-cudnn-cu12==9.10.2.21 (from torch>=1.9.0->open_clip_torch==2.32.0)
  Using cached nvidia_cudnn_cu12-9.10.2.21-py3-none-manylinux_2_27_x86_64.whl.metadata (1.8 kB)
Collecting nvidia-cublas-cu12==12.8.4.1 (from torch>=1.9.0->open_clip_torch==2.32.0)
  Using cached nvidia_cublas_cu12-12.8.4.1-py3-none-manylinux_2_27_x86_64.whl.metadata (1.7 kB)
Collecting nvidia-cufft-cu12==11.3.3.83 (from torch>=1.9.0->open_clip_torch==2.32.0)
  Using cached nvidia_cufft_cu12-11.3.3.83-py3-none-manylinux2014_x86_64.manylinux_2_17_x86_64.whl.metadata (1.7 kB)
Collecting nvidia-curand-cu12==10.3.9.90 (from torch>=1.9.0->open_clip_torch==2.32.0)
  Using cached nvidia_curand_cu12-10.3.9.90-py3-none-manylinux_2_27_x86_64.whl.metadata (1.7 kB)
Collecting nvidia-cusolver-cu12==11.7.3.90 (from torch>=1.9.0->open_clip_torch==2.32.0)
  Using cached nvidia_cusolver_cu12-11.7.3.90-py3-none-manylinux_2_27_x86_64.whl.metadata (1.8 kB)
Collecting nvidia-cusparse-cu12==12.5.8.93 (from torch>=1.9.0->open_clip_torch==2.32.0)
  Using cached nvidia_cusparse_cu12-12.5.8.93-py3-none-manylinux2014_x86_64.manylinux_2_17_x86_64.whl.metadata (1.8 kB)
Requirement already satisfied: nvidia-cusparselt-cu12==0.7.1 in /data1/pinci/anaconda3/envs/mllms_fine/lib/python3.10/site-packages (from torch>=1.9.0->open_clip_torch==2.32.0) (0.7.1)
Collecting nvidia-nccl-cu12==2.27.5 (from torch>=1.9.0->open_clip_torch==2.32.0)
  Using cached nvidia_nccl_cu12-2.27.5-py3-none-manylinux2014_x86_64.manylinux_2_17_x86_64.whl.metadata (2.0 kB)
Requirement already satisfied: nvidia-nvshmem-cu12==3.3.20 in /data1/pinci/anaconda3/envs/mllms_fine/lib/python3.10/site-packages (from torch>=1.9.0->open_clip_torch==2.32.0) (3.3.20)
Collecting nvidia-nvtx-cu12==12.8.90 (from torch>=1.9.0->open_clip_torch==2.32.0)
  Using cached nvidia_nvtx_cu12-12.8.90-py3-none-manylinux2014_x86_64.manylinux_2_17_x86_64.whl.metadata (1.8 kB)
Collecting nvidia-nvjitlink-cu12==12.8.93 (from torch>=1.9.0->open_clip_torch==2.32.0)
  Using cached nvidia_nvjitlink_cu12-12.8.93-py3-none-manylinux2010_x86_64.manylinux_2_12_x86_64.whl.metadata (1.7 kB)
Requirement already satisfied: nvidia-cufile-cu12==1.13.1.3 in /data1/pinci/anaconda3/envs/mllms_fine/lib/python3.10/site-packages (from torch>=1.9.0->open_clip_torch==2.32.0) (1.13.1.3)
Requirement already satisfied: triton==3.5.0 in /data1/pinci/anaconda3/envs/mllms_fine/lib/python3.10/site-packages (from torch>=1.9.0->open_clip_torch==2.32.0) (3.5.0)
Requirement already satisfied: mpmath<1.4,>=1.1.0 in /data1/pinci/anaconda3/envs/mllms_fine/lib/python3.10/site-packages (from sympy>=1.13.3->torch>=1.9.0->open_clip_torch==2.32.0) (1.3.0)
Requirement already satisfied: wcwidth in /data1/pinci/anaconda3/envs/mllms_fine/lib/python3.10/site-packages (from ftfy->open_clip_torch==2.32.0) (0.2.14)
Requirement already satisfied: packaging>=20.9 in /data1/pinci/anaconda3/envs/mllms_fine/lib/python3.10/site-packages (from huggingface-hub->open_clip_torch==2.32.0) (25.0)
Requirement already satisfied: pyyaml>=5.1 in /data1/pinci/anaconda3/envs/mllms_fine/lib/python3.10/site-packages (from huggingface-hub->open_clip_torch==2.32.0) (6.0.3)
Requirement already satisfied: requests in /data1/pinci/anaconda3/envs/mllms_fine/lib/python3.10/site-packages (from huggingface-hub->open_clip_torch==2.32.0) (2.32.5)
Requirement already satisfied: hf-xet<2.0.0,>=1.1.2 in /data1/pinci/anaconda3/envs/mllms_fine/lib/python3.10/site-packages (from huggingface-hub->open_clip_torch==2.32.0) (1.1.5)
Requirement already satisfied: MarkupSafe>=2.0 in /data1/pinci/anaconda3/envs/mllms_fine/lib/python3.10/site-packages (from jinja2->torch>=1.9.0->open_clip_torch==2.32.0) (3.0.2)
Requirement already satisfied: charset_normalizer<4,>=2 in /data1/pinci/anaconda3/envs/mllms_fine/lib/python3.10/site-packages (from requests->huggingface-hub->open_clip_torch==2.32.0) (3.4.2)
Requirement already satisfied: idna<4,>=2.5 in /data1/pinci/anaconda3/envs/mllms_fine/lib/python3.10/site-packages (from requests->huggingface-hub->open_clip_torch==2.32.0) (3.10)
Requirement already satisfied: urllib3<3,>=1.21.1 in /data1/pinci/anaconda3/envs/mllms_fine/lib/python3.10/site-packages (from requests->huggingface-hub->open_clip_torch==2.32.0) (2.5.0)
Requirement already satisfied: certifi>=2017.4.17 in /data1/pinci/anaconda3/envs/mllms_fine/lib/python3.10/site-packages (from requests->huggingface-hub->open_clip_torch==2.32.0) (2025.6.15)
Requirement already satisfied: numpy in /data1/pinci/anaconda3/envs/mllms_fine/lib/python3.10/site-packages (from torchvision->open_clip_torch==2.32.0) (1.26.1)
Requirement already satisfied: pillow!=8.3.*,>=5.3.0 in /data1/pinci/anaconda3/envs/mllms_fine/lib/python3.10/site-packages (from torchvision->open_clip_torch==2.32.0) (12.0.0)
Downloading open_clip_torch-2.32.0-py3-none-any.whl (1.5 MB)
   ━━━━━━━━━━━━━━━━━━━━━━━━━━━━━━━━━━━━━━━━ 1.5/1.5 MB 1.8 MB/s  0:00:00
Using cached nvidia_cublas_cu12-12.8.4.1-py3-none-manylinux_2_27_x86_64.whl (594.3 MB)
Using cached nvidia_cuda_cupti_cu12-12.8.90-py3-none-manylinux2014_x86_64.manylinux_2_17_x86_64.whl (10.2 MB)
Using cached nvidia_cuda_nvrtc_cu12-12.8.93-py3-none-manylinux2010_x86_64.manylinux_2_12_x86_64.whl (88.0 MB)
Using cached nvidia_cuda_runtime_cu12-12.8.90-py3-none-manylinux2014_x86_64.manylinux_2_17_x86_64.whl (954 kB)
Using cached nvidia_cudnn_cu12-9.10.2.21-py3-none-manylinux_2_27_x86_64.whl (706.8 MB)
Using cached nvidia_cufft_cu12-11.3.3.83-py3-none-manylinux2014_x86_64.manylinux_2_17_x86_64.whl (193.1 MB)
Using cached nvidia_curand_cu12-10.3.9.90-py3-none-manylinux_2_27_x86_64.whl (63.6 MB)
Using cached nvidia_cusolver_cu12-11.7.3.90-py3-none-manylinux_2_27_x86_64.whl (267.5 MB)
Using cached nvidia_cusparse_cu12-12.5.8.93-py3-none-manylinux2014_x86_64.manylinux_2_17_x86_64.whl (288.2 MB)
Using cached nvidia_nccl_cu12-2.27.5-py3-none-manylinux2014_x86_64.manylinux_2_17_x86_64.whl (322.3 MB)
Using cached nvidia_nvjitlink_cu12-12.8.93-py3-none-manylinux2010_x86_64.manylinux_2_12_x86_64.whl (39.3 MB)
Using cached nvidia_nvtx_cu12-12.8.90-py3-none-manylinux2014_x86_64.manylinux_2_17_x86_64.whl (89 kB)
Downloading regex-2025.10.23-cp310-cp310-manylinux2014_x86_64.manylinux_2_17_x86_64.manylinux_2_28_x86_64.whl (791 kB)
   ━━━━━━━━━━━━━━━━━━━━━━━━━━━━━━━━━━━━━━━━ 791.5/791.5 kB 1.9 MB/s  0:00:00
Downloading timm-1.0.20-py3-none-any.whl (2.5 MB)
   ━━━━━━━━━━━━━━━━━━━━━━━━━━━━━━━━━━━━━━━━ 2.5/2.5 MB 2.0 MB/s  0:00:01
Downloading torchvision-0.24.0-cp310-cp310-manylinux_2_28_x86_64.whl (8.0 MB)
   ━━━━━━━━━━━━━━━━━━━━━━━━━━━━━━━━━━━━━━━━ 8.0/8.0 MB 2.0 MB/s  0:00:04
Installing collected packages: regex, nvidia-nvtx-cu12, nvidia-nvjitlink-cu12, nvidia-nccl-cu12, nvidia-curand-cu12, nvidia-cuda-runtime-cu12, nvidia-cuda-nvrtc-cu12, nvidia-cuda-cupti-cu12, nvidia-cublas-cu12, nvidia-cusparse-cu12, nvidia-cufft-cu12, nvidia-cudnn-cu12, nvidia-cusolver-cu12, torchvision, timm, open_clip_torch
  Attempting uninstall: nvidia-nvtx-cu12
    Found existing installation: nvidia-nvtx-cu12 12.1.105
    Uninstalling nvidia-nvtx-cu12-12.1.105:
      Successfully uninstalled nvidia-nvtx-cu12-12.1.105
  Attempting uninstall: nvidia-nvjitlink-cu12
    Found existing installation: nvidia-nvjitlink-cu12 12.9.86
    Uninstalling nvidia-nvjitlink-cu12-12.9.86:
      Successfully uninstalled nvidia-nvjitlink-cu12-12.9.86
  Attempting uninstall: nvidia-nccl-cu12
    Found existing installation: nvidia-nccl-cu12 2.18.1
    Uninstalling nvidia-nccl-cu12-2.18.1:
      Successfully uninstalled nvidia-nccl-cu12-2.18.1
  Attempting uninstall: nvidia-curand-cu12
    Found existing installation: nvidia-curand-cu12 10.3.2.106
    Uninstalling nvidia-curand-cu12-10.3.2.106:
      Successfully uninstalled nvidia-curand-cu12-10.3.2.106
  Attempting uninstall: nvidia-cuda-runtime-cu12
    Found existing installation: nvidia-cuda-runtime-cu12 12.1.105
    Uninstalling nvidia-cuda-runtime-cu12-12.1.105:
      Successfully uninstalled nvidia-cuda-runtime-cu12-12.1.105
  Attempting uninstall: nvidia-cuda-nvrtc-cu12
    Found existing installation: nvidia-cuda-nvrtc-cu12 12.1.105
    Uninstalling nvidia-cuda-nvrtc-cu12-12.1.105:
      Successfully uninstalled nvidia-cuda-nvrtc-cu12-12.1.105
  Attempting uninstall: nvidia-cuda-cupti-cu12
    Found existing installation: nvidia-cuda-cupti-cu12 12.1.105
    Uninstalling nvidia-cuda-cupti-cu12-12.1.105:
      Successfully uninstalled nvidia-cuda-cupti-cu12-12.1.105
  Attempting uninstall: nvidia-cublas-cu12
    Found existing installation: nvidia-cublas-cu12 12.1.3.1
    Uninstalling nvidia-cublas-cu12-12.1.3.1:
      Successfully uninstalled nvidia-cublas-cu12-12.1.3.1
  Attempting uninstall: nvidia-cusparse-cu12
    Found existing installation: nvidia-cusparse-cu12 12.1.0.106
    Uninstalling nvidia-cusparse-cu12-12.1.0.106:
      Successfully uninstalled nvidia-cusparse-cu12-12.1.0.106
  Attempting uninstall: nvidia-cufft-cu12
    Found existing installation: nvidia-cufft-cu12 11.0.2.54
    Uninstalling nvidia-cufft-cu12-11.0.2.54:
      Successfully uninstalled nvidia-cufft-cu12-11.0.2.54
  Attempting uninstall: nvidia-cudnn-cu12
    Found existing installation: nvidia-cudnn-cu12 8.9.2.26
    Uninstalling nvidia-cudnn-cu12-8.9.2.26:
      Successfully uninstalled nvidia-cudnn-cu12-8.9.2.26
  Attempting uninstall: nvidia-cusolver-cu12
    Found existing installation: nvidia-cusolver-cu12 11.4.5.107
    Uninstalling nvidia-cusolver-cu12-11.4.5.107:
      Successfully uninstalled nvidia-cusolver-cu12-11.4.5.107

Successfully installed nvidia-cublas-cu12-12.8.4.1 nvidia-cuda-cupti-cu12-12.8.90 nvidia-cuda-nvrtc-cu12-12.8.93 nvidia-cuda-runtime-cu12-12.8.90 nvidia-cudnn-cu12-9.10.2.21 nvidia-cufft-cu12-11.3.3.83 nvidia-curand-cu12-10.3.9.90 nvidia-cusolver-cu12-11.7.3.90 nvidia-cusparse-cu12-12.5.8.93 nvidia-nccl-cu12-2.27.5 nvidia-nvjitlink-cu12-12.8.93 nvidia-nvtx-cu12-12.8.90 open_clip_torch-2.32.0 regex-2025.10.23 timm-1.0.20 torchvision-0.24.0
[OK] open_clip_torch==2.32.0
Collecting opencv-python==4.11.0.86
  Downloading opencv_python-4.11.0.86-cp37-abi3-manylinux_2_17_x86_64.manylinux2014_x86_64.whl.metadata (20 kB)
Requirement already satisfied: numpy>=1.21.2 in /data1/pinci/anaconda3/envs/mllms_fine/lib/python3.10/site-packages (from opencv-python==4.11.0.86) (1.26.1)
Downloading opencv_python-4.11.0.86-cp37-abi3-manylinux_2_17_x86_64.manylinux2014_x86_64.whl (63.0 MB)
   ━━━━━━━━━━━━━━━━━━━━━━━━━━━━━━━━━━━━━━━━ 63.0/63.0 MB 2.0 MB/s  0:00:32
Installing collected packages: opencv-python
Successfully installed opencv-python-4.11.0.86
[OK] opencv-python==4.11.0.86
Collecting opencv-python-headless==4.11.0.86
  Downloading opencv_python_headless-4.11.0.86-cp37-abi3-manylinux_2_17_x86_64.manylinux2014_x86_64.whl.metadata (20 kB)
Requirement already satisfied: numpy>=1.21.2 in /data1/pinci/anaconda3/envs/mllms_fine/lib/python3.10/site-packages (from opencv-python-headless==4.11.0.86) (1.26.1)
Downloading opencv_python_headless-4.11.0.86-cp37-abi3-manylinux_2_17_x86_64.manylinux2014_x86_64.whl (50.0 MB)
   ━━━━━━━━━━━━━━━━━━━━━━━━━━━━━━━━━━━━━━━━ 50.0/50.0 MB 2.0 MB/s  0:00:25
Installing collected packages: opencv-python-headless
Successfully installed opencv-python-headless-4.11.0.86
[OK] opencv-python-headless==4.11.0.86
Requirement already satisfied: packaging==25.0 in /data1/pinci/anaconda3/envs/mllms_fine/lib/python3.10/site-packages (25.0)
[OK] packaging==25.0
Collecting pandas==2.3.0
  Downloading pandas-2.3.0-cp310-cp310-manylinux_2_17_x86_64.manylinux2014_x86_64.whl.metadata (91 kB)
Requirement already satisfied: numpy>=1.22.4 in /data1/pinci/anaconda3/envs/mllms_fine/lib/python3.10/site-packages (from pandas==2.3.0) (1.26.1)
Requirement already satisfied: python-dateutil>=2.8.2 in /data1/pinci/anaconda3/envs/mllms_fine/lib/python3.10/site-packages (from pandas==2.3.0) (2.9.0.post0)
Requirement already satisfied: pytz>=2020.1 in /data1/pinci/anaconda3/envs/mllms_fine/lib/python3.10/site-packages (from pandas==2.3.0) (2025.2)
Requirement already satisfied: tzdata>=2022.7 in /data1/pinci/anaconda3/envs/mllms_fine/lib/python3.10/site-packages (from pandas==2.3.0) (2025.2)
Requirement already satisfied: six>=1.5 in /data1/pinci/anaconda3/envs/mllms_fine/lib/python3.10/site-packages (from python-dateutil>=2.8.2->pandas==2.3.0) (1.17.0)
Downloading pandas-2.3.0-cp310-cp310-manylinux_2_17_x86_64.manylinux2014_x86_64.whl (12.3 MB)
   ━━━━━━━━━━━━━━━━━━━━━━━━━━━━━━━━━━━━━━━━ 12.3/12.3 MB 2.0 MB/s  0:00:06
Installing collected packages: pandas
  Attempting uninstall: pandas
    Found existing installation: pandas 2.3.3
    Uninstalling pandas-2.3.3:
      Successfully uninstalled pandas-2.3.3
Successfully installed pandas-2.3.0
[OK] pandas==2.3.0
Collecting patsy==1.0.1
  Downloading patsy-1.0.1-py2.py3-none-any.whl.metadata (3.3 kB)
Requirement already satisfied: numpy>=1.4 in /data1/pinci/anaconda3/envs/mllms_fine/lib/python3.10/site-packages (from patsy==1.0.1) (1.26.1)
Downloading patsy-1.0.1-py2.py3-none-any.whl (232 kB)
Installing collected packages: patsy
Successfully installed patsy-1.0.1
[OK] patsy==1.0.1
Collecting peft==0.4.0
  Downloading peft-0.4.0-py3-none-any.whl.metadata (21 kB)
Requirement already satisfied: numpy>=1.17 in /data1/pinci/anaconda3/envs/mllms_fine/lib/python3.10/site-packages (from peft==0.4.0) (1.26.1)
Requirement already satisfied: packaging>=20.0 in /data1/pinci/anaconda3/envs/mllms_fine/lib/python3.10/site-packages (from peft==0.4.0) (25.0)
Requirement already satisfied: psutil in /data1/pinci/anaconda3/envs/mllms_fine/lib/python3.10/site-packages (from peft==0.4.0) (7.1.1)
Requirement already satisfied: pyyaml in /data1/pinci/anaconda3/envs/mllms_fine/lib/python3.10/site-packages (from peft==0.4.0) (6.0.3)
Requirement already satisfied: torch>=1.13.0 in /data1/pinci/anaconda3/envs/mllms_fine/lib/python3.10/site-packages (from peft==0.4.0) (2.9.0)
Collecting transformers (from peft==0.4.0)
  Downloading transformers-4.57.1-py3-none-any.whl.metadata (43 kB)
Requirement already satisfied: accelerate in /data1/pinci/anaconda3/envs/mllms_fine/lib/python3.10/site-packages (from peft==0.4.0) (1.8.1)
Requirement already satisfied: safetensors in /data1/pinci/anaconda3/envs/mllms_fine/lib/python3.10/site-packages (from peft==0.4.0) (0.6.2)
Requirement already satisfied: filelock in /data1/pinci/anaconda3/envs/mllms_fine/lib/python3.10/site-packages (from torch>=1.13.0->peft==0.4.0) (3.18.0)
Requirement already satisfied: typing-extensions>=4.10.0 in /data1/pinci/anaconda3/envs/mllms_fine/lib/python3.10/site-packages (from torch>=1.13.0->peft==0.4.0) (4.15.0)
Requirement already satisfied: sympy>=1.13.3 in /data1/pinci/anaconda3/envs/mllms_fine/lib/python3.10/site-packages (from torch>=1.13.0->peft==0.4.0) (1.14.0)
Requirement already satisfied: networkx>=2.5.1 in /data1/pinci/anaconda3/envs/mllms_fine/lib/python3.10/site-packages (from torch>=1.13.0->peft==0.4.0) (3.4.2)
Requirement already satisfied: jinja2 in /data1/pinci/anaconda3/envs/mllms_fine/lib/python3.10/site-packages (from torch>=1.13.0->peft==0.4.0) (3.1.6)
Requirement already satisfied: fsspec>=0.8.5 in /data1/pinci/anaconda3/envs/mllms_fine/lib/python3.10/site-packages (from torch>=1.13.0->peft==0.4.0) (2023.10.0)
Requirement already satisfied: nvidia-cuda-nvrtc-cu12==12.8.93 in /data1/pinci/anaconda3/envs/mllms_fine/lib/python3.10/site-packages (from torch>=1.13.0->peft==0.4.0) (12.8.93)
Requirement already satisfied: nvidia-cuda-runtime-cu12==12.8.90 in /data1/pinci/anaconda3/envs/mllms_fine/lib/python3.10/site-packages (from torch>=1.13.0->peft==0.4.0) (12.8.90)
Requirement already satisfied: nvidia-cuda-cupti-cu12==12.8.90 in /data1/pinci/anaconda3/envs/mllms_fine/lib/python3.10/site-packages (from torch>=1.13.0->peft==0.4.0) (12.8.90)
Requirement already satisfied: nvidia-cudnn-cu12==9.10.2.21 in /data1/pinci/anaconda3/envs/mllms_fine/lib/python3.10/site-packages (from torch>=1.13.0->peft==0.4.0) (9.10.2.21)
Requirement already satisfied: nvidia-cublas-cu12==12.8.4.1 in /data1/pinci/anaconda3/envs/mllms_fine/lib/python3.10/site-packages (from torch>=1.13.0->peft==0.4.0) (12.8.4.1)
Requirement already satisfied: nvidia-cufft-cu12==11.3.3.83 in /data1/pinci/anaconda3/envs/mllms_fine/lib/python3.10/site-packages (from torch>=1.13.0->peft==0.4.0) (11.3.3.83)
Requirement already satisfied: nvidia-curand-cu12==10.3.9.90 in /data1/pinci/anaconda3/envs/mllms_fine/lib/python3.10/site-packages (from torch>=1.13.0->peft==0.4.0) (10.3.9.90)
Requirement already satisfied: nvidia-cusolver-cu12==11.7.3.90 in /data1/pinci/anaconda3/envs/mllms_fine/lib/python3.10/site-packages (from torch>=1.13.0->peft==0.4.0) (11.7.3.90)
Requirement already satisfied: nvidia-cusparse-cu12==12.5.8.93 in /data1/pinci/anaconda3/envs/mllms_fine/lib/python3.10/site-packages (from torch>=1.13.0->peft==0.4.0) (12.5.8.93)
Requirement already satisfied: nvidia-cusparselt-cu12==0.7.1 in /data1/pinci/anaconda3/envs/mllms_fine/lib/python3.10/site-packages (from torch>=1.13.0->peft==0.4.0) (0.7.1)
Requirement already satisfied: nvidia-nccl-cu12==2.27.5 in /data1/pinci/anaconda3/envs/mllms_fine/lib/python3.10/site-packages (from torch>=1.13.0->peft==0.4.0) (2.27.5)
Requirement already satisfied: nvidia-nvshmem-cu12==3.3.20 in /data1/pinci/anaconda3/envs/mllms_fine/lib/python3.10/site-packages (from torch>=1.13.0->peft==0.4.0) (3.3.20)
Requirement already satisfied: nvidia-nvtx-cu12==12.8.90 in /data1/pinci/anaconda3/envs/mllms_fine/lib/python3.10/site-packages (from torch>=1.13.0->peft==0.4.0) (12.8.90)
Requirement already satisfied: nvidia-nvjitlink-cu12==12.8.93 in /data1/pinci/anaconda3/envs/mllms_fine/lib/python3.10/site-packages (from torch>=1.13.0->peft==0.4.0) (12.8.93)
Requirement already satisfied: nvidia-cufile-cu12==1.13.1.3 in /data1/pinci/anaconda3/envs/mllms_fine/lib/python3.10/site-packages (from torch>=1.13.0->peft==0.4.0) (1.13.1.3)
Requirement already satisfied: triton==3.5.0 in /data1/pinci/anaconda3/envs/mllms_fine/lib/python3.10/site-packages (from torch>=1.13.0->peft==0.4.0) (3.5.0)
Requirement already satisfied: mpmath<1.4,>=1.1.0 in /data1/pinci/anaconda3/envs/mllms_fine/lib/python3.10/site-packages (from sympy>=1.13.3->torch>=1.13.0->peft==0.4.0) (1.3.0)
Requirement already satisfied: huggingface_hub>=0.21.0 in /data1/pinci/anaconda3/envs/mllms_fine/lib/python3.10/site-packages (from accelerate->peft==0.4.0) (0.33.1)
Requirement already satisfied: requests in /data1/pinci/anaconda3/envs/mllms_fine/lib/python3.10/site-packages (from huggingface_hub>=0.21.0->accelerate->peft==0.4.0) (2.32.5)
Requirement already satisfied: tqdm>=4.42.1 in /data1/pinci/anaconda3/envs/mllms_fine/lib/python3.10/site-packages (from huggingface_hub>=0.21.0->accelerate->peft==0.4.0) (4.67.1)
Requirement already satisfied: hf-xet<2.0.0,>=1.1.2 in /data1/pinci/anaconda3/envs/mllms_fine/lib/python3.10/site-packages (from huggingface_hub>=0.21.0->accelerate->peft==0.4.0) (1.1.5)
Requirement already satisfied: MarkupSafe>=2.0 in /data1/pinci/anaconda3/envs/mllms_fine/lib/python3.10/site-packages (from jinja2->torch>=1.13.0->peft==0.4.0) (3.0.2)
Requirement already satisfied: charset_normalizer<4,>=2 in /data1/pinci/anaconda3/envs/mllms_fine/lib/python3.10/site-packages (from requests->huggingface_hub>=0.21.0->accelerate->peft==0.4.0) (3.4.2)
Requirement already satisfied: idna<4,>=2.5 in /data1/pinci/anaconda3/envs/mllms_fine/lib/python3.10/site-packages (from requests->huggingface_hub>=0.21.0->accelerate->peft==0.4.0) (3.10)
Requirement already satisfied: urllib3<3,>=1.21.1 in /data1/pinci/anaconda3/envs/mllms_fine/lib/python3.10/site-packages (from requests->huggingface_hub>=0.21.0->accelerate->peft==0.4.0) (2.5.0)
Requirement already satisfied: certifi>=2017.4.17 in /data1/pinci/anaconda3/envs/mllms_fine/lib/python3.10/site-packages (from requests->huggingface_hub>=0.21.0->accelerate->peft==0.4.0) (2025.6.15)
Collecting huggingface_hub>=0.21.0 (from accelerate->peft==0.4.0)
  Using cached huggingface_hub-0.35.3-py3-none-any.whl.metadata (14 kB)
Requirement already satisfied: regex!=2019.12.17 in /data1/pinci/anaconda3/envs/mllms_fine/lib/python3.10/site-packages (from transformers->peft==0.4.0) (2025.10.23)
Collecting tokenizers<=0.23.0,>=0.22.0 (from transformers->peft==0.4.0)
  Downloading tokenizers-0.22.1-cp39-abi3-manylinux_2_17_x86_64.manylinux2014_x86_64.whl.metadata (6.8 kB)
Downloading peft-0.4.0-py3-none-any.whl (72 kB)
Downloading transformers-4.57.1-py3-none-any.whl (12.0 MB)
   ━━━━━━━━━━━━━━━━━━━━━━━━━━━━━━━━━━━━━━━━ 12.0/12.0 MB 1.9 MB/s  0:00:06
Using cached huggingface_hub-0.35.3-py3-none-any.whl (564 kB)
Downloading tokenizers-0.22.1-cp39-abi3-manylinux_2_17_x86_64.manylinux2014_x86_64.whl (3.3 MB)
   ━━━━━━━━━━━━━━━━━━━━━━━━━━━━━━━━━━━━━━━━ 3.3/3.3 MB 2.0 MB/s  0:00:01
Installing collected packages: huggingface_hub, tokenizers, transformers, peft
  Attempting uninstall: huggingface_hub
    Found existing installation: huggingface-hub 0.33.1
    Uninstalling huggingface-hub-0.33.1:
      Successfully uninstalled huggingface-hub-0.33.1

Successfully installed huggingface_hub-0.35.3 peft-0.4.0 tokenizers-0.22.1 transformers-4.57.1
[OK] peft==0.4.0
Collecting pillow==11.2.1
  Downloading pillow-11.2.1-cp310-cp310-manylinux_2_28_x86_64.whl.metadata (8.9 kB)
Downloading pillow-11.2.1-cp310-cp310-manylinux_2_28_x86_64.whl (4.6 MB)
   ━━━━━━━━━━━━━━━━━━━━━━━━━━━━━━━━━━━━━━━━ 4.6/4.6 MB 1.9 MB/s  0:00:02
Installing collected packages: pillow
  Attempting uninstall: pillow
    Found existing installation: pillow 12.0.0
    Uninstalling pillow-12.0.0:
      Successfully uninstalled pillow-12.0.0
Successfully installed pillow-11.2.1
[OK] pillow==11.2.1
Collecting platformdirs==4.3.8
  Downloading platformdirs-4.3.8-py3-none-any.whl.metadata (12 kB)
Downloading platformdirs-4.3.8-py3-none-any.whl (18 kB)
Installing collected packages: platformdirs
Successfully installed platformdirs-4.3.8
[OK] platformdirs==4.3.8
Collecting preshed==3.0.10
  Downloading preshed-3.0.10-cp310-cp310-manylinux_2_5_x86_64.manylinux1_x86_64.manylinux_2_17_x86_64.manylinux2014_x86_64.whl.metadata (2.4 kB)
Requirement already satisfied: cymem<2.1.0,>=2.0.2 in /data1/pinci/anaconda3/envs/mllms_fine/lib/python3.10/site-packages (from preshed==3.0.10) (2.0.11)
Requirement already satisfied: murmurhash<1.1.0,>=0.28.0 in /data1/pinci/anaconda3/envs/mllms_fine/lib/python3.10/site-packages (from preshed==3.0.10) (1.0.13)
Downloading preshed-3.0.10-cp310-cp310-manylinux_2_5_x86_64.manylinux1_x86_64.manylinux_2_17_x86_64.manylinux2014_x86_64.whl (795 kB)
   ━━━━━━━━━━━━━━━━━━━━━━━━━━━━━━━━━━━━━━━━ 795.1/795.1 kB 1.7 MB/s  0:00:00
Installing collected packages: preshed
Successfully installed preshed-3.0.10
[OK] preshed==3.0.10
Collecting progressbar2==4.5.0
  Downloading progressbar2-4.5.0-py3-none-any.whl.metadata (16 kB)
Collecting python-utils>=3.8.1 (from progressbar2==4.5.0)
  Downloading python_utils-3.9.1-py2.py3-none-any.whl.metadata (9.8 kB)
Requirement already satisfied: typing_extensions>3.10.0.2 in /data1/pinci/anaconda3/envs/mllms_fine/lib/python3.10/site-packages (from python-utils>=3.8.1->progressbar2==4.5.0) (4.15.0)
Downloading progressbar2-4.5.0-py3-none-any.whl (57 kB)
Downloading python_utils-3.9.1-py2.py3-none-any.whl (32 kB)
Installing collected packages: python-utils, progressbar2

Successfully installed progressbar2-4.5.0 python-utils-3.9.1
[OK] progressbar2==4.5.0
Collecting propcache==0.3.2
  Downloading propcache-0.3.2-cp310-cp310-manylinux_2_17_x86_64.manylinux2014_x86_64.whl.metadata (12 kB)
Downloading propcache-0.3.2-cp310-cp310-manylinux_2_17_x86_64.manylinux2014_x86_64.whl (198 kB)
Installing collected packages: propcache
  Attempting uninstall: propcache
    Found existing installation: propcache 0.4.1
    Uninstalling propcache-0.4.1:
      Successfully uninstalled propcache-0.4.1
Successfully installed propcache-0.3.2
[OK] propcache==0.3.2
Collecting protobuf==6.32.1
  Downloading protobuf-6.32.1-cp39-abi3-manylinux2014_x86_64.whl.metadata (593 bytes)
Downloading protobuf-6.32.1-cp39-abi3-manylinux2014_x86_64.whl (322 kB)
Installing collected packages: protobuf
Successfully installed protobuf-6.32.1
[OK] protobuf==6.32.1
Collecting psutil==7.0.0
  Downloading psutil-7.0.0-cp36-abi3-manylinux_2_12_x86_64.manylinux2010_x86_64.manylinux_2_17_x86_64.manylinux2014_x86_64.whl.metadata (22 kB)
Downloading psutil-7.0.0-cp36-abi3-manylinux_2_12_x86_64.manylinux2010_x86_64.manylinux_2_17_x86_64.manylinux2014_x86_64.whl (277 kB)
Installing collected packages: psutil
  Attempting uninstall: psutil
    Found existing installation: psutil 7.1.1
    Uninstalling psutil-7.1.1:
      Successfully uninstalled psutil-7.1.1
Successfully installed psutil-7.0.0
[OK] psutil==7.0.0
Requirement already satisfied: py-cpuinfo==9.0.0 in /data1/pinci/anaconda3/envs/mllms_fine/lib/python3.10/site-packages (9.0.0)
[OK] py-cpuinfo==9.0.0
Collecting pyarrow==20.0.0
  Downloading pyarrow-20.0.0-cp310-cp310-manylinux_2_28_x86_64.whl.metadata (3.3 kB)
Downloading pyarrow-20.0.0-cp310-cp310-manylinux_2_28_x86_64.whl (42.3 MB)
   ━━━━━━━━━━━━━━━━━━━━━━━━━━━━━━━━━━━━━━━━ 42.3/42.3 MB 2.0 MB/s  0:00:21
Installing collected packages: pyarrow
  Attempting uninstall: pyarrow
    Found existing installation: pyarrow 21.0.0
    Uninstalling pyarrow-21.0.0:
      Successfully uninstalled pyarrow-21.0.0
Successfully installed pyarrow-20.0.0
[OK] pyarrow==20.0.0
Requirement already satisfied: pyarrow-hotfix==0.7 in /data1/pinci/anaconda3/envs/mllms_fine/lib/python3.10/site-packages (0.7)
[OK] pyarrow-hotfix==0.7
Collecting pycocotools==2.0.10
  Downloading pycocotools-2.0.10-cp310-cp310-manylinux_2_17_x86_64.manylinux2014_x86_64.whl.metadata (1.3 kB)
Requirement already satisfied: numpy in /data1/pinci/anaconda3/envs/mllms_fine/lib/python3.10/site-packages (from pycocotools==2.0.10) (1.26.1)
Downloading pycocotools-2.0.10-cp310-cp310-manylinux_2_17_x86_64.manylinux2014_x86_64.whl (455 kB)
Installing collected packages: pycocotools
Successfully installed pycocotools-2.0.10
[OK] pycocotools==2.0.10
Collecting pydantic==1.10.8
  Downloading pydantic-1.10.8-cp310-cp310-manylinux_2_17_x86_64.manylinux2014_x86_64.whl.metadata (146 kB)
Requirement already satisfied: typing-extensions>=4.2.0 in /data1/pinci/anaconda3/envs/mllms_fine/lib/python3.10/site-packages (from pydantic==1.10.8) (4.15.0)
Downloading pydantic-1.10.8-cp310-cp310-manylinux_2_17_x86_64.manylinux2014_x86_64.whl (3.1 MB)
   ━━━━━━━━━━━━━━━━━━━━━━━━━━━━━━━━━━━━━━━━ 3.1/3.1 MB 1.9 MB/s  0:00:01
Installing collected packages: pydantic
  Attempting uninstall: pydantic
    Found existing installation: pydantic 2.12.3
    Uninstalling pydantic-2.12.3:
      Successfully uninstalled pydantic-2.12.3
Successfully installed pydantic-1.10.8
[OK] pydantic==1.10.8
Collecting pydantic_core==2.33.2
  Downloading pydantic_core-2.33.2-cp310-cp310-manylinux_2_17_x86_64.manylinux2014_x86_64.whl.metadata (6.8 kB)
Requirement already satisfied: typing-extensions!=4.7.0,>=4.6.0 in /data1/pinci/anaconda3/envs/mllms_fine/lib/python3.10/site-packages (from pydantic_core==2.33.2) (4.15.0)
Downloading pydantic_core-2.33.2-cp310-cp310-manylinux_2_17_x86_64.manylinux2014_x86_64.whl (2.0 MB)
   ━━━━━━━━━━━━━━━━━━━━━━━━━━━━━━━━━━━━━━━━ 2.0/2.0 MB 1.8 MB/s  0:00:01
Installing collected packages: pydantic_core
  Attempting uninstall: pydantic_core
    Found existing installation: pydantic_core 2.41.4
    Uninstalling pydantic_core-2.41.4:
      Successfully uninstalled pydantic_core-2.41.4
Successfully installed pydantic_core-2.33.2
[OK] pydantic_core==2.33.2
Collecting pygam==0.9.1
  Downloading pygam-0.9.1-py3-none-any.whl.metadata (7.1 kB)
Requirement already satisfied: numpy>=1.25 in /data1/pinci/anaconda3/envs/mllms_fine/lib/python3.10/site-packages (from pygam==0.9.1) (1.26.1)
Requirement already satisfied: progressbar2<5.0.0,>=4.2.0 in /data1/pinci/anaconda3/envs/mllms_fine/lib/python3.10/site-packages (from pygam==0.9.1) (4.5.0)
Collecting scipy<1.12,>=1.11.1 (from pygam==0.9.1)
  Downloading scipy-1.11.4-cp310-cp310-manylinux_2_17_x86_64.manylinux2014_x86_64.whl.metadata (60 kB)
Requirement already satisfied: python-utils>=3.8.1 in /data1/pinci/anaconda3/envs/mllms_fine/lib/python3.10/site-packages (from progressbar2<5.0.0,>=4.2.0->pygam==0.9.1) (3.9.1)
Requirement already satisfied: typing_extensions>3.10.0.2 in /data1/pinci/anaconda3/envs/mllms_fine/lib/python3.10/site-packages (from python-utils>=3.8.1->progressbar2<5.0.0,>=4.2.0->pygam==0.9.1) (4.15.0)
Downloading pygam-0.9.1-py3-none-any.whl (522 kB)
Downloading scipy-1.11.4-cp310-cp310-manylinux_2_17_x86_64.manylinux2014_x86_64.whl (36.4 MB)
   ━━━━━━━━━━━━━━━━━━━━━━━━━━━━━━━━━━━━━━━━ 36.4/36.4 MB 2.0 MB/s  0:00:18
Installing collected packages: scipy, pygam

Successfully installed pygam-0.9.1 scipy-1.11.4
[OK] pygam==0.9.1
Collecting Pygments==2.19.2
  Downloading pygments-2.19.2-py3-none-any.whl.metadata (2.5 kB)
Downloading pygments-2.19.2-py3-none-any.whl (1.2 MB)
   ━━━━━━━━━━━━━━━━━━━━━━━━━━━━━━━━━━━━━━━━ 1.2/1.2 MB 1.7 MB/s  0:00:01
Installing collected packages: Pygments
Successfully installed Pygments-2.19.2
[OK] Pygments==2.19.2
Collecting pyparsing==3.2.3
  Downloading pyparsing-3.2.3-py3-none-any.whl.metadata (5.0 kB)
Downloading pyparsing-3.2.3-py3-none-any.whl (111 kB)
Installing collected packages: pyparsing
  Attempting uninstall: pyparsing
    Found existing installation: pyparsing 3.2.5
    Uninstalling pyparsing-3.2.5:
      Successfully uninstalled pyparsing-3.2.5
Successfully installed pyparsing-3.2.3
[OK] pyparsing==3.2.3
Requirement already satisfied: python-dateutil==2.9.0.post0 in /data1/pinci/anaconda3/envs/mllms_fine/lib/python3.10/site-packages (2.9.0.post0)
Requirement already satisfied: six>=1.5 in /data1/pinci/anaconda3/envs/mllms_fine/lib/python3.10/site-packages (from python-dateutil==2.9.0.post0) (1.17.0)
[OK] python-dateutil==2.9.0.post0
Requirement already satisfied: python-utils==3.9.1 in /data1/pinci/anaconda3/envs/mllms_fine/lib/python3.10/site-packages (3.9.1)
Requirement already satisfied: typing_extensions>3.10.0.2 in /data1/pinci/anaconda3/envs/mllms_fine/lib/python3.10/site-packages (from python-utils==3.9.1) (4.15.0)
[OK] python-utils==3.9.1
Requirement already satisfied: pytz==2025.2 in /data1/pinci/anaconda3/envs/mllms_fine/lib/python3.10/site-packages (2025.2)
[OK] pytz==2025.2
Collecting PyYAML==6.0.2
  Downloading PyYAML-6.0.2-cp310-cp310-manylinux_2_17_x86_64.manylinux2014_x86_64.whl.metadata (2.1 kB)
Downloading PyYAML-6.0.2-cp310-cp310-manylinux_2_17_x86_64.manylinux2014_x86_64.whl (751 kB)
   ━━━━━━━━━━━━━━━━━━━━━━━━━━━━━━━━━━━━━━━━ 751.2/751.2 kB 73.5 kB/s  0:00:07
Installing collected packages: PyYAML
  Attempting uninstall: PyYAML
    Found existing installation: PyYAML 6.0.3
    Uninstalling PyYAML-6.0.3:
      Successfully uninstalled PyYAML-6.0.3
Successfully installed PyYAML-6.0.2
[OK] PyYAML==6.0.2
Collecting regex==2024.11.6
  Downloading regex-2024.11.6-cp310-cp310-manylinux_2_17_x86_64.manylinux2014_x86_64.whl.metadata (40 kB)
Downloading regex-2024.11.6-cp310-cp310-manylinux_2_17_x86_64.manylinux2014_x86_64.whl (781 kB)
   ━━━━━━━━━━━━━━━━━━━━━━━━━━━━━━━━━━━━━━━━ 781.7/781.7 kB 376.5 kB/s  0:00:02
Installing collected packages: regex
  Attempting uninstall: regex
    Found existing installation: regex 2025.10.23
    Uninstalling regex-2025.10.23:
      Successfully uninstalled regex-2025.10.23
Successfully installed regex-2024.11.6
[OK] regex==2024.11.6
Collecting requests==2.32.4
  Downloading requests-2.32.4-py3-none-any.whl.metadata (4.9 kB)
Requirement already satisfied: charset_normalizer<4,>=2 in /data1/pinci/anaconda3/envs/mllms_fine/lib/python3.10/site-packages (from requests==2.32.4) (3.4.2)
Requirement already satisfied: idna<4,>=2.5 in /data1/pinci/anaconda3/envs/mllms_fine/lib/python3.10/site-packages (from requests==2.32.4) (3.10)
Requirement already satisfied: urllib3<3,>=1.21.1 in /data1/pinci/anaconda3/envs/mllms_fine/lib/python3.10/site-packages (from requests==2.32.4) (2.5.0)
Requirement already satisfied: certifi>=2017.4.17 in /data1/pinci/anaconda3/envs/mllms_fine/lib/python3.10/site-packages (from requests==2.32.4) (2025.6.15)
Downloading requests-2.32.4-py3-none-any.whl (64 kB)
Installing collected packages: requests
  Attempting uninstall: requests
    Found existing installation: requests 2.32.5
    Uninstalling requests-2.32.5:
      Successfully uninstalled requests-2.32.5
Successfully installed requests-2.32.4
[OK] requests==2.32.4
Collecting rich==14.0.0
  Downloading rich-14.0.0-py3-none-any.whl.metadata (18 kB)
Requirement already satisfied: markdown-it-py>=2.2.0 in /data1/pinci/anaconda3/envs/mllms_fine/lib/python3.10/site-packages (from rich==14.0.0) (3.0.0)
Requirement already satisfied: pygments<3.0.0,>=2.13.0 in /data1/pinci/anaconda3/envs/mllms_fine/lib/python3.10/site-packages (from rich==14.0.0) (2.19.2)
Requirement already satisfied: typing-extensions<5.0,>=4.0.0 in /data1/pinci/anaconda3/envs/mllms_fine/lib/python3.10/site-packages (from rich==14.0.0) (4.15.0)
Requirement already satisfied: mdurl~=0.1 in /data1/pinci/anaconda3/envs/mllms_fine/lib/python3.10/site-packages (from markdown-it-py>=2.2.0->rich==14.0.0) (0.1.2)
Downloading rich-14.0.0-py3-none-any.whl (243 kB)
Installing collected packages: rich
Successfully installed rich-14.0.0
[OK] rich==14.0.0
Collecting safetensors==0.5.3
  Downloading safetensors-0.5.3-cp38-abi3-manylinux_2_17_x86_64.manylinux2014_x86_64.whl.metadata (3.8 kB)
Downloading safetensors-0.5.3-cp38-abi3-manylinux_2_17_x86_64.manylinux2014_x86_64.whl (471 kB)
Installing collected packages: safetensors
  Attempting uninstall: safetensors
    Found existing installation: safetensors 0.6.2
    Uninstalling safetensors-0.6.2:
      Successfully uninstalled safetensors-0.6.2
Successfully installed safetensors-0.5.3
[OK] safetensors==0.5.3
Collecting scikit-image==0.25.2
  Downloading scikit_image-0.25.2-cp310-cp310-manylinux_2_17_x86_64.manylinux2014_x86_64.whl.metadata (14 kB)
Requirement already satisfied: numpy>=1.24 in /data1/pinci/anaconda3/envs/mllms_fine/lib/python3.10/site-packages (from scikit-image==0.25.2) (1.26.1)
Requirement already satisfied: scipy>=1.11.4 in /data1/pinci/anaconda3/envs/mllms_fine/lib/python3.10/site-packages (from scikit-image==0.25.2) (1.11.4)
Requirement already satisfied: networkx>=3.0 in /data1/pinci/anaconda3/envs/mllms_fine/lib/python3.10/site-packages (from scikit-image==0.25.2) (3.4.2)
Requirement already satisfied: pillow>=10.1 in /data1/pinci/anaconda3/envs/mllms_fine/lib/python3.10/site-packages (from scikit-image==0.25.2) (11.2.1)
Requirement already satisfied: imageio!=2.35.0,>=2.33 in /data1/pinci/anaconda3/envs/mllms_fine/lib/python3.10/site-packages (from scikit-image==0.25.2) (2.37.0)
Collecting tifffile>=2022.8.12 (from scikit-image==0.25.2)
  Downloading tifffile-2025.5.10-py3-none-any.whl.metadata (31 kB)
Requirement already satisfied: packaging>=21 in /data1/pinci/anaconda3/envs/mllms_fine/lib/python3.10/site-packages (from scikit-image==0.25.2) (25.0)
Requirement already satisfied: lazy-loader>=0.4 in /data1/pinci/anaconda3/envs/mllms_fine/lib/python3.10/site-packages (from scikit-image==0.25.2) (0.4)
Downloading scikit_image-0.25.2-cp310-cp310-manylinux_2_17_x86_64.manylinux2014_x86_64.whl (14.8 MB)
   ━━━━━━━━━━━━━━━━━━━━━━━━━━━━━━━━━━━━━━━━ 14.8/14.8 MB 2.0 MB/s  0:00:07
Downloading tifffile-2025.5.10-py3-none-any.whl (226 kB)
Installing collected packages: tifffile, scikit-image

Successfully installed scikit-image-0.25.2 tifffile-2025.5.10
[OK] scikit-image==0.25.2
Collecting scikit-learn==1.2.2
  Downloading scikit_learn-1.2.2-cp310-cp310-manylinux_2_17_x86_64.manylinux2014_x86_64.whl.metadata (11 kB)
Requirement already satisfied: numpy>=1.17.3 in /data1/pinci/anaconda3/envs/mllms_fine/lib/python3.10/site-packages (from scikit-learn==1.2.2) (1.26.1)
Requirement already satisfied: scipy>=1.3.2 in /data1/pinci/anaconda3/envs/mllms_fine/lib/python3.10/site-packages (from scikit-learn==1.2.2) (1.11.4)
Requirement already satisfied: joblib>=1.1.1 in /data1/pinci/anaconda3/envs/mllms_fine/lib/python3.10/site-packages (from scikit-learn==1.2.2) (1.5.1)
Collecting threadpoolctl>=2.0.0 (from scikit-learn==1.2.2)
  Downloading threadpoolctl-3.6.0-py3-none-any.whl.metadata (13 kB)
Downloading scikit_learn-1.2.2-cp310-cp310-manylinux_2_17_x86_64.manylinux2014_x86_64.whl (9.6 MB)
   ━━━━━━━━━━━━━━━━━━━━━━━━━━━━━━━━━━━━━━━━ 9.6/9.6 MB 2.0 MB/s  0:00:05
Downloading threadpoolctl-3.6.0-py3-none-any.whl (18 kB)
Installing collected packages: threadpoolctl, scikit-learn

Successfully installed scikit-learn-1.2.2 threadpoolctl-3.6.0
[OK] scikit-learn==1.2.2
Requirement already satisfied: scipy==1.11.4 in /data1/pinci/anaconda3/envs/mllms_fine/lib/python3.10/site-packages (1.11.4)
Requirement already satisfied: numpy<1.28.0,>=1.21.6 in /data1/pinci/anaconda3/envs/mllms_fine/lib/python3.10/site-packages (from scipy==1.11.4) (1.26.1)
[OK] scipy==1.11.4
Collecting seaborn==0.13.2
  Downloading seaborn-0.13.2-py3-none-any.whl.metadata (5.4 kB)
Requirement already satisfied: numpy!=1.24.0,>=1.20 in /data1/pinci/anaconda3/envs/mllms_fine/lib/python3.10/site-packages (from seaborn==0.13.2) (1.26.1)
Requirement already satisfied: pandas>=1.2 in /data1/pinci/anaconda3/envs/mllms_fine/lib/python3.10/site-packages (from seaborn==0.13.2) (2.3.0)
Requirement already satisfied: matplotlib!=3.6.1,>=3.4 in /data1/pinci/anaconda3/envs/mllms_fine/lib/python3.10/site-packages (from seaborn==0.13.2) (3.10.3)
Requirement already satisfied: contourpy>=1.0.1 in /data1/pinci/anaconda3/envs/mllms_fine/lib/python3.10/site-packages (from matplotlib!=3.6.1,>=3.4->seaborn==0.13.2) (1.3.2)
Requirement already satisfied: cycler>=0.10 in /data1/pinci/anaconda3/envs/mllms_fine/lib/python3.10/site-packages (from matplotlib!=3.6.1,>=3.4->seaborn==0.13.2) (0.12.1)
Requirement already satisfied: fonttools>=4.22.0 in /data1/pinci/anaconda3/envs/mllms_fine/lib/python3.10/site-packages (from matplotlib!=3.6.1,>=3.4->seaborn==0.13.2) (4.58.4)
Requirement already satisfied: kiwisolver>=1.3.1 in /data1/pinci/anaconda3/envs/mllms_fine/lib/python3.10/site-packages (from matplotlib!=3.6.1,>=3.4->seaborn==0.13.2) (1.4.8)
Requirement already satisfied: packaging>=20.0 in /data1/pinci/anaconda3/envs/mllms_fine/lib/python3.10/site-packages (from matplotlib!=3.6.1,>=3.4->seaborn==0.13.2) (25.0)
Requirement already satisfied: pillow>=8 in /data1/pinci/anaconda3/envs/mllms_fine/lib/python3.10/site-packages (from matplotlib!=3.6.1,>=3.4->seaborn==0.13.2) (11.2.1)
Requirement already satisfied: pyparsing>=2.3.1 in /data1/pinci/anaconda3/envs/mllms_fine/lib/python3.10/site-packages (from matplotlib!=3.6.1,>=3.4->seaborn==0.13.2) (3.2.3)
Requirement already satisfied: python-dateutil>=2.7 in /data1/pinci/anaconda3/envs/mllms_fine/lib/python3.10/site-packages (from matplotlib!=3.6.1,>=3.4->seaborn==0.13.2) (2.9.0.post0)
Requirement already satisfied: pytz>=2020.1 in /data1/pinci/anaconda3/envs/mllms_fine/lib/python3.10/site-packages (from pandas>=1.2->seaborn==0.13.2) (2025.2)
Requirement already satisfied: tzdata>=2022.7 in /data1/pinci/anaconda3/envs/mllms_fine/lib/python3.10/site-packages (from pandas>=1.2->seaborn==0.13.2) (2025.2)
Requirement already satisfied: six>=1.5 in /data1/pinci/anaconda3/envs/mllms_fine/lib/python3.10/site-packages (from python-dateutil>=2.7->matplotlib!=3.6.1,>=3.4->seaborn==0.13.2) (1.17.0)
Downloading seaborn-0.13.2-py3-none-any.whl (294 kB)
Installing collected packages: seaborn
Successfully installed seaborn-0.13.2
[OK] seaborn==0.13.2
Collecting sentencepiece==0.2.1
  Downloading sentencepiece-0.2.1-cp310-cp310-manylinux_2_27_x86_64.manylinux_2_28_x86_64.whl.metadata (10 kB)
Downloading sentencepiece-0.2.1-cp310-cp310-manylinux_2_27_x86_64.manylinux_2_28_x86_64.whl (1.4 MB)
   ━━━━━━━━━━━━━━━━━━━━━━━━━━━━━━━━━━━━━━━━ 1.4/1.4 MB 45.1 kB/s  0:00:27
Installing collected packages: sentencepiece
Successfully installed sentencepiece-0.2.1
[OK] sentencepiece==0.2.1
Collecting sentry-sdk==2.32.0
  Downloading sentry_sdk-2.32.0-py2.py3-none-any.whl.metadata (10 kB)
Requirement already satisfied: urllib3>=1.26.11 in /data1/pinci/anaconda3/envs/mllms_fine/lib/python3.10/site-packages (from sentry-sdk==2.32.0) (2.5.0)
Requirement already satisfied: certifi in /data1/pinci/anaconda3/envs/mllms_fine/lib/python3.10/site-packages (from sentry-sdk==2.32.0) (2025.6.15)
Downloading sentry_sdk-2.32.0-py2.py3-none-any.whl (356 kB)
Installing collected packages: sentry-sdk
Successfully installed sentry-sdk-2.32.0
[OK] sentry-sdk==2.32.0
Collecting setproctitle==1.3.6
  Downloading setproctitle-1.3.6-cp310-cp310-manylinux_2_5_x86_64.manylinux1_x86_64.manylinux_2_17_x86_64.manylinux2014_x86_64.whl.metadata (10 kB)
Downloading setproctitle-1.3.6-cp310-cp310-manylinux_2_5_x86_64.manylinux1_x86_64.manylinux_2_17_x86_64.manylinux2014_x86_64.whl (30 kB)
Installing collected packages: setproctitle
Successfully installed setproctitle-1.3.6
[OK] setproctitle==1.3.6
Collecting shellingham==1.5.4
  Downloading shellingham-1.5.4-py2.py3-none-any.whl.metadata (3.5 kB)
Downloading shellingham-1.5.4-py2.py3-none-any.whl (9.8 kB)
Installing collected packages: shellingham
Successfully installed shellingham-1.5.4
[OK] shellingham==1.5.4
Collecting shortuuid==1.0.13
  Downloading shortuuid-1.0.13-py3-none-any.whl.metadata (5.8 kB)
Downloading shortuuid-1.0.13-py3-none-any.whl (10 kB)
Installing collected packages: shortuuid
Successfully installed shortuuid-1.0.13
[OK] shortuuid==1.0.13
Collecting shtab==1.7.2
  Downloading shtab-1.7.2-py3-none-any.whl.metadata (7.4 kB)
Downloading shtab-1.7.2-py3-none-any.whl (14 kB)
Installing collected packages: shtab
Successfully installed shtab-1.7.2
[OK] shtab==1.7.2
Requirement already satisfied: six==1.17.0 in /data1/pinci/anaconda3/envs/mllms_fine/lib/python3.10/site-packages (1.17.0)
[OK] six==1.17.0
Collecting smart_open==7.3.0.post1
  Downloading smart_open-7.3.0.post1-py3-none-any.whl.metadata (24 kB)
Collecting wrapt (from smart_open==7.3.0.post1)
  Downloading wrapt-2.0.0-cp310-cp310-manylinux1_x86_64.manylinux_2_28_x86_64.manylinux_2_5_x86_64.whl.metadata (8.8 kB)
Downloading smart_open-7.3.0.post1-py3-none-any.whl (61 kB)
Downloading wrapt-2.0.0-cp310-cp310-manylinux1_x86_64.manylinux_2_28_x86_64.manylinux_2_5_x86_64.whl (113 kB)
Installing collected packages: wrapt, smart_open

Successfully installed smart_open-7.3.0.post1 wrapt-2.0.0
[OK] smart_open==7.3.0.post1
Requirement already satisfied: smmap==5.0.2 in /data1/pinci/anaconda3/envs/mllms_fine/lib/python3.10/site-packages (5.0.2)
[OK] smmap==5.0.2
Requirement already satisfied: sniffio==1.3.1 in /data1/pinci/anaconda3/envs/mllms_fine/lib/python3.10/site-packages (1.3.1)
[OK] sniffio==1.3.1
Collecting spacy==3.7.6
  Downloading spacy-3.7.6-cp310-cp310-manylinux_2_17_x86_64.manylinux2014_x86_64.whl.metadata (27 kB)
Collecting spacy-legacy<3.1.0,>=3.0.11 (from spacy==3.7.6)
  Downloading spacy_legacy-3.0.12-py2.py3-none-any.whl.metadata (2.8 kB)
Collecting spacy-loggers<2.0.0,>=1.0.0 (from spacy==3.7.6)
  Downloading spacy_loggers-1.0.5-py3-none-any.whl.metadata (23 kB)
Requirement already satisfied: murmurhash<1.1.0,>=0.28.0 in /data1/pinci/anaconda3/envs/mllms_fine/lib/python3.10/site-packages (from spacy==3.7.6) (1.0.13)
Requirement already satisfied: cymem<2.1.0,>=2.0.2 in /data1/pinci/anaconda3/envs/mllms_fine/lib/python3.10/site-packages (from spacy==3.7.6) (2.0.11)
Requirement already satisfied: preshed<3.1.0,>=3.0.2 in /data1/pinci/anaconda3/envs/mllms_fine/lib/python3.10/site-packages (from spacy==3.7.6) (3.0.10)
Collecting thinc<8.3.0,>=8.2.2 (from spacy==3.7.6)
  Downloading thinc-8.2.5-cp310-cp310-manylinux_2_17_x86_64.manylinux2014_x86_64.whl.metadata (15 kB)
Collecting wasabi<1.2.0,>=0.9.1 (from spacy==3.7.6)
  Downloading wasabi-1.1.3-py3-none-any.whl.metadata (28 kB)
Requirement already satisfied: srsly<3.0.0,>=2.4.3 in /data1/pinci/anaconda3/envs/mllms_fine/lib/python3.10/site-packages (from spacy==3.7.6) (2.5.1)
Requirement already satisfied: catalogue<2.1.0,>=2.0.6 in /data1/pinci/anaconda3/envs/mllms_fine/lib/python3.10/site-packages (from spacy==3.7.6) (2.0.10)
Collecting weasel<0.5.0,>=0.1.0 (from spacy==3.7.6)
  Downloading weasel-0.4.1-py3-none-any.whl.metadata (4.6 kB)
Collecting typer<1.0.0,>=0.3.0 (from spacy==3.7.6)
  Downloading typer-0.20.0-py3-none-any.whl.metadata (16 kB)
Requirement already satisfied: tqdm<5.0.0,>=4.38.0 in /data1/pinci/anaconda3/envs/mllms_fine/lib/python3.10/site-packages (from spacy==3.7.6) (4.67.1)
Requirement already satisfied: requests<3.0.0,>=2.13.0 in /data1/pinci/anaconda3/envs/mllms_fine/lib/python3.10/site-packages (from spacy==3.7.6) (2.32.4)
Requirement already satisfied: pydantic!=1.8,!=1.8.1,<3.0.0,>=1.7.4 in /data1/pinci/anaconda3/envs/mllms_fine/lib/python3.10/site-packages (from spacy==3.7.6) (1.10.8)
Requirement already satisfied: jinja2 in /data1/pinci/anaconda3/envs/mllms_fine/lib/python3.10/site-packages (from spacy==3.7.6) (3.1.6)
Requirement already satisfied: setuptools in /data1/pinci/anaconda3/envs/mllms_fine/lib/python3.10/site-packages (from spacy==3.7.6) (80.9.0)
Requirement already satisfied: packaging>=20.0 in /data1/pinci/anaconda3/envs/mllms_fine/lib/python3.10/site-packages (from spacy==3.7.6) (25.0)
Requirement already satisfied: langcodes<4.0.0,>=3.2.0 in /data1/pinci/anaconda3/envs/mllms_fine/lib/python3.10/site-packages (from spacy==3.7.6) (3.5.0)
Requirement already satisfied: numpy>=1.19.0 in /data1/pinci/anaconda3/envs/mllms_fine/lib/python3.10/site-packages (from spacy==3.7.6) (1.26.1)
Requirement already satisfied: language-data>=1.2 in /data1/pinci/anaconda3/envs/mllms_fine/lib/python3.10/site-packages (from langcodes<4.0.0,>=3.2.0->spacy==3.7.6) (1.3.0)
Requirement already satisfied: typing-extensions>=4.2.0 in /data1/pinci/anaconda3/envs/mllms_fine/lib/python3.10/site-packages (from pydantic!=1.8,!=1.8.1,<3.0.0,>=1.7.4->spacy==3.7.6) (4.15.0)
Requirement already satisfied: charset_normalizer<4,>=2 in /data1/pinci/anaconda3/envs/mllms_fine/lib/python3.10/site-packages (from requests<3.0.0,>=2.13.0->spacy==3.7.6) (3.4.2)
Requirement already satisfied: idna<4,>=2.5 in /data1/pinci/anaconda3/envs/mllms_fine/lib/python3.10/site-packages (from requests<3.0.0,>=2.13.0->spacy==3.7.6) (3.10)
Requirement already satisfied: urllib3<3,>=1.21.1 in /data1/pinci/anaconda3/envs/mllms_fine/lib/python3.10/site-packages (from requests<3.0.0,>=2.13.0->spacy==3.7.6) (2.5.0)
Requirement already satisfied: certifi>=2017.4.17 in /data1/pinci/anaconda3/envs/mllms_fine/lib/python3.10/site-packages (from requests<3.0.0,>=2.13.0->spacy==3.7.6) (2025.6.15)
Requirement already satisfied: blis<0.8.0,>=0.7.8 in /data1/pinci/anaconda3/envs/mllms_fine/lib/python3.10/site-packages (from thinc<8.3.0,>=8.2.2->spacy==3.7.6) (0.7.11)
Requirement already satisfied: confection<1.0.0,>=0.0.1 in /data1/pinci/anaconda3/envs/mllms_fine/lib/python3.10/site-packages (from thinc<8.3.0,>=8.2.2->spacy==3.7.6) (0.1.5)
Requirement already satisfied: click>=8.0.0 in /data1/pinci/anaconda3/envs/mllms_fine/lib/python3.10/site-packages (from typer<1.0.0,>=0.3.0->spacy==3.7.6) (8.2.1)
Requirement already satisfied: shellingham>=1.3.0 in /data1/pinci/anaconda3/envs/mllms_fine/lib/python3.10/site-packages (from typer<1.0.0,>=0.3.0->spacy==3.7.6) (1.5.4)
Requirement already satisfied: rich>=10.11.0 in /data1/pinci/anaconda3/envs/mllms_fine/lib/python3.10/site-packages (from typer<1.0.0,>=0.3.0->spacy==3.7.6) (14.0.0)
Requirement already satisfied: cloudpathlib<1.0.0,>=0.7.0 in /data1/pinci/anaconda3/envs/mllms_fine/lib/python3.10/site-packages (from weasel<0.5.0,>=0.1.0->spacy==3.7.6) (0.21.1)
Requirement already satisfied: smart-open<8.0.0,>=5.2.1 in /data1/pinci/anaconda3/envs/mllms_fine/lib/python3.10/site-packages (from weasel<0.5.0,>=0.1.0->spacy==3.7.6) (7.3.0.post1)
Requirement already satisfied: wrapt in /data1/pinci/anaconda3/envs/mllms_fine/lib/python3.10/site-packages (from smart-open<8.0.0,>=5.2.1->weasel<0.5.0,>=0.1.0->spacy==3.7.6) (2.0.0)
Requirement already satisfied: marisa-trie>=1.1.0 in /data1/pinci/anaconda3/envs/mllms_fine/lib/python3.10/site-packages (from language-data>=1.2->langcodes<4.0.0,>=3.2.0->spacy==3.7.6) (1.2.1)
Requirement already satisfied: markdown-it-py>=2.2.0 in /data1/pinci/anaconda3/envs/mllms_fine/lib/python3.10/site-packages (from rich>=10.11.0->typer<1.0.0,>=0.3.0->spacy==3.7.6) (3.0.0)
Requirement already satisfied: pygments<3.0.0,>=2.13.0 in /data1/pinci/anaconda3/envs/mllms_fine/lib/python3.10/site-packages (from rich>=10.11.0->typer<1.0.0,>=0.3.0->spacy==3.7.6) (2.19.2)
Requirement already satisfied: mdurl~=0.1 in /data1/pinci/anaconda3/envs/mllms_fine/lib/python3.10/site-packages (from markdown-it-py>=2.2.0->rich>=10.11.0->typer<1.0.0,>=0.3.0->spacy==3.7.6) (0.1.2)
Requirement already satisfied: MarkupSafe>=2.0 in /data1/pinci/anaconda3/envs/mllms_fine/lib/python3.10/site-packages (from jinja2->spacy==3.7.6) (3.0.2)
WARNING: The candidate selected for download or install is a yanked version: 'spacy' candidate (version 3.7.6 at https://files.pythonhosted.org/packages/e0/70/99e35ffa162db57ddb20080243d07afe3031eb361035759c3124424569b0/spacy-3.7.6-cp310-cp310-manylinux_2_17_x86_64.manylinux2014_x86_64.whl (from https://pypi.org/simple/spacy/) (requires-python:>=3.7))
Reason for being yanked: Incorrect compatibility for transformer models
Downloading spacy-3.7.6-cp310-cp310-manylinux_2_17_x86_64.manylinux2014_x86_64.whl (29.0 MB)
   ━━━━━━━━━━━━━━━━━━━━━━━━━━━━━━━━━━━━━━━━ 29.0/29.0 MB 2.0 MB/s  0:00:14
Downloading spacy_legacy-3.0.12-py2.py3-none-any.whl (29 kB)
Downloading spacy_loggers-1.0.5-py3-none-any.whl (22 kB)
Downloading thinc-8.2.5-cp310-cp310-manylinux_2_17_x86_64.manylinux2014_x86_64.whl (922 kB)
   ━━━━━━━━━━━━━━━━━━━━━━━━━━━━━━━━━━━━━━━━ 922.4/922.4 kB 2.0 MB/s  0:00:00
Downloading typer-0.20.0-py3-none-any.whl (47 kB)
Downloading wasabi-1.1.3-py3-none-any.whl (27 kB)
Downloading weasel-0.4.1-py3-none-any.whl (50 kB)
Installing collected packages: wasabi, spacy-loggers, spacy-legacy, typer, thinc, weasel, spacy

Successfully installed spacy-3.7.6 spacy-legacy-3.0.12 spacy-loggers-1.0.5 thinc-8.2.5 typer-0.20.0 wasabi-1.1.3 weasel-0.4.1
[OK] spacy==3.7.6
Requirement already satisfied: spacy-legacy==3.0.12 in /data1/pinci/anaconda3/envs/mllms_fine/lib/python3.10/site-packages (3.0.12)
[OK] spacy-legacy==3.0.12
Requirement already satisfied: spacy-loggers==1.0.5 in /data1/pinci/anaconda3/envs/mllms_fine/lib/python3.10/site-packages (1.0.5)
[OK] spacy-loggers==1.0.5
Requirement already satisfied: srsly==2.5.1 in /data1/pinci/anaconda3/envs/mllms_fine/lib/python3.10/site-packages (2.5.1)
Requirement already satisfied: catalogue<2.1.0,>=2.0.3 in /data1/pinci/anaconda3/envs/mllms_fine/lib/python3.10/site-packages (from srsly==2.5.1) (2.0.10)
[OK] srsly==2.5.1
Requirement already satisfied: starlette==0.46.2 in /data1/pinci/anaconda3/envs/mllms_fine/lib/python3.10/site-packages (0.46.2)
Requirement already satisfied: anyio<5,>=3.6.2 in /data1/pinci/anaconda3/envs/mllms_fine/lib/python3.10/site-packages (from starlette==0.46.2) (4.9.0)
Requirement already satisfied: exceptiongroup>=1.0.2 in /data1/pinci/anaconda3/envs/mllms_fine/lib/python3.10/site-packages (from anyio<5,>=3.6.2->starlette==0.46.2) (1.3.0)
Requirement already satisfied: idna>=2.8 in /data1/pinci/anaconda3/envs/mllms_fine/lib/python3.10/site-packages (from anyio<5,>=3.6.2->starlette==0.46.2) (3.10)
Requirement already satisfied: sniffio>=1.1 in /data1/pinci/anaconda3/envs/mllms_fine/lib/python3.10/site-packages (from anyio<5,>=3.6.2->starlette==0.46.2) (1.3.1)
Requirement already satisfied: typing_extensions>=4.5 in /data1/pinci/anaconda3/envs/mllms_fine/lib/python3.10/site-packages (from anyio<5,>=3.6.2->starlette==0.46.2) (4.15.0)
[OK] starlette==0.46.2
Collecting statsmodels==0.14.5
  Downloading statsmodels-0.14.5-cp310-cp310-manylinux2014_x86_64.manylinux_2_17_x86_64.manylinux_2_28_x86_64.whl.metadata (9.5 kB)
Requirement already satisfied: numpy<3,>=1.22.3 in /data1/pinci/anaconda3/envs/mllms_fine/lib/python3.10/site-packages (from statsmodels==0.14.5) (1.26.1)
Requirement already satisfied: scipy!=1.9.2,>=1.8 in /data1/pinci/anaconda3/envs/mllms_fine/lib/python3.10/site-packages (from statsmodels==0.14.5) (1.11.4)
Requirement already satisfied: pandas!=2.1.0,>=1.4 in /data1/pinci/anaconda3/envs/mllms_fine/lib/python3.10/site-packages (from statsmodels==0.14.5) (2.3.0)
Requirement already satisfied: patsy>=0.5.6 in /data1/pinci/anaconda3/envs/mllms_fine/lib/python3.10/site-packages (from statsmodels==0.14.5) (1.0.1)
Requirement already satisfied: packaging>=21.3 in /data1/pinci/anaconda3/envs/mllms_fine/lib/python3.10/site-packages (from statsmodels==0.14.5) (25.0)
Requirement already satisfied: python-dateutil>=2.8.2 in /data1/pinci/anaconda3/envs/mllms_fine/lib/python3.10/site-packages (from pandas!=2.1.0,>=1.4->statsmodels==0.14.5) (2.9.0.post0)
Requirement already satisfied: pytz>=2020.1 in /data1/pinci/anaconda3/envs/mllms_fine/lib/python3.10/site-packages (from pandas!=2.1.0,>=1.4->statsmodels==0.14.5) (2025.2)
Requirement already satisfied: tzdata>=2022.7 in /data1/pinci/anaconda3/envs/mllms_fine/lib/python3.10/site-packages (from pandas!=2.1.0,>=1.4->statsmodels==0.14.5) (2025.2)
Requirement already satisfied: six>=1.5 in /data1/pinci/anaconda3/envs/mllms_fine/lib/python3.10/site-packages (from python-dateutil>=2.8.2->pandas!=2.1.0,>=1.4->statsmodels==0.14.5) (1.17.0)
Downloading statsmodels-0.14.5-cp310-cp310-manylinux2014_x86_64.manylinux_2_17_x86_64.manylinux_2_28_x86_64.whl (10.7 MB)
   ━━━━━━━━━━━━━━━━━━━━━━━━━━━━━━━━━━━━━━━━ 10.7/10.7 MB 1.9 MB/s  0:00:06
Installing collected packages: statsmodels
Successfully installed statsmodels-0.14.5
[OK] statsmodels==0.14.5
Collecting supervision==0.3.2
  Downloading supervision-0.3.2-py3-none-any.whl.metadata (6.2 kB)
Requirement already satisfied: numpy>=1.20.0 in /data1/pinci/anaconda3/envs/mllms_fine/lib/python3.10/site-packages (from supervision==0.3.2) (1.26.1)
Requirement already satisfied: opencv-python in /data1/pinci/anaconda3/envs/mllms_fine/lib/python3.10/site-packages (from supervision==0.3.2) (4.11.0.86)
Requirement already satisfied: matplotlib in /data1/pinci/anaconda3/envs/mllms_fine/lib/python3.10/site-packages (from supervision==0.3.2) (3.10.3)
Requirement already satisfied: contourpy>=1.0.1 in /data1/pinci/anaconda3/envs/mllms_fine/lib/python3.10/site-packages (from matplotlib->supervision==0.3.2) (1.3.2)
Requirement already satisfied: cycler>=0.10 in /data1/pinci/anaconda3/envs/mllms_fine/lib/python3.10/site-packages (from matplotlib->supervision==0.3.2) (0.12.1)
Requirement already satisfied: fonttools>=4.22.0 in /data1/pinci/anaconda3/envs/mllms_fine/lib/python3.10/site-packages (from matplotlib->supervision==0.3.2) (4.58.4)
Requirement already satisfied: kiwisolver>=1.3.1 in /data1/pinci/anaconda3/envs/mllms_fine/lib/python3.10/site-packages (from matplotlib->supervision==0.3.2) (1.4.8)
Requirement already satisfied: packaging>=20.0 in /data1/pinci/anaconda3/envs/mllms_fine/lib/python3.10/site-packages (from matplotlib->supervision==0.3.2) (25.0)
Requirement already satisfied: pillow>=8 in /data1/pinci/anaconda3/envs/mllms_fine/lib/python3.10/site-packages (from matplotlib->supervision==0.3.2) (11.2.1)
Requirement already satisfied: pyparsing>=2.3.1 in /data1/pinci/anaconda3/envs/mllms_fine/lib/python3.10/site-packages (from matplotlib->supervision==0.3.2) (3.2.3)
Requirement already satisfied: python-dateutil>=2.7 in /data1/pinci/anaconda3/envs/mllms_fine/lib/python3.10/site-packages (from matplotlib->supervision==0.3.2) (2.9.0.post0)
Requirement already satisfied: six>=1.5 in /data1/pinci/anaconda3/envs/mllms_fine/lib/python3.10/site-packages (from python-dateutil>=2.7->matplotlib->supervision==0.3.2) (1.17.0)
Downloading supervision-0.3.2-py3-none-any.whl (23 kB)
Installing collected packages: supervision
Successfully installed supervision-0.3.2
[OK] supervision==0.3.2
Collecting svgwrite==1.4.3
  Downloading svgwrite-1.4.3-py3-none-any.whl.metadata (8.8 kB)
Downloading svgwrite-1.4.3-py3-none-any.whl (67 kB)
Installing collected packages: svgwrite
Successfully installed svgwrite-1.4.3
[OK] svgwrite==1.4.3
Requirement already satisfied: sympy==1.14.0 in /data1/pinci/anaconda3/envs/mllms_fine/lib/python3.10/site-packages (1.14.0)
Requirement already satisfied: mpmath<1.4,>=1.1.0 in /data1/pinci/anaconda3/envs/mllms_fine/lib/python3.10/site-packages (from sympy==1.14.0) (1.3.0)
[OK] sympy==1.14.0
Requirement already satisfied: thinc==8.2.5 in /data1/pinci/anaconda3/envs/mllms_fine/lib/python3.10/site-packages (8.2.5)
Requirement already satisfied: blis<0.8.0,>=0.7.8 in /data1/pinci/anaconda3/envs/mllms_fine/lib/python3.10/site-packages (from thinc==8.2.5) (0.7.11)
Requirement already satisfied: murmurhash<1.1.0,>=1.0.2 in /data1/pinci/anaconda3/envs/mllms_fine/lib/python3.10/site-packages (from thinc==8.2.5) (1.0.13)
Requirement already satisfied: cymem<2.1.0,>=2.0.2 in /data1/pinci/anaconda3/envs/mllms_fine/lib/python3.10/site-packages (from thinc==8.2.5) (2.0.11)
Requirement already satisfied: preshed<3.1.0,>=3.0.2 in /data1/pinci/anaconda3/envs/mllms_fine/lib/python3.10/site-packages (from thinc==8.2.5) (3.0.10)
Requirement already satisfied: wasabi<1.2.0,>=0.8.1 in /data1/pinci/anaconda3/envs/mllms_fine/lib/python3.10/site-packages (from thinc==8.2.5) (1.1.3)
Requirement already satisfied: srsly<3.0.0,>=2.4.0 in /data1/pinci/anaconda3/envs/mllms_fine/lib/python3.10/site-packages (from thinc==8.2.5) (2.5.1)
Requirement already satisfied: catalogue<2.1.0,>=2.0.4 in /data1/pinci/anaconda3/envs/mllms_fine/lib/python3.10/site-packages (from thinc==8.2.5) (2.0.10)
Requirement already satisfied: confection<1.0.0,>=0.0.1 in /data1/pinci/anaconda3/envs/mllms_fine/lib/python3.10/site-packages (from thinc==8.2.5) (0.1.5)
Requirement already satisfied: setuptools in /data1/pinci/anaconda3/envs/mllms_fine/lib/python3.10/site-packages (from thinc==8.2.5) (80.9.0)
Requirement already satisfied: pydantic!=1.8,!=1.8.1,<3.0.0,>=1.7.4 in /data1/pinci/anaconda3/envs/mllms_fine/lib/python3.10/site-packages (from thinc==8.2.5) (1.10.8)
Requirement already satisfied: packaging>=20.0 in /data1/pinci/anaconda3/envs/mllms_fine/lib/python3.10/site-packages (from thinc==8.2.5) (25.0)
Requirement already satisfied: numpy<2.0.0,>=1.19.0 in /data1/pinci/anaconda3/envs/mllms_fine/lib/python3.10/site-packages (from thinc==8.2.5) (1.26.1)
Requirement already satisfied: typing-extensions>=4.2.0 in /data1/pinci/anaconda3/envs/mllms_fine/lib/python3.10/site-packages (from pydantic!=1.8,!=1.8.1,<3.0.0,>=1.7.4->thinc==8.2.5) (4.15.0)
[OK] thinc==8.2.5
Requirement already satisfied: threadpoolctl==3.6.0 in /data1/pinci/anaconda3/envs/mllms_fine/lib/python3.10/site-packages (3.6.0)
[OK] threadpoolctl==3.6.0
Requirement already satisfied: tifffile==2025.5.10 in /data1/pinci/anaconda3/envs/mllms_fine/lib/python3.10/site-packages (2025.5.10)
Requirement already satisfied: numpy in /data1/pinci/anaconda3/envs/mllms_fine/lib/python3.10/site-packages (from tifffile==2025.5.10) (1.26.1)
[OK] tifffile==2025.5.10
Collecting timm==1.0.16
  Downloading timm-1.0.16-py3-none-any.whl.metadata (57 kB)
Requirement already satisfied: torch in /data1/pinci/anaconda3/envs/mllms_fine/lib/python3.10/site-packages (from timm==1.0.16) (2.9.0)
Requirement already satisfied: torchvision in /data1/pinci/anaconda3/envs/mllms_fine/lib/python3.10/site-packages (from timm==1.0.16) (0.24.0)
Requirement already satisfied: pyyaml in /data1/pinci/anaconda3/envs/mllms_fine/lib/python3.10/site-packages (from timm==1.0.16) (6.0.2)
Requirement already satisfied: huggingface_hub in /data1/pinci/anaconda3/envs/mllms_fine/lib/python3.10/site-packages (from timm==1.0.16) (0.35.3)
Requirement already satisfied: safetensors in /data1/pinci/anaconda3/envs/mllms_fine/lib/python3.10/site-packages (from timm==1.0.16) (0.5.3)
Requirement already satisfied: filelock in /data1/pinci/anaconda3/envs/mllms_fine/lib/python3.10/site-packages (from huggingface_hub->timm==1.0.16) (3.18.0)
Requirement already satisfied: fsspec>=2023.5.0 in /data1/pinci/anaconda3/envs/mllms_fine/lib/python3.10/site-packages (from huggingface_hub->timm==1.0.16) (2023.10.0)
Requirement already satisfied: packaging>=20.9 in /data1/pinci/anaconda3/envs/mllms_fine/lib/python3.10/site-packages (from huggingface_hub->timm==1.0.16) (25.0)
Requirement already satisfied: requests in /data1/pinci/anaconda3/envs/mllms_fine/lib/python3.10/site-packages (from huggingface_hub->timm==1.0.16) (2.32.4)
Requirement already satisfied: tqdm>=4.42.1 in /data1/pinci/anaconda3/envs/mllms_fine/lib/python3.10/site-packages (from huggingface_hub->timm==1.0.16) (4.67.1)
Requirement already satisfied: typing-extensions>=3.7.4.3 in /data1/pinci/anaconda3/envs/mllms_fine/lib/python3.10/site-packages (from huggingface_hub->timm==1.0.16) (4.15.0)
Requirement already satisfied: hf-xet<2.0.0,>=1.1.3 in /data1/pinci/anaconda3/envs/mllms_fine/lib/python3.10/site-packages (from huggingface_hub->timm==1.0.16) (1.1.5)
Requirement already satisfied: charset_normalizer<4,>=2 in /data1/pinci/anaconda3/envs/mllms_fine/lib/python3.10/site-packages (from requests->huggingface_hub->timm==1.0.16) (3.4.2)
Requirement already satisfied: idna<4,>=2.5 in /data1/pinci/anaconda3/envs/mllms_fine/lib/python3.10/site-packages (from requests->huggingface_hub->timm==1.0.16) (3.10)
Requirement already satisfied: urllib3<3,>=1.21.1 in /data1/pinci/anaconda3/envs/mllms_fine/lib/python3.10/site-packages (from requests->huggingface_hub->timm==1.0.16) (2.5.0)
Requirement already satisfied: certifi>=2017.4.17 in /data1/pinci/anaconda3/envs/mllms_fine/lib/python3.10/site-packages (from requests->huggingface_hub->timm==1.0.16) (2025.6.15)
Requirement already satisfied: sympy>=1.13.3 in /data1/pinci/anaconda3/envs/mllms_fine/lib/python3.10/site-packages (from torch->timm==1.0.16) (1.14.0)
Requirement already satisfied: networkx>=2.5.1 in /data1/pinci/anaconda3/envs/mllms_fine/lib/python3.10/site-packages (from torch->timm==1.0.16) (3.4.2)
Requirement already satisfied: jinja2 in /data1/pinci/anaconda3/envs/mllms_fine/lib/python3.10/site-packages (from torch->timm==1.0.16) (3.1.6)
Requirement already satisfied: nvidia-cuda-nvrtc-cu12==12.8.93 in /data1/pinci/anaconda3/envs/mllms_fine/lib/python3.10/site-packages (from torch->timm==1.0.16) (12.8.93)
Requirement already satisfied: nvidia-cuda-runtime-cu12==12.8.90 in /data1/pinci/anaconda3/envs/mllms_fine/lib/python3.10/site-packages (from torch->timm==1.0.16) (12.8.90)
Requirement already satisfied: nvidia-cuda-cupti-cu12==12.8.90 in /data1/pinci/anaconda3/envs/mllms_fine/lib/python3.10/site-packages (from torch->timm==1.0.16) (12.8.90)
Requirement already satisfied: nvidia-cudnn-cu12==9.10.2.21 in /data1/pinci/anaconda3/envs/mllms_fine/lib/python3.10/site-packages (from torch->timm==1.0.16) (9.10.2.21)
Requirement already satisfied: nvidia-cublas-cu12==12.8.4.1 in /data1/pinci/anaconda3/envs/mllms_fine/lib/python3.10/site-packages (from torch->timm==1.0.16) (12.8.4.1)
Requirement already satisfied: nvidia-cufft-cu12==11.3.3.83 in /data1/pinci/anaconda3/envs/mllms_fine/lib/python3.10/site-packages (from torch->timm==1.0.16) (11.3.3.83)
Requirement already satisfied: nvidia-curand-cu12==10.3.9.90 in /data1/pinci/anaconda3/envs/mllms_fine/lib/python3.10/site-packages (from torch->timm==1.0.16) (10.3.9.90)
Requirement already satisfied: nvidia-cusolver-cu12==11.7.3.90 in /data1/pinci/anaconda3/envs/mllms_fine/lib/python3.10/site-packages (from torch->timm==1.0.16) (11.7.3.90)
Requirement already satisfied: nvidia-cusparse-cu12==12.5.8.93 in /data1/pinci/anaconda3/envs/mllms_fine/lib/python3.10/site-packages (from torch->timm==1.0.16) (12.5.8.93)
Requirement already satisfied: nvidia-cusparselt-cu12==0.7.1 in /data1/pinci/anaconda3/envs/mllms_fine/lib/python3.10/site-packages (from torch->timm==1.0.16) (0.7.1)
Requirement already satisfied: nvidia-nccl-cu12==2.27.5 in /data1/pinci/anaconda3/envs/mllms_fine/lib/python3.10/site-packages (from torch->timm==1.0.16) (2.27.5)
Requirement already satisfied: nvidia-nvshmem-cu12==3.3.20 in /data1/pinci/anaconda3/envs/mllms_fine/lib/python3.10/site-packages (from torch->timm==1.0.16) (3.3.20)
Requirement already satisfied: nvidia-nvtx-cu12==12.8.90 in /data1/pinci/anaconda3/envs/mllms_fine/lib/python3.10/site-packages (from torch->timm==1.0.16) (12.8.90)
Requirement already satisfied: nvidia-nvjitlink-cu12==12.8.93 in /data1/pinci/anaconda3/envs/mllms_fine/lib/python3.10/site-packages (from torch->timm==1.0.16) (12.8.93)
Requirement already satisfied: nvidia-cufile-cu12==1.13.1.3 in /data1/pinci/anaconda3/envs/mllms_fine/lib/python3.10/site-packages (from torch->timm==1.0.16) (1.13.1.3)
Requirement already satisfied: triton==3.5.0 in /data1/pinci/anaconda3/envs/mllms_fine/lib/python3.10/site-packages (from torch->timm==1.0.16) (3.5.0)
Requirement already satisfied: mpmath<1.4,>=1.1.0 in /data1/pinci/anaconda3/envs/mllms_fine/lib/python3.10/site-packages (from sympy>=1.13.3->torch->timm==1.0.16) (1.3.0)
Requirement already satisfied: MarkupSafe>=2.0 in /data1/pinci/anaconda3/envs/mllms_fine/lib/python3.10/site-packages (from jinja2->torch->timm==1.0.16) (3.0.2)
Requirement already satisfied: numpy in /data1/pinci/anaconda3/envs/mllms_fine/lib/python3.10/site-packages (from torchvision->timm==1.0.16) (1.26.1)
Requirement already satisfied: pillow!=8.3.*,>=5.3.0 in /data1/pinci/anaconda3/envs/mllms_fine/lib/python3.10/site-packages (from torchvision->timm==1.0.16) (11.2.1)
Downloading timm-1.0.16-py3-none-any.whl (2.5 MB)
   ━━━━━━━━━━━━━━━━━━━━━━━━━━━━━━━━━━━━━━━━ 2.5/2.5 MB 1.8 MB/s  0:00:01
Installing collected packages: timm
  Attempting uninstall: timm
    Found existing installation: timm 1.0.20
    Uninstalling timm-1.0.20:
      Successfully uninstalled timm-1.0.20
Successfully installed timm-1.0.16
[OK] timm==1.0.16
Collecting tokenizers==0.20.3
  Downloading tokenizers-0.20.3-cp310-cp310-manylinux_2_17_x86_64.manylinux2014_x86_64.whl.metadata (6.7 kB)
Requirement already satisfied: huggingface-hub<1.0,>=0.16.4 in /data1/pinci/anaconda3/envs/mllms_fine/lib/python3.10/site-packages (from tokenizers==0.20.3) (0.35.3)
Requirement already satisfied: filelock in /data1/pinci/anaconda3/envs/mllms_fine/lib/python3.10/site-packages (from huggingface-hub<1.0,>=0.16.4->tokenizers==0.20.3) (3.18.0)
Requirement already satisfied: fsspec>=2023.5.0 in /data1/pinci/anaconda3/envs/mllms_fine/lib/python3.10/site-packages (from huggingface-hub<1.0,>=0.16.4->tokenizers==0.20.3) (2023.10.0)
Requirement already satisfied: packaging>=20.9 in /data1/pinci/anaconda3/envs/mllms_fine/lib/python3.10/site-packages (from huggingface-hub<1.0,>=0.16.4->tokenizers==0.20.3) (25.0)
Requirement already satisfied: pyyaml>=5.1 in /data1/pinci/anaconda3/envs/mllms_fine/lib/python3.10/site-packages (from huggingface-hub<1.0,>=0.16.4->tokenizers==0.20.3) (6.0.2)
Requirement already satisfied: requests in /data1/pinci/anaconda3/envs/mllms_fine/lib/python3.10/site-packages (from huggingface-hub<1.0,>=0.16.4->tokenizers==0.20.3) (2.32.4)
Requirement already satisfied: tqdm>=4.42.1 in /data1/pinci/anaconda3/envs/mllms_fine/lib/python3.10/site-packages (from huggingface-hub<1.0,>=0.16.4->tokenizers==0.20.3) (4.67.1)
Requirement already satisfied: typing-extensions>=3.7.4.3 in /data1/pinci/anaconda3/envs/mllms_fine/lib/python3.10/site-packages (from huggingface-hub<1.0,>=0.16.4->tokenizers==0.20.3) (4.15.0)
Requirement already satisfied: hf-xet<2.0.0,>=1.1.3 in /data1/pinci/anaconda3/envs/mllms_fine/lib/python3.10/site-packages (from huggingface-hub<1.0,>=0.16.4->tokenizers==0.20.3) (1.1.5)
Requirement already satisfied: charset_normalizer<4,>=2 in /data1/pinci/anaconda3/envs/mllms_fine/lib/python3.10/site-packages (from requests->huggingface-hub<1.0,>=0.16.4->tokenizers==0.20.3) (3.4.2)
Requirement already satisfied: idna<4,>=2.5 in /data1/pinci/anaconda3/envs/mllms_fine/lib/python3.10/site-packages (from requests->huggingface-hub<1.0,>=0.16.4->tokenizers==0.20.3) (3.10)
Requirement already satisfied: urllib3<3,>=1.21.1 in /data1/pinci/anaconda3/envs/mllms_fine/lib/python3.10/site-packages (from requests->huggingface-hub<1.0,>=0.16.4->tokenizers==0.20.3) (2.5.0)
Requirement already satisfied: certifi>=2017.4.17 in /data1/pinci/anaconda3/envs/mllms_fine/lib/python3.10/site-packages (from requests->huggingface-hub<1.0,>=0.16.4->tokenizers==0.20.3) (2025.6.15)
Downloading tokenizers-0.20.3-cp310-cp310-manylinux_2_17_x86_64.manylinux2014_x86_64.whl (3.0 MB)
   ━━━━━━━━━━━━━━━━━━━━━━━━━━━━━━━━━━━━━━━━ 3.0/3.0 MB 1.9 MB/s  0:00:02
Installing collected packages: tokenizers
  Attempting uninstall: tokenizers
    Found existing installation: tokenizers 0.22.1
    Uninstalling tokenizers-0.22.1:
      Successfully uninstalled tokenizers-0.22.1
ERROR: pip's dependency resolver does not currently take into account all the packages that are installed. This behaviour is the source of the following dependency conflicts.
transformers 4.57.1 requires tokenizers<=0.23.0,>=0.22.0, but you have tokenizers 0.20.3 which is incompatible.
Successfully installed tokenizers-0.20.3
[OK] tokenizers==0.20.3
Collecting tomli==2.2.1
  Downloading tomli-2.2.1-py3-none-any.whl.metadata (10 kB)
Downloading tomli-2.2.1-py3-none-any.whl (14 kB)
Installing collected packages: tomli
Successfully installed tomli-2.2.1
[OK] tomli==2.2.1
ERROR: Could not find a version that satisfies the requirement torch==2.1.2+cu118 (from versions: 1.11.0, 1.12.0, 1.12.1, 1.13.0, 1.13.1, 2.0.0, 2.0.1, 2.1.0, 2.1.1, 2.1.2, 2.2.0, 2.2.1, 2.2.2, 2.3.0, 2.3.1, 2.4.0, 2.4.1, 2.5.0, 2.5.1, 2.6.0, 2.7.0, 2.7.1, 2.8.0, 2.9.0)
ERROR: No matching distribution found for torch==2.1.2+cu118
[FAILED] torch==2.1.2+cu118
ERROR: Ignored the following yanked versions: 0.1.6, 0.1.7, 0.1.8, 0.1.9, 0.2.0, 0.2.1, 0.2.2, 0.2.2.post2, 0.2.2.post3, 0.15.0
ERROR: Could not find a version that satisfies the requirement torchvision==0.16.2+cu118 (from versions: 0.12.0, 0.13.0, 0.13.1, 0.14.0, 0.14.1, 0.15.1, 0.15.2, 0.16.0, 0.16.1, 0.16.2, 0.17.0, 0.17.1, 0.17.2, 0.18.0, 0.18.1, 0.19.0, 0.19.1, 0.20.0, 0.20.1, 0.21.0, 0.22.0, 0.22.1, 0.23.0, 0.24.0)
ERROR: No matching distribution found for torchvision==0.16.2+cu118
[FAILED] torchvision==0.16.2+cu118
Requirement already satisfied: tqdm==4.67.1 in /data1/pinci/anaconda3/envs/mllms_fine/lib/python3.10/site-packages (4.67.1)
[OK] tqdm==4.67.1
Collecting transformers==4.46.0
  Downloading transformers-4.46.0-py3-none-any.whl.metadata (44 kB)
Requirement already satisfied: filelock in /data1/pinci/anaconda3/envs/mllms_fine/lib/python3.10/site-packages (from transformers==4.46.0) (3.18.0)
Requirement already satisfied: huggingface-hub<1.0,>=0.23.2 in /data1/pinci/anaconda3/envs/mllms_fine/lib/python3.10/site-packages (from transformers==4.46.0) (0.35.3)
Requirement already satisfied: numpy>=1.17 in /data1/pinci/anaconda3/envs/mllms_fine/lib/python3.10/site-packages (from transformers==4.46.0) (1.26.1)
Requirement already satisfied: packaging>=20.0 in /data1/pinci/anaconda3/envs/mllms_fine/lib/python3.10/site-packages (from transformers==4.46.0) (25.0)
Requirement already satisfied: pyyaml>=5.1 in /data1/pinci/anaconda3/envs/mllms_fine/lib/python3.10/site-packages (from transformers==4.46.0) (6.0.2)
Requirement already satisfied: regex!=2019.12.17 in /data1/pinci/anaconda3/envs/mllms_fine/lib/python3.10/site-packages (from transformers==4.46.0) (2024.11.6)
Requirement already satisfied: requests in /data1/pinci/anaconda3/envs/mllms_fine/lib/python3.10/site-packages (from transformers==4.46.0) (2.32.4)
Requirement already satisfied: safetensors>=0.4.1 in /data1/pinci/anaconda3/envs/mllms_fine/lib/python3.10/site-packages (from transformers==4.46.0) (0.5.3)
Requirement already satisfied: tokenizers<0.21,>=0.20 in /data1/pinci/anaconda3/envs/mllms_fine/lib/python3.10/site-packages (from transformers==4.46.0) (0.20.3)
Requirement already satisfied: tqdm>=4.27 in /data1/pinci/anaconda3/envs/mllms_fine/lib/python3.10/site-packages (from transformers==4.46.0) (4.67.1)
Requirement already satisfied: fsspec>=2023.5.0 in /data1/pinci/anaconda3/envs/mllms_fine/lib/python3.10/site-packages (from huggingface-hub<1.0,>=0.23.2->transformers==4.46.0) (2023.10.0)
Requirement already satisfied: typing-extensions>=3.7.4.3 in /data1/pinci/anaconda3/envs/mllms_fine/lib/python3.10/site-packages (from huggingface-hub<1.0,>=0.23.2->transformers==4.46.0) (4.15.0)
Requirement already satisfied: hf-xet<2.0.0,>=1.1.3 in /data1/pinci/anaconda3/envs/mllms_fine/lib/python3.10/site-packages (from huggingface-hub<1.0,>=0.23.2->transformers==4.46.0) (1.1.5)
Requirement already satisfied: charset_normalizer<4,>=2 in /data1/pinci/anaconda3/envs/mllms_fine/lib/python3.10/site-packages (from requests->transformers==4.46.0) (3.4.2)
Requirement already satisfied: idna<4,>=2.5 in /data1/pinci/anaconda3/envs/mllms_fine/lib/python3.10/site-packages (from requests->transformers==4.46.0) (3.10)
Requirement already satisfied: urllib3<3,>=1.21.1 in /data1/pinci/anaconda3/envs/mllms_fine/lib/python3.10/site-packages (from requests->transformers==4.46.0) (2.5.0)
Requirement already satisfied: certifi>=2017.4.17 in /data1/pinci/anaconda3/envs/mllms_fine/lib/python3.10/site-packages (from requests->transformers==4.46.0) (2025.6.15)
WARNING: The candidate selected for download or install is a yanked version: 'transformers' candidate (version 4.46.0 at https://files.pythonhosted.org/packages/db/88/1ef8a624a33d7fe460a686b9e0194a7916320fc0d67d4e38e570beeac039/transformers-4.46.0-py3-none-any.whl (from https://pypi.org/simple/transformers/) (requires-python:>=3.8.0))
Reason for being yanked: This version unfortunately does not work with 3.8 but we did not drop the support yet
Downloading transformers-4.46.0-py3-none-any.whl (10.0 MB)
   ━━━━━━━━━━━━━━━━━━━━━━━━━━━━━━━━━━━━━━━━ 10.0/10.0 MB 38.0 kB/s  0:04:07
Installing collected packages: transformers
  Attempting uninstall: transformers
    Found existing installation: transformers 4.57.1
    Uninstalling transformers-4.57.1:
      Successfully uninstalled transformers-4.57.1
Successfully installed transformers-4.46.0
[OK] transformers==4.46.0
Collecting triton==2.1.0
  Downloading triton-2.1.0-0-cp310-cp310-manylinux2014_x86_64.manylinux_2_17_x86_64.whl.metadata (1.3 kB)
Requirement already satisfied: filelock in /data1/pinci/anaconda3/envs/mllms_fine/lib/python3.10/site-packages (from triton==2.1.0) (3.18.0)
Downloading triton-2.1.0-0-cp310-cp310-manylinux2014_x86_64.manylinux_2_17_x86_64.whl (89.2 MB)
   ━━━━━━━━━━━━━━━━━━━━━━━━━━━━━━━━━━━━━━━━ 89.2/89.2 MB 2.0 MB/s  0:00:45
Installing collected packages: triton
  Attempting uninstall: triton
    Found existing installation: triton 3.5.0
    Uninstalling triton-3.5.0:
      Successfully uninstalled triton-3.5.0
ERROR: pip's dependency resolver does not currently take into account all the packages that are installed. This behaviour is the source of the following dependency conflicts.
torch 2.9.0 requires triton==3.5.0; platform_system == "Linux" and platform_machine == "x86_64", but you have triton 2.1.0 which is incompatible.
Successfully installed triton-2.1.0
[OK] triton==2.1.0
Collecting typeguard==4.4.4
  Downloading typeguard-4.4.4-py3-none-any.whl.metadata (3.3 kB)
Requirement already satisfied: typing_extensions>=4.14.0 in /data1/pinci/anaconda3/envs/mllms_fine/lib/python3.10/site-packages (from typeguard==4.4.4) (4.15.0)
Downloading typeguard-4.4.4-py3-none-any.whl (34 kB)
Installing collected packages: typeguard
Successfully installed typeguard-4.4.4
[OK] typeguard==4.4.4
Collecting typer==0.16.0
  Downloading typer-0.16.0-py3-none-any.whl.metadata (15 kB)
Requirement already satisfied: click>=8.0.0 in /data1/pinci/anaconda3/envs/mllms_fine/lib/python3.10/site-packages (from typer==0.16.0) (8.2.1)
Requirement already satisfied: typing-extensions>=3.7.4.3 in /data1/pinci/anaconda3/envs/mllms_fine/lib/python3.10/site-packages (from typer==0.16.0) (4.15.0)
Requirement already satisfied: shellingham>=1.3.0 in /data1/pinci/anaconda3/envs/mllms_fine/lib/python3.10/site-packages (from typer==0.16.0) (1.5.4)
Requirement already satisfied: rich>=10.11.0 in /data1/pinci/anaconda3/envs/mllms_fine/lib/python3.10/site-packages (from typer==0.16.0) (14.0.0)
Requirement already satisfied: markdown-it-py>=2.2.0 in /data1/pinci/anaconda3/envs/mllms_fine/lib/python3.10/site-packages (from rich>=10.11.0->typer==0.16.0) (3.0.0)
Requirement already satisfied: pygments<3.0.0,>=2.13.0 in /data1/pinci/anaconda3/envs/mllms_fine/lib/python3.10/site-packages (from rich>=10.11.0->typer==0.16.0) (2.19.2)
Requirement already satisfied: mdurl~=0.1 in /data1/pinci/anaconda3/envs/mllms_fine/lib/python3.10/site-packages (from markdown-it-py>=2.2.0->rich>=10.11.0->typer==0.16.0) (0.1.2)
Downloading typer-0.16.0-py3-none-any.whl (46 kB)
Installing collected packages: typer
  Attempting uninstall: typer
    Found existing installation: typer 0.20.0
    Uninstalling typer-0.20.0:
      Successfully uninstalled typer-0.20.0
Successfully installed typer-0.16.0
[OK] typer==0.16.0
Collecting typing-inspection==0.4.1
  Downloading typing_inspection-0.4.1-py3-none-any.whl.metadata (2.6 kB)
Requirement already satisfied: typing-extensions>=4.12.0 in /data1/pinci/anaconda3/envs/mllms_fine/lib/python3.10/site-packages (from typing-inspection==0.4.1) (4.15.0)
Downloading typing_inspection-0.4.1-py3-none-any.whl (14 kB)
Installing collected packages: typing-inspection
  Attempting uninstall: typing-inspection
    Found existing installation: typing-inspection 0.4.2
    Uninstalling typing-inspection-0.4.2:
      Successfully uninstalled typing-inspection-0.4.2
Successfully installed typing-inspection-0.4.1
[OK] typing-inspection==0.4.1
Collecting typing_extensions==4.14.0
  Downloading typing_extensions-4.14.0-py3-none-any.whl.metadata (3.0 kB)
Downloading typing_extensions-4.14.0-py3-none-any.whl (43 kB)
Installing collected packages: typing_extensions
  Attempting uninstall: typing_extensions
    Found existing installation: typing_extensions 4.15.0
    Uninstalling typing_extensions-4.15.0:
      Successfully uninstalled typing_extensions-4.15.0
ERROR: pip's dependency resolver does not currently take into account all the packages that are installed. This behaviour is the source of the following dependency conflicts.
torch 2.9.0 requires triton==3.5.0; platform_system == "Linux" and platform_machine == "x86_64", but you have triton 2.1.0 which is incompatible.
Successfully installed typing_extensions-4.14.0
[OK] typing_extensions==4.14.0
Collecting tyro==0.9.25
  Downloading tyro-0.9.25-py3-none-any.whl.metadata (12 kB)
Requirement already satisfied: docstring-parser>=0.15 in /data1/pinci/anaconda3/envs/mllms_fine/lib/python3.10/site-packages (from tyro==0.9.25) (0.16)
Requirement already satisfied: rich>=11.1.0 in /data1/pinci/anaconda3/envs/mllms_fine/lib/python3.10/site-packages (from tyro==0.9.25) (14.0.0)
Requirement already satisfied: shtab>=1.5.6 in /data1/pinci/anaconda3/envs/mllms_fine/lib/python3.10/site-packages (from tyro==0.9.25) (1.7.2)
Requirement already satisfied: typeguard>=4.0.0 in /data1/pinci/anaconda3/envs/mllms_fine/lib/python3.10/site-packages (from tyro==0.9.25) (4.4.4)
Requirement already satisfied: typing-extensions>=4.13.0 in /data1/pinci/anaconda3/envs/mllms_fine/lib/python3.10/site-packages (from tyro==0.9.25) (4.14.0)
Requirement already satisfied: markdown-it-py>=2.2.0 in /data1/pinci/anaconda3/envs/mllms_fine/lib/python3.10/site-packages (from rich>=11.1.0->tyro==0.9.25) (3.0.0)
Requirement already satisfied: pygments<3.0.0,>=2.13.0 in /data1/pinci/anaconda3/envs/mllms_fine/lib/python3.10/site-packages (from rich>=11.1.0->tyro==0.9.25) (2.19.2)
Requirement already satisfied: mdurl~=0.1 in /data1/pinci/anaconda3/envs/mllms_fine/lib/python3.10/site-packages (from markdown-it-py>=2.2.0->rich>=11.1.0->tyro==0.9.25) (0.1.2)
Downloading tyro-0.9.25-py3-none-any.whl (128 kB)
Installing collected packages: tyro
Successfully installed tyro-0.9.25
[OK] tyro==0.9.25
Requirement already satisfied: tzdata==2025.2 in /data1/pinci/anaconda3/envs/mllms_fine/lib/python3.10/site-packages (2025.2)
[OK] tzdata==2025.2
Collecting urllib3==1.26.20
  Downloading urllib3-1.26.20-py2.py3-none-any.whl.metadata (50 kB)
Downloading urllib3-1.26.20-py2.py3-none-any.whl (144 kB)
Installing collected packages: urllib3
  Attempting uninstall: urllib3
    Found existing installation: urllib3 2.5.0
    Uninstalling urllib3-2.5.0:
      Successfully uninstalled urllib3-2.5.0
Successfully installed urllib3-1.26.20
[OK] urllib3==1.26.20
Collecting uvicorn==0.35.0
  Downloading uvicorn-0.35.0-py3-none-any.whl.metadata (6.5 kB)
Requirement already satisfied: click>=7.0 in /data1/pinci/anaconda3/envs/mllms_fine/lib/python3.10/site-packages (from uvicorn==0.35.0) (8.2.1)
Requirement already satisfied: h11>=0.8 in /data1/pinci/anaconda3/envs/mllms_fine/lib/python3.10/site-packages (from uvicorn==0.35.0) (0.14.0)
Requirement already satisfied: typing-extensions>=4.0 in /data1/pinci/anaconda3/envs/mllms_fine/lib/python3.10/site-packages (from uvicorn==0.35.0) (4.14.0)
Downloading uvicorn-0.35.0-py3-none-any.whl (66 kB)
Installing collected packages: uvicorn
Successfully installed uvicorn-0.35.0
[OK] uvicorn==0.35.0
Collecting wandb==0.20.1
  Downloading wandb-0.20.1-py3-none-manylinux_2_17_x86_64.manylinux2014_x86_64.whl.metadata (10 kB)
Requirement already satisfied: click!=8.0.0,>=7.1 in /data1/pinci/anaconda3/envs/mllms_fine/lib/python3.10/site-packages (from wandb==0.20.1) (8.2.1)
Requirement already satisfied: gitpython!=3.1.29,>=1.0.0 in /data1/pinci/anaconda3/envs/mllms_fine/lib/python3.10/site-packages (from wandb==0.20.1) (3.1.44)
Requirement already satisfied: packaging in /data1/pinci/anaconda3/envs/mllms_fine/lib/python3.10/site-packages (from wandb==0.20.1) (25.0)
Requirement already satisfied: platformdirs in /data1/pinci/anaconda3/envs/mllms_fine/lib/python3.10/site-packages (from wandb==0.20.1) (4.3.8)
Requirement already satisfied: protobuf!=4.21.0,!=5.28.0,<7,>=3.19.0 in /data1/pinci/anaconda3/envs/mllms_fine/lib/python3.10/site-packages (from wandb==0.20.1) (6.32.1)
Requirement already satisfied: psutil>=5.0.0 in /data1/pinci/anaconda3/envs/mllms_fine/lib/python3.10/site-packages (from wandb==0.20.1) (7.0.0)
Requirement already satisfied: pydantic<3 in /data1/pinci/anaconda3/envs/mllms_fine/lib/python3.10/site-packages (from wandb==0.20.1) (1.10.8)
Requirement already satisfied: pyyaml in /data1/pinci/anaconda3/envs/mllms_fine/lib/python3.10/site-packages (from wandb==0.20.1) (6.0.2)
Requirement already satisfied: requests<3,>=2.0.0 in /data1/pinci/anaconda3/envs/mllms_fine/lib/python3.10/site-packages (from wandb==0.20.1) (2.32.4)
Requirement already satisfied: sentry-sdk>=2.0.0 in /data1/pinci/anaconda3/envs/mllms_fine/lib/python3.10/site-packages (from wandb==0.20.1) (2.32.0)
Requirement already satisfied: setproctitle in /data1/pinci/anaconda3/envs/mllms_fine/lib/python3.10/site-packages (from wandb==0.20.1) (1.3.6)
Requirement already satisfied: typing-extensions<5,>=4.8 in /data1/pinci/anaconda3/envs/mllms_fine/lib/python3.10/site-packages (from wandb==0.20.1) (4.14.0)
Requirement already satisfied: charset_normalizer<4,>=2 in /data1/pinci/anaconda3/envs/mllms_fine/lib/python3.10/site-packages (from requests<3,>=2.0.0->wandb==0.20.1) (3.4.2)
Requirement already satisfied: idna<4,>=2.5 in /data1/pinci/anaconda3/envs/mllms_fine/lib/python3.10/site-packages (from requests<3,>=2.0.0->wandb==0.20.1) (3.10)
Requirement already satisfied: urllib3<3,>=1.21.1 in /data1/pinci/anaconda3/envs/mllms_fine/lib/python3.10/site-packages (from requests<3,>=2.0.0->wandb==0.20.1) (1.26.20)
Requirement already satisfied: certifi>=2017.4.17 in /data1/pinci/anaconda3/envs/mllms_fine/lib/python3.10/site-packages (from requests<3,>=2.0.0->wandb==0.20.1) (2025.6.15)
Requirement already satisfied: gitdb<5,>=4.0.1 in /data1/pinci/anaconda3/envs/mllms_fine/lib/python3.10/site-packages (from gitpython!=3.1.29,>=1.0.0->wandb==0.20.1) (4.0.12)
Requirement already satisfied: smmap<6,>=3.0.1 in /data1/pinci/anaconda3/envs/mllms_fine/lib/python3.10/site-packages (from gitdb<5,>=4.0.1->gitpython!=3.1.29,>=1.0.0->wandb==0.20.1) (5.0.2)
Downloading wandb-0.20.1-py3-none-manylinux_2_17_x86_64.manylinux2014_x86_64.whl (23.2 MB)
   ━━━━━━━━━━━━━━━━━━━━━━━━━━━━━━━━━━━━━━━━ 23.2/23.2 MB 2.0 MB/s  0:00:12
Installing collected packages: wandb
Successfully installed wandb-0.20.1
[OK] wandb==0.20.1
Requirement already satisfied: wasabi==1.1.3 in /data1/pinci/anaconda3/envs/mllms_fine/lib/python3.10/site-packages (1.1.3)
[OK] wasabi==1.1.3
Collecting wavedrom==2.0.3.post3
  Downloading wavedrom-2.0.3.post3.tar.gz (137 kB)
  Preparing metadata (setup.py): started
  Preparing metadata (setup.py): finished with status 'done'
Requirement already satisfied: svgwrite in /data1/pinci/anaconda3/envs/mllms_fine/lib/python3.10/site-packages (from wavedrom==2.0.3.post3) (1.4.3)
Requirement already satisfied: six in /data1/pinci/anaconda3/envs/mllms_fine/lib/python3.10/site-packages (from wavedrom==2.0.3.post3) (1.17.0)
Requirement already satisfied: pyyaml in /data1/pinci/anaconda3/envs/mllms_fine/lib/python3.10/site-packages (from wavedrom==2.0.3.post3) (6.0.2)
Building wheels for collected packages: wavedrom
  DEPRECATION: Building 'wavedrom' using the legacy setup.py bdist_wheel mechanism, which will be removed in a future version. pip 25.3 will enforce this behaviour change. A possible replacement is to use the standardized build interface by setting the `--use-pep517` option, (possibly combined with `--no-build-isolation`), or adding a `pyproject.toml` file to the source tree of 'wavedrom'. Discussion can be found at https://github.com/pypa/pip/issues/6334
  Building wheel for wavedrom (setup.py): started
  Building wheel for wavedrom (setup.py): finished with status 'done'
  Created wheel for wavedrom: filename=wavedrom-2.0.3.post3-py2.py3-none-any.whl size=30233 sha256=76432ada25c7cd60ad48778436747310b5ccd83562cf29db4118c934fa508808
  Stored in directory: /home/pinci/.cache/pip/wheels/9c/52/8c/38b454b42f712f325e26f633287484c7dc1ad469e1580c5954
Successfully built wavedrom
Installing collected packages: wavedrom
Successfully installed wavedrom-2.0.3.post3
[OK] wavedrom==2.0.3.post3
Collecting wcwidth==0.2.13
  Downloading wcwidth-0.2.13-py2.py3-none-any.whl.metadata (14 kB)
Downloading wcwidth-0.2.13-py2.py3-none-any.whl (34 kB)
Installing collected packages: wcwidth
  Attempting uninstall: wcwidth
    Found existing installation: wcwidth 0.2.14
    Uninstalling wcwidth-0.2.14:
      Successfully uninstalled wcwidth-0.2.14
Successfully installed wcwidth-0.2.13
[OK] wcwidth==0.2.13
Requirement already satisfied: weasel==0.4.1 in /data1/pinci/anaconda3/envs/mllms_fine/lib/python3.10/site-packages (0.4.1)
Requirement already satisfied: confection<0.2.0,>=0.0.4 in /data1/pinci/anaconda3/envs/mllms_fine/lib/python3.10/site-packages (from weasel==0.4.1) (0.1.5)
Requirement already satisfied: packaging>=20.0 in /data1/pinci/anaconda3/envs/mllms_fine/lib/python3.10/site-packages (from weasel==0.4.1) (25.0)
Requirement already satisfied: wasabi<1.2.0,>=0.9.1 in /data1/pinci/anaconda3/envs/mllms_fine/lib/python3.10/site-packages (from weasel==0.4.1) (1.1.3)
Requirement already satisfied: srsly<3.0.0,>=2.4.3 in /data1/pinci/anaconda3/envs/mllms_fine/lib/python3.10/site-packages (from weasel==0.4.1) (2.5.1)
Requirement already satisfied: typer<1.0.0,>=0.3.0 in /data1/pinci/anaconda3/envs/mllms_fine/lib/python3.10/site-packages (from weasel==0.4.1) (0.16.0)
Requirement already satisfied: cloudpathlib<1.0.0,>=0.7.0 in /data1/pinci/anaconda3/envs/mllms_fine/lib/python3.10/site-packages (from weasel==0.4.1) (0.21.1)
Requirement already satisfied: smart-open<8.0.0,>=5.2.1 in /data1/pinci/anaconda3/envs/mllms_fine/lib/python3.10/site-packages (from weasel==0.4.1) (7.3.0.post1)
Requirement already satisfied: requests<3.0.0,>=2.13.0 in /data1/pinci/anaconda3/envs/mllms_fine/lib/python3.10/site-packages (from weasel==0.4.1) (2.32.4)
Requirement already satisfied: pydantic!=1.8,!=1.8.1,<3.0.0,>=1.7.4 in /data1/pinci/anaconda3/envs/mllms_fine/lib/python3.10/site-packages (from weasel==0.4.1) (1.10.8)
Requirement already satisfied: typing-extensions>4 in /data1/pinci/anaconda3/envs/mllms_fine/lib/python3.10/site-packages (from cloudpathlib<1.0.0,>=0.7.0->weasel==0.4.1) (4.14.0)
Requirement already satisfied: charset_normalizer<4,>=2 in /data1/pinci/anaconda3/envs/mllms_fine/lib/python3.10/site-packages (from requests<3.0.0,>=2.13.0->weasel==0.4.1) (3.4.2)
Requirement already satisfied: idna<4,>=2.5 in /data1/pinci/anaconda3/envs/mllms_fine/lib/python3.10/site-packages (from requests<3.0.0,>=2.13.0->weasel==0.4.1) (3.10)
Requirement already satisfied: urllib3<3,>=1.21.1 in /data1/pinci/anaconda3/envs/mllms_fine/lib/python3.10/site-packages (from requests<3.0.0,>=2.13.0->weasel==0.4.1) (1.26.20)
Requirement already satisfied: certifi>=2017.4.17 in /data1/pinci/anaconda3/envs/mllms_fine/lib/python3.10/site-packages (from requests<3.0.0,>=2.13.0->weasel==0.4.1) (2025.6.15)
Requirement already satisfied: wrapt in /data1/pinci/anaconda3/envs/mllms_fine/lib/python3.10/site-packages (from smart-open<8.0.0,>=5.2.1->weasel==0.4.1) (2.0.0)
Requirement already satisfied: catalogue<2.1.0,>=2.0.3 in /data1/pinci/anaconda3/envs/mllms_fine/lib/python3.10/site-packages (from srsly<3.0.0,>=2.4.3->weasel==0.4.1) (2.0.10)
Requirement already satisfied: click>=8.0.0 in /data1/pinci/anaconda3/envs/mllms_fine/lib/python3.10/site-packages (from typer<1.0.0,>=0.3.0->weasel==0.4.1) (8.2.1)
Requirement already satisfied: shellingham>=1.3.0 in /data1/pinci/anaconda3/envs/mllms_fine/lib/python3.10/site-packages (from typer<1.0.0,>=0.3.0->weasel==0.4.1) (1.5.4)
Requirement already satisfied: rich>=10.11.0 in /data1/pinci/anaconda3/envs/mllms_fine/lib/python3.10/site-packages (from typer<1.0.0,>=0.3.0->weasel==0.4.1) (14.0.0)
Requirement already satisfied: markdown-it-py>=2.2.0 in /data1/pinci/anaconda3/envs/mllms_fine/lib/python3.10/site-packages (from rich>=10.11.0->typer<1.0.0,>=0.3.0->weasel==0.4.1) (3.0.0)
Requirement already satisfied: pygments<3.0.0,>=2.13.0 in /data1/pinci/anaconda3/envs/mllms_fine/lib/python3.10/site-packages (from rich>=10.11.0->typer<1.0.0,>=0.3.0->weasel==0.4.1) (2.19.2)
Requirement already satisfied: mdurl~=0.1 in /data1/pinci/anaconda3/envs/mllms_fine/lib/python3.10/site-packages (from markdown-it-py>=2.2.0->rich>=10.11.0->typer<1.0.0,>=0.3.0->weasel==0.4.1) (0.1.2)
[OK] weasel==0.4.1
Requirement already satisfied: websockets==15.0.1 in /data1/pinci/anaconda3/envs/mllms_fine/lib/python3.10/site-packages (15.0.1)
[OK] websockets==15.0.1
Collecting wrapt==1.17.2
  Downloading wrapt-1.17.2-cp310-cp310-manylinux_2_5_x86_64.manylinux1_x86_64.manylinux_2_17_x86_64.manylinux2014_x86_64.whl.metadata (6.4 kB)
Downloading wrapt-1.17.2-cp310-cp310-manylinux_2_5_x86_64.manylinux1_x86_64.manylinux_2_17_x86_64.manylinux2014_x86_64.whl (82 kB)
Installing collected packages: wrapt
  Attempting uninstall: wrapt
    Found existing installation: wrapt 2.0.0
    Uninstalling wrapt-2.0.0:
      Successfully uninstalled wrapt-2.0.0
Successfully installed wrapt-1.17.2
[OK] wrapt==1.17.2
Collecting xxhash==3.5.0
  Downloading xxhash-3.5.0-cp310-cp310-manylinux_2_17_x86_64.manylinux2014_x86_64.whl.metadata (12 kB)
Downloading xxhash-3.5.0-cp310-cp310-manylinux_2_17_x86_64.manylinux2014_x86_64.whl (194 kB)
Installing collected packages: xxhash
  Attempting uninstall: xxhash
    Found existing installation: xxhash 3.6.0
    Uninstalling xxhash-3.6.0:
      Successfully uninstalled xxhash-3.6.0
Successfully installed xxhash-3.5.0
[OK] xxhash==3.5.0
Collecting yapf==0.43.0
  Using cached yapf-0.43.0-py3-none-any.whl.metadata (46 kB)
Requirement already satisfied: platformdirs>=3.5.1 in /data1/pinci/anaconda3/envs/mllms_fine/lib/python3.10/site-packages (from yapf==0.43.0) (4.3.8)
Requirement already satisfied: tomli>=2.0.1 in /data1/pinci/anaconda3/envs/mllms_fine/lib/python3.10/site-packages (from yapf==0.43.0) (2.2.1)
Using cached yapf-0.43.0-py3-none-any.whl (256 kB)
Installing collected packages: yapf
Successfully installed yapf-0.43.0
[OK] yapf==0.43.0
Collecting yarl==1.20.1
  Downloading yarl-1.20.1-cp310-cp310-manylinux_2_17_x86_64.manylinux2014_x86_64.whl.metadata (73 kB)
Requirement already satisfied: idna>=2.0 in /data1/pinci/anaconda3/envs/mllms_fine/lib/python3.10/site-packages (from yarl==1.20.1) (3.10)
Requirement already satisfied: multidict>=4.0 in /data1/pinci/anaconda3/envs/mllms_fine/lib/python3.10/site-packages (from yarl==1.20.1) (6.6.3)
Requirement already satisfied: propcache>=0.2.1 in /data1/pinci/anaconda3/envs/mllms_fine/lib/python3.10/site-packages (from yarl==1.20.1) (0.3.2)
Requirement already satisfied: typing-extensions>=4.1.0 in /data1/pinci/anaconda3/envs/mllms_fine/lib/python3.10/site-packages (from multidict>=4.0->yarl==1.20.1) (4.14.0)
Downloading yarl-1.20.1-cp310-cp310-manylinux_2_17_x86_64.manylinux2014_x86_64.whl (326 kB)
Installing collected packages: yarl
  Attempting uninstall: yarl
    Found existing installation: yarl 1.22.0
    Uninstalling yarl-1.22.0:
      Successfully uninstalled yarl-1.22.0
Successfully installed yarl-1.20.1
[OK] yarl==1.20.1
